Iteration	Posterior	Likelihood	Prior	rate_log_sd	tree_length
0	-5694.419	-5922.111	227.6922	2.215707	0.4671267
6	-8443.552	-8672.997	229.445	0.4475169	0.5998394
12	-5413.716	-5641.372	227.6561	1.983711	0.9628013
18	-5664.372	-5892.372	227.9995	1.478165	1.119057
24	-6101.089	-6329.543	228.4543	1.365878	0.7430318
30	-8128.807	-8358.084	229.2774	0.6008863	0.3841513
36	-7578.86	-7808.101	229.2417	0.6008863	0.7070194
42	-6773.197	-7001.569	228.3714	1.508009	0.3860624
48	-7157.456	-7386.225	228.7689	0.2417528	1.498579
54	-9576.131	-9805.877	229.7453	0.08176255	0.3229025
60	-6552.515	-6781.243	228.7285	0.9551938	0.9158506
66	-6507.354	-6735.716	228.362	0.7852944	1.394117
72	-6759.705	-6987.836	228.131	0.2479524	1.944749
78	-6061.017	-6289.303	228.2864	1.467931	0.8332901
84	-4812.648	-5039.17	226.5218	2.554114	1.449218
90	-4872.393	-5097.232	224.8383	1.254106	3.361643
96	-5940.937	-6169.302	228.3657	1.52928	0.5920898
102	-5630.707	-5858.589	227.8813	2.01652	0.425413
108	-5238.085	-5465.686	227.6014	1.538404	1.399972
114	-4823.856	-5049.716	225.8603	2.974161	1.628107
120	-4962.803	-5189.426	226.6236	3.285278	0.5259768
126	-6960.109	-7187.798	227.6893	1.842637	0.1809748
132	-8315.359	-8544.722	229.3631	0.5052215	0.3690033
138	-4822.131	-5048.868	226.7367	1.84319	1.807753
144	-4923.476	-5150.863	227.3871	2.518083	0.4517752
150	-4914.981	-5142.149	227.1674	1.910166	1.44797
156	-7378.76	-7608.033	229.2737	0.1768331	1.143344
162	-6300.557	-6528.592	228.0353	0.5080329	1.832954
168	-6704.836	-6933.746	228.9095	0.8673834	0.8043483
174	-5843.707	-6072.047	228.3394	1.437494	0.8043483
180	-6960.664	-7189.428	228.7643	0.6723486	1.155685
186	-5186.925	-5414.073	227.1473	2.682423	0.7281751
192	-8570.126	-8799.579	229.4526	0.4443893	0.5854329
198	-5125.258	-5352.615	227.3573	2.531334	0.610901
204	-4968.767	-5195.304	226.5372	3.252051	0.787664
210	-5027.418	-5254.209	226.7913	3.118502	0.5125034
216	-7478.832	-7707.615	228.7826	0.385509	1.377828
222	-7362.545	-7591.458	228.9129	0.9435068	0.6822768
228	-6536.479	-6764.923	228.4442	1.36728	0.7561877
234	-8530.905	-8758.637	227.732	1.385045	0.1020685
240	-7894.519	-8123.986	229.4665	0.431461	0.5821463
246	-7025.96	-7254.586	228.6256	0.0779044	1.721478
252	-7170.356	-7399.235	228.879	0.5576611	1.155628
258	-8111.844	-8341.304	229.4604	0.3649641	0.7351178
264	-5020.36	-5247.305	226.9448	2.94953	0.5944027
270	-7944.925	-8174.249	229.3234	0.5763731	0.5756889
276	-5006.098	-5233.047	226.9491	2.950638	0.5756889
282	-7221.98	-7450.908	228.9276	0.9269457	0.6858048
288	-4967.714	-5194.653	226.9388	2.138116	1.448395
294	-8032.144	-8261.764	229.6194	0.05288652	0.9282875
300	-7187.421	-7416.332	228.9114	0.992663	0.5574538
306	-5197.595	-5424.946	227.3505	2.041833	1.194204
312	-5038.113	-5265.312	227.1984	2.670827	0.6569429
318	-5700.195	-5927.825	227.6294	1.44348	1.451489
324	-9840.673	-10069.99	229.3177	0.2989852	0.2078682
330	-5016.308	-5242.932	226.6239	2.155439	1.66767
336	-4896.333	-5119.255	222.9214	1.293456	4.439495
342	-6791.182	-7019.342	228.1603	0.4310957	1.799776
348	-4984.529	-5211.504	226.9749	2.693876	0.9321094
354	-4867.255	-5094.257	227.0023	2.85305	0.6843689
360	-6020.602	-6248.497	227.8943	0.8451647	1.696096
366	-6738.174	-6966.885	228.7108	0.3037982	1.495658
372	-7779.846	-8009.62	229.7745	0.06721729	0.7084585
378	-7621.215	-7850.761	229.5456	0.2887391	0.7208188
384	-6746.195	-6974.93	228.7351	1.15717	0.6007304
390	-8185.512	-8415.008	229.4952	0.4149543	0.4980719
396	-4972.565	-5199.945	227.3805	2.527409	0.4669691
402	-4692.666	-4919.407	226.7411	2.482097	1.334236
408	-7163.771	-7392.637	228.8657	0.1313062	1.508843
414	-5741.46	-5968.661	227.2016	0.7657534	2.21578
420	-5524.499	-5752.573	228.0738	1.338614	1.176833
426	-5690.316	-5918.339	228.0239	0.9552658	1.522127
432	-6900.509	-7129.732	229.2229	0.6617593	0.6215836
438	-4817.092	-5041.84	224.7476	3.549635	1.999503
444	-8453.257	-8682.968	229.7117	0.0646611	0.8050822
450	-6893.394	-7122.222	228.8287	0.6370367	1.129819
456	-8274.792	-8504.111	229.3191	0.5610615	0.6326404
462	-7775.416	-8004.458	229.0418	0.3617183	1.184571
468	-6065.495	-6293.705	228.2107	1.570269	0.7988667
474	-6839.318	-7067.597	228.2799	1.604244	0.3944297
480	-5809.932	-6037.191	227.2596	2.475803	0.2595553
486	-6986.514	-7215.41	228.8955	1.01293	0.5298711
492	-5337.562	-5564.392	226.8304	2.925587	0.2712
498	-6744.669	-6972.537	227.8672	0.1950623	2.154238
504	-7235.093	-7463.876	228.7829	0.3255345	1.424255
510	-5417.142	-5644.768	227.6259	2.28339	0.5205228
516	-7055.538	-7284.442	228.9035	0.8921689	0.7788166
522	-6517.904	-6746.321	228.4169	0.8914533	1.264994
528	-7536.062	-7765.503	229.4414	0.3526431	0.7811595
534	-8177.713	-8406.908	229.1952	0.6244723	0.3163262
540	-4995.437	-5222.897	227.4607	1.87422	1.242929
546	-4844.014	-5069.558	225.5439	4.234847	0.8018634
552	-8055.299	-8284.981	229.6823	0.071066	0.8345686
558	-7826.603	-8055.949	229.3461	0.071066	1.172698
564	-11183.2	-11412.42	229.2188	0.09770569	0.1323905
570	-9380.162	-9609.479	229.3161	0.5043875	0.3170583
576	-7492.285	-7720.818	228.5339	1.308213	0.337543
582	-7536.606	-7765.722	229.1162	0.3963806	1.087168
588	-7898.875	-8128.197	229.3227	0.1898186	1.087168
594	-6894.217	-7122.066	227.8489	0.2551879	2.126917
600	-5005.562	-5231.494	225.9324	2.171748	2.126917
606	-5433.166	-5660.835	227.6685	2.171748	0.711027
612	-5617.313	-5844.562	227.2487	1.329426	1.808992
618	-4934.073	-5160.518	226.4455	3.452305	0.425521
624	-7427.555	-7656.296	228.7411	0.1123575	1.61441
630	-6155.784	-6382.161	226.3772	0.4955472	2.897135
636	-9261.607	-9491.328	229.7209	0.1599886	0.3886613
642	-6291.933	-6520.334	228.4007	1.50904	0.4858389
648	-4790.98	-5017.824	226.8441	3.030254	0.6459191
654	-4806.091	-5032.699	226.6086	3.030254	0.2160052
660	-7546.145	-7774.685	228.54	1.255352	0.2970757
666	-5745.723	-5973.639	227.9156	1.978158	0.5960123
672	-5565.875	-5793.894	228.019	1.638209	0.9444731
678	-5737.12	-5964.821	227.7011	0.8514596	1.826572
684	-6573.459	-6802.226	228.766	1.095091	0.6733201
690	-4935.997	-5161.822	225.8247	2.187262	2.186882
696	-8270.125	-8499.631	229.506	0.3923328	0.4269655
702	-7126.702	-7355.313	228.6107	0.3964165	1.50124
708	-4880.732	-5105.075	224.3428	2.087062	3.162364
714	-7349.64	-7578.209	228.5693	0.1210082	1.730765
720	-6376.307	-6604.656	228.3488	1.458658	0.7621073
726	-7605.534	-7834.88	229.3465	0.4609262	0.7621073
732	-4899.211	-5124.658	225.4475	3.377594	1.634921
738	-4863.901	-5090.747	226.8466	3.025944	0.6498612
744	-9206.153	-9435.442	229.2886	0.4184247	0.2450974
750	-5448.228	-5675.396	227.1684	1.384067	1.826684
756	-7350.736	-7579.827	229.0911	0.2092756	1.271604
762	-6549.851	-6778	228.1489	0.5539959	1.721915
768	-8300.179	-8529.864	229.6857	0.1968947	0.6266188
774	-8024.627	-8254.343	229.716	0.03204235	0.841145
780	-5754.888	-5982.241	227.3528	2.337164	0.2371413
786	-6481.696	-6710.618	228.9223	0.4712106	1.19321
792	-6323.764	-6552.118	228.3536	0.4153419	1.675118
798	-6621.884	-6850.757	228.8731	0.9111553	0.7944743
804	-6135.585	-6364.161	228.5764	1.066605	0.9594788
810	-7143.623	-7372.54	228.9168	0.4607819	1.206835
816	-8482.963	-8712.568	229.6048	0.2993663	0.5565544
822	-7699.815	-7929.227	229.4122	0.469928	0.6278295
828	-7851.191	-8080.612	229.4208	0.3580144	0.8017554
834	-6839.834	-7068.452	228.6186	1.290668	0.4791466
840	-4797.033	-5021.505	224.4717	3.859338	1.976926
846	-6945.489	-7173.034	227.5445	0.2041305	2.355785
852	-4957.39	-5184.112	226.7227	2.579936	1.269718
858	-4952.299	-5178.546	226.2471	3.627687	0.6450503
864	-6912.293	-7141.001	228.7075	1.167309	0.6450503
870	-6595.621	-6823.978	228.357	1.54575	0.4416218
876	-8428.425	-8657.978	229.5531	0.3408395	0.5955917
882	-7166.801	-7395.234	228.4333	1.424722	0.3554107
888	-6280.993	-6509.302	228.309	0.9230384	1.327174
894	-6943.484	-7172.4	228.9165	0.9230384	0.7121823
900	-5130.91	-5358.237	227.327	2.514437	0.7089808
906	-6366.92	-6594.489	227.5688	0.4876699	2.158015
912	-6729.719	-6958.505	228.7863	0.8219283	0.9950401
918	-6766.497	-6995.246	228.7495	0.8587939	0.9950401
924	-6694.554	-6922.618	228.0641	0.4842529	1.829516
930	-4888.117	-5113.823	225.7058	2.842564	1.829516
936	-5230.841	-5458.229	227.388	1.824868	1.342475
942	-5063.215	-5290.603	227.388	1.824868	1.342475
948	-5120.52	-5348.044	227.5242	1.824868	1.231087
954	-4847.378	-5073.559	226.1809	3.020753	1.351358
960	-8521.385	-8751.02	229.6352	0.2682959	0.5599077
966	-8080.674	-8310.241	229.567	0.2237426	0.7856613
972	-4860.002	-5083.637	223.6355	2.591429	3.282499
978	-9860.644	-10089.8	229.1576	0.3436638	0.1725931
984	-5049.956	-5277.146	227.1901	2.378119	1.034482
990	-7610.531	-7839.82	229.2887	0.2795738	1.034482
996	-4985.631	-5210.757	225.1258	4.755951	0.6287724
