Iteration	Posterior	Likelihood	Prior	rate_log_sd	tree_length
0	-2432.522	-2655.599	223.077	1.193816	4.407938
6	-2432.206	-2654.959	222.7529	1.359867	4.496976
12	-2426.351	-2649.854	223.5036	1.506817	3.988109
18	-2431.857	-2654.778	222.9213	1.411643	4.372896
24	-2428.626	-2650.523	221.8974	1.403544	4.950995
30	-2437.411	-2660.705	223.2943	1.564037	4.074881
36	-2427.818	-2653.421	225.6028	1.56671	2.716559
42	-2431.679	-2657.494	225.8146	1.787417	2.448338
48	-2435.312	-2661.636	226.324	1.914685	2.038387
54	-2427.176	-2653.858	226.6819	1.860785	1.833376
60	-2448.929	-2675.685	226.7563	1.893464	1.759228
66	-2456.964	-2684.086	227.1218	1.790525	1.571475
72	-2445.588	-2670.955	225.3668	1.630354	2.821731
78	-2443.747	-2668.353	224.6054	1.421877	3.399894
84	-2428.659	-2653.173	224.5141	1.513167	3.399894
90	-2429.875	-2654.676	224.8011	1.439188	3.27462
96	-2440.757	-2664.077	223.32	1.292997	4.214405
102	-2439.215	-2660.941	221.7261	1.271893	5.119129
108	-2443.884	-2667.275	223.39	1.273252	4.185863
114	-2448.268	-2668.237	219.9692	1.170586	6.139069
120	-2453.502	-2675.944	222.4418	1.428537	4.633111
126	-2442.099	-2665.668	223.5688	1.237748	4.104431
132	-2445.961	-2669.705	223.7441	1.400387	3.91135
138	-2451.085	-2674.923	223.8384	1.30611	3.91135
144	-2459.362	-2682.376	223.0146	1.403645	4.324691
150	-2444.765	-2668.516	223.751	1.464206	3.87075
156	-2441.064	-2666.492	225.4283	1.514817	2.854535
162	-2449.384	-2673.207	223.8238	1.399319	3.866239
168	-2447.711	-2670.428	222.7171	1.420742	4.482883
174	-2443.067	-2667.218	224.1512	1.38228	3.687342
180	-2449.373	-2673.577	224.2035	1.435812	3.626088
186	-2443.756	-2669.242	225.4854	1.605195	2.764851
192	-2452.428	-2678.901	226.4726	1.813967	2.006561
198	-2452.611	-2678.93	226.3186	1.813967	2.108307
204	-2455.945	-2679.309	223.3635	1.402549	4.127457
210	-2455.141	-2678.5	223.3587	1.407378	4.127457
216	-2454.093	-2677.322	223.2287	1.50441	4.146168
222	-2464.564	-2683.938	219.3737	1.379977	6.348947
228	-2448.699	-2673.158	224.4585	1.400191	3.498446
234	-2451.051	-2674.717	223.6661	1.463486	3.919867
240	-2451.669	-2675.499	223.83	1.30052	3.919349
246	-2435.399	-2658.545	223.1466	1.372346	4.267709
252	-2436.38	-2658.15	221.7704	1.317928	5.069082
258	-2443.926	-2668.162	224.2364	1.386922	3.63536
264	-2446.468	-2670.975	224.5074	1.617962	3.342316
270	-2445.463	-2669.367	223.9036	1.50831	3.757598
276	-2435.653	-2657.51	221.8569	1.271761	5.046687
282	-2429.198	-2652.324	223.1256	1.350644	4.291902
288	-2431.923	-2655	223.0779	1.398292	4.291902
294	-2437.963	-2661.838	223.8757	1.46423	3.799064
300	-2431.696	-2656.802	225.1068	1.805239	2.87335
306	-2431.861	-2656.249	224.3885	1.672074	3.380368
312	-2443.5	-2667.496	223.9958	1.657806	3.617762
318	-2443.859	-2666.464	222.6055	1.392581	4.561445
324	-2454.127	-2675.708	221.5804	1.30557	5.181163
330	-2447.661	-2671.473	223.8123	1.367617	3.891024
336	-2456.386	-2679.312	222.9264	1.367617	4.394883
342	-2452.751	-2678.565	225.8131	1.529824	2.60981
348	-2430.183	-2655.479	225.2952	1.575904	2.898114
354	-2431.626	-2656.094	224.4681	1.611752	3.36901
360	-2440.995	-2665.558	224.563	1.516886	3.36901
366	-2449.45	-2672.964	223.5149	1.340804	4.076431
372	-2434.73	-2657.265	222.5351	1.255624	4.677712
378	-2438.595	-2660.545	221.9502	1.467368	4.886053
384	-2448.253	-2671.214	222.9615	1.467368	4.318697
390	-2436.963	-2662.359	225.3964	1.496436	2.885009
396	-2435.347	-2659.534	224.1874	1.649837	3.510963
402	-2439.147	-2663.526	224.3785	1.458778	3.510963
408	-2432.807	-2657.215	224.4083	1.41633	3.518328
414	-2436.729	-2660.542	223.8125	1.775495	3.655821
420	-2435.296	-2659.146	223.8498	1.738151	3.655821
426	-2429.855	-2653.442	223.587	1.605032	3.884091
432	-2439.25	-2663.113	223.8638	1.632043	3.709142
438	-2451.46	-2676.174	224.7141	1.63192	3.212097
444	-2443.798	-2668.599	224.8012	1.584614	3.18852
450	-2449.737	-2671.555	221.8183	1.445385	4.971668
456	-2442.408	-2667.467	225.0595	1.404592	3.142022
462	-2447.524	-2673.016	225.4923	1.544221	2.797793
468	-2453.488	-2676.997	223.5089	1.358666	4.069648
474	-2459.112	-2684.8	225.6875	1.630722	2.625099
480	-2456.334	-2679.269	222.9345	1.330846	4.411013
486	-2454.914	-2675.293	220.3784	1.133809	5.936049
492	-2453.42	-2677.434	224.0137	1.429083	3.739796
498	-2466.132	-2691.056	224.9234	1.661654	3.069934
504	-2456.721	-2678.404	221.6834	1.29643	5.129195
510	-2458.503	-2680.455	221.9524	1.307193	4.973974
516	-2467.408	-2689.36	221.9522	1.307356	4.973974
522	-2459.651	-2682.779	223.1281	1.378001	4.275011
528	-2459.589	-2683.969	224.3796	1.405309	3.54144
534	-2451.646	-2676.377	224.7307	1.560221	3.244707
540	-2451.924	-2677.094	225.1704	1.572322	2.975472
546	-2453.413	-2678.288	224.8754	1.572322	3.151773
552	-2443.222	-2668.297	225.0743	1.471683	3.093289
558	-2452.466	-2676.415	223.9486	1.426368	3.778865
564	-2444.467	-2668.746	224.2793	1.550726	3.515178
570	-2458.392	-2681.648	223.2553	1.433826	4.171199
576	-2462.901	-2685.093	222.1926	1.332358	4.826212
582	-2460.277	-2682.566	222.2891	1.235881	4.826212
588	-2456.91	-2681.285	224.3751	1.317053	3.595423
594	-2459.875	-2681.868	221.9932	1.300948	4.954762
600	-2448.764	-2673.301	224.5366	1.293356	3.51525
606	-2443.007	-2667.393	224.3859	1.444003	3.51525
612	-2443.079	-2668.516	225.4369	1.383363	2.928793
618	-2450.165	-2675.436	225.2708	1.580105	2.910328
624	-2452.945	-2677.59	224.6446	1.569633	3.289983
630	-2463.723	-2688.59	224.8668	1.464137	3.221043
636	-2449.837	-2674.738	224.9007	1.430199	3.221043
642	-2455.449	-2680.617	225.1673	1.54362	2.994569
648	-2459.843	-2685.54	225.6971	1.497788	2.701032
654	-2454.552	-2680.211	225.6582	1.683875	2.610384
660	-2438.779	-2663.048	224.2689	1.468177	3.569291
666	-2448.46	-2672.46	224.0001	1.586026	3.656898
672	-2440.246	-2665.218	224.9714	1.49676	3.139606
678	-2439.044	-2664.096	225.052	1.416194	3.139606
684	-2447.066	-2672.091	225.0241	1.61334	3.038604
690	-2447.084	-2671.329	224.2444	1.419019	3.612069
696	-2438.931	-2662.923	223.9917	1.512329	3.704408
702	-2440.943	-2664.689	223.7459	1.441205	3.886902
708	-2451.004	-2675.341	224.3375	1.41145	3.562398
714	-2446.008	-2669.94	223.9322	1.484989	3.754531
720	-2442.644	-2667.933	225.2893	1.646699	2.858846
726	-2448.38	-2673.834	225.4542	1.478194	2.861059
732	-2439.379	-2663.736	224.3571	1.551713	3.469232
738	-2441.14	-2665.751	224.6115	1.544205	3.324466
744	-2445.249	-2670.101	224.8516	1.540939	3.184523
750	-2455.327	-2680.776	225.4491	1.640965	2.765173
756	-2454.587	-2680.975	226.3882	1.732864	2.115846
762	-2445.735	-2671.451	225.7158	1.605512	2.623166
768	-2437.771	-2664.208	226.4372	1.918138	1.960622
774	-2453.74	-2679.737	225.9978	1.754469	2.353449
780	-2450.721	-2676.479	225.7584	1.665136	2.559866
786	-2449.448	-2676.117	226.6696	1.841774	1.854888
792	-2449.106	-2674.093	224.9871	1.823137	2.934882
798	-2431.919	-2655.009	223.0903	1.497197	4.22884
804	-2427.388	-2651.708	224.3198	1.458682	3.545234
810	-2423.401	-2647.657	224.2559	1.5936	3.503848
816	-2417.372	-2641.202	223.8305	1.501463	3.803637
822	-2426.14	-2649.663	223.5222	1.481336	3.992026
828	-2433.475	-2656.696	223.2212	1.326503	4.251408
834	-2444.815	-2667.654	222.8384	1.389021	4.432406
840	-2439.374	-2663.826	224.4523	1.496599	3.445765
846	-2443.463	-2667.778	224.315	1.356016	3.607653
852	-2424.515	-2649.123	224.6082	1.364055	3.432111
858	-2429.118	-2653.578	224.4601	1.513926	3.431089
864	-2432.297	-2656.743	224.446	1.548127	3.419278
870	-2434.446	-2657.484	223.0374	1.420624	4.302209
876	-2423.414	-2646.786	223.3725	1.184106	4.246372
882	-2447.449	-2669.34	221.8906	1.289637	5.01803
888	-2437.04	-2659.011	221.971	1.268967	4.98487
894	-2425.554	-2648.452	222.8975	1.38669	4.400375
900	-2431.599	-2654.777	223.178	1.318796	4.280275
906	-2443.477	-2666.711	223.2336	1.263156	4.280275
912	-2451.45	-2674.973	223.5226	1.380859	4.049169
918	-2465.914	-2688.692	222.7784	1.185931	4.580353
924	-2452.179	-2675.816	223.6373	1.492363	3.919821
930	-2464.461	-2689.898	225.4368	1.598807	2.798345
936	-2448.594	-2673.027	224.4335	1.324248	3.557258
942	-2451.508	-2675.606	224.098	1.44334	3.682792
948	-2450.568	-2673.963	223.3957	1.284524	4.176271
954	-2435.108	-2659.619	224.5111	1.370092	3.485315
960	-2449.831	-2673.623	223.792	1.375725	3.898004
966	-2444.084	-2668.604	224.5198	1.375725	3.476944
972	-2443.58	-2668.155	224.5747	1.507455	3.367693
978	-2437.058	-2661.676	224.618	1.464114	3.367693
984	-2441.243	-2666.501	225.2579	1.624508	2.89127
990	-2442.95	-2669.278	226.3286	1.807082	2.106256
996	-2449.182	-2674.486	225.3033	1.95431	2.66246
1002	-2443.043	-2666.828	223.7851	1.319392	3.93428
1008	-2453.68	-2677.615	223.9352	1.397518	3.803227
1014	-2437.608	-2662.404	224.7967	1.556102	3.208111
1020	-2442.235	-2667.026	224.7909	1.450216	3.274136
1026	-2458.743	-2683.352	224.6085	1.632558	3.274136
1032	-2441.012	-2664.031	223.0189	1.295256	4.383494
1038	-2448.458	-2671.59	223.1319	1.353198	4.286859
1044	-2437.351	-2661.011	223.6603	1.364448	3.979917
1050	-2425.563	-2648.338	222.7743	1.262145	4.539855
1056	-2431.866	-2655.714	223.8479	1.46518	3.814533
1062	-2428.769	-2652.766	223.9974	1.469332	3.725952
1068	-2440.408	-2663.406	222.9976	1.338525	4.371095
1074	-2428.049	-2650.59	222.5416	1.214222	4.697211
1080	-2442.324	-2663.42	221.0962	1.41578	5.387735
1086	-2430.936	-2652.127	221.1905	1.321409	5.387735
1092	-2451.801	-2675.06	223.2591	1.592924	4.078523
1098	-2453.476	-2677.528	224.0525	1.286357	3.799689
1104	-2443.577	-2665.533	221.9559	1.256143	5.000408
1110	-2465.383	-2689.745	224.362	1.616409	3.428496
1116	-2440.976	-2666.092	225.1156	1.59818	2.99285
1122	-2443.91	-2670.064	226.1544	1.623054	2.337469
1128	-2435.555	-2661.514	225.959	1.616499	2.465024
1134	-2445.291	-2670.628	225.337	1.495823	2.921272
1140	-2440.836	-2665.739	224.9036	1.409896	3.231352
1146	-2436.972	-2661.837	224.865	1.448539	3.231352
1152	-2432.975	-2656.194	223.2187	1.438309	4.189429
1158	-2447.951	-2672.622	224.6707	1.398089	3.375533
1164	-2455.42	-2678.438	223.0189	1.486725	4.275253
1170	-2458.348	-2680.232	221.8837	1.254937	5.041141
1176	-2464.577	-2686.546	221.9697	1.328201	4.952679
1182	-2447.387	-2670.067	222.6802	1.34182	4.547966
1188	-2444.002	-2665.342	221.3401	1.326227	5.302606
1194	-2447.256	-2669.72	222.4639	1.294831	4.695617
1200	-2442.482	-2664.856	222.3742	1.384511	4.695617
1206	-2441.405	-2665.359	223.9537	1.331477	3.830553
1212	-2450.464	-2675.22	224.7561	1.431009	3.305965
1218	-2461.563	-2685.861	224.298	1.368949	3.610026
1224	-2450.19	-2675.608	225.4188	1.538077	2.846227
1230	-2449.34	-2673.861	224.5214	1.527062	3.387463
1236	-2452.597	-2676.895	224.2982	1.282777	3.659866
1242	-2437.765	-2662.685	224.9196	1.47333	3.184282
1248	-2434.614	-2660.353	225.7389	1.763927	2.51048
1254	-2438.444	-2663.627	225.1821	1.507222	3.007542
1260	-2438.272	-2662.502	224.2307	1.508516	3.568046
1266	-2432.191	-2657.181	224.9898	1.508516	3.121657
1272	-2443.713	-2665.6	221.8876	1.508516	4.898007
1278	-2435.311	-2660.354	225.0426	1.617827	3.024875
1284	-2437.023	-2661.473	224.4506	1.546635	3.417467
1290	-2443.157	-2666.824	223.6669	1.444307	3.930439
1296	-2435.106	-2656.915	221.8088	1.229876	5.096605
1302	-2434.558	-2658.475	223.9165	1.238037	3.905602
1308	-2437.106	-2660.643	223.5366	1.238037	4.122588
1314	-2439.726	-2663.644	223.9188	1.252841	3.895802
1320	-2448.11	-2670.494	222.3843	1.287352	4.744271
1326	-2453.128	-2675.44	222.3125	1.359236	4.744271
1332	-2440.687	-2663.018	222.3312	1.340492	4.744271
1338	-2443.963	-2666.875	222.9117	1.388951	4.391094
1344	-2441.686	-2664.551	222.8649	1.43579	4.391094
1350	-2436.43	-2659.579	223.1491	1.472884	4.20932
1356	-2457.85	-2682.518	224.6686	1.536501	3.295342
1362	-2451.908	-2677.99	226.082	1.696797	2.336613
1368	-2446.264	-2670.058	223.7936	1.59143	3.773078
1374	-2444.642	-2668.478	223.8363	1.355652	3.884125
1380	-2429.839	-2652.987	223.1477	1.251509	4.335483
1386	-2438.297	-2659.658	221.3608	1.141969	5.3928
1392	-2434.624	-2657.827	223.203	1.41702	4.210411
1398	-2429.583	-2655.053	225.4692	1.583421	2.787978
1404	-2446.106	-2668.974	222.8672	1.378558	4.422072
1410	-2431.855	-2654.436	222.5817	1.318363	4.616416
1416	-2443.011	-2665.13	222.1196	1.308276	4.880308
1422	-2452.815	-2676.818	224.0029	1.550117	3.676061
1428	-2434.164	-2657.162	222.9978	1.473499	4.294681
1434	-2452.396	-2676.672	224.2763	1.428323	3.588172
1440	-2437.954	-2661.04	223.0861	1.429963	4.269324
1446	-2452.217	-2675.181	222.9637	1.310837	4.405851
1452	-2443.488	-2668.567	225.079	1.492842	3.077826
1458	-2450.562	-2675.979	225.4162	1.500207	2.870711
1464	-2439.476	-2665.057	225.5807	1.45955	2.795508
1470	-2426.18	-2650.875	224.6957	1.549686	3.271616
1476	-2428.054	-2651.739	223.685	1.364586	3.965702
1482	-2436.891	-2660.937	224.0462	1.267084	3.814385
1488	-2424.813	-2648.081	223.2685	1.337988	4.218086
1494	-2428.661	-2652.055	223.3949	1.211599	4.218086
1500	-2428.259	-2651.833	223.5743	1.558727	3.917891
1506	-2435.512	-2657.887	222.3748	1.358049	4.710104
1512	-2448.283	-2670.302	222.0188	1.274119	4.95543
1518	-2433.188	-2656.487	223.2991	1.424201	4.151744
1524	-2439.922	-2664.136	224.2138	1.333016	3.679636
1530	-2434.197	-2657.528	223.3315	1.356393	4.171913
1536	-2437.003	-2658.523	221.5199	1.209625	5.267701
1542	-2429.408	-2651.701	222.2922	1.146542	4.874289
1548	-2445.075	-2667.304	222.2296	1.209131	4.874289
1554	-2434.736	-2657.432	222.6967	1.354035	4.531849
1560	-2428.329	-2652.656	224.3265	1.60845	3.453924
1566	-2437.367	-2663.136	225.7698	1.60967	2.587206
1572	-2455.578	-2679.498	223.9198	1.544408	3.72741
1578	-2446.041	-2668.717	222.6762	1.419914	4.506312
1584	-2433.752	-2658.18	224.4284	1.404592	3.51347
1590	-2448.976	-2673.13	224.1533	1.505935	3.614522
1596	-2449.881	-2672.078	222.1969	1.41211	4.779304
1602	-2452.585	-2677.302	224.7176	1.34859	3.377064
1608	-2437.357	-2660.27	222.9128	1.352698	4.410947
1614	-2446.124	-2668.764	222.6398	1.383301	4.547376
1620	-2457.3	-2682.078	224.7777	1.481348	3.263542
1626	-2449.884	-2673.815	223.9313	1.569948	3.70602
1632	-2449.485	-2673.711	224.2253	1.547791	3.548324
1638	-2445.648	-2670.01	224.3621	1.41103	3.548324
1644	-2448.506	-2673.284	224.7771	1.621823	3.180744
1650	-2442.446	-2666.817	224.3712	1.470317	3.508508
1656	-2441.365	-2663.718	222.3528	1.305727	4.751638
1662	-2434.209	-2658.191	223.9819	1.246242	3.863358
1668	-2440.043	-2663.72	223.6771	1.625673	3.820461
1674	-2429.007	-2653.559	224.5511	1.452759	3.413619
1680	-2433.939	-2657.749	223.8102	1.431335	3.855674
1686	-2448.273	-2672.68	224.4078	1.63699	3.38964
1692	-2437.765	-2663.427	225.6627	1.737668	2.57426
1698	-2439.673	-2663.962	224.2888	1.316671	3.645708
1704	-2439.138	-2663.224	224.0858	1.437058	3.69353
1710	-2450.328	-2674.036	223.7075	1.487944	3.882128
1716	-2436.906	-2660.291	223.3848	1.224384	4.216549
1722	-2438.439	-2660.984	222.5456	1.201322	4.70218
1728	-2448.326	-2671.566	223.2398	1.463142	4.163329
1734	-2448.709	-2672.974	224.2649	1.512705	3.545739
1740	-2443.463	-2665.438	221.9749	1.348716	4.938338
1746	-2453.38	-2676.319	222.9387	1.198629	4.48317
1752	-2450.358	-2673.14	222.782	1.188908	4.576681
1758	-2447.15	-2670.199	223.0494	1.186976	4.427371
1764	-2438.066	-2661.046	222.98	1.317907	4.392661
1770	-2446.631	-2670.287	223.6558	1.331795	4.001166
1776	-2442.716	-2665.185	222.4686	1.151586	4.773036
1782	-2433.914	-2657.755	223.8408	1.281956	3.923831
1788	-2430.149	-2653.161	223.0113	1.348844	4.357508
1794	-2437.914	-2661.463	223.5489	1.314699	4.071882
1800	-2451.16	-2675.366	224.2065	1.345979	3.67639
1806	-2445.845	-2669.84	223.9948	1.398898	3.768086
1812	-2435.473	-2658.006	222.533	1.200469	4.709754
1818	-2446.459	-2668.573	222.1141	1.297458	4.889421
1824	-2452.899	-2675.762	222.8631	1.335979	4.448357
1830	-2448.025	-2672.334	224.3085	1.352765	3.61332
1836	-2440.598	-2664.95	224.3522	1.502911	3.500556
1842	-2438.543	-2662.127	223.5841	1.412058	3.996241
1848	-2449.131	-2672.082	222.9512	1.27325	4.43409
1854	-2454.542	-2677.021	222.4798	1.010742	4.845366
1860	-2464.169	-2685.267	221.0979	1.046267	5.59007
1866	-2460.24	-2681.765	221.5255	1.046267	5.354786
1872	-2436.316	-2659.986	223.6706	1.380025	3.965086
1878	-2439.651	-2663.276	223.625	1.425678	3.965086
1884	-2445.01	-2669.191	224.1809	1.402943	3.658236
1890	-2459.724	-2683.941	224.217	1.559946	3.546101
1896	-2458.107	-2684.261	226.1543	1.559946	2.377541
1902	-2454.974	-2680.266	225.2918	1.637321	2.863001
1908	-2454.346	-2678.459	224.1129	1.491449	3.646314
1914	-2461.534	-2686.85	225.3158	1.608059	2.866221
1920	-2454.353	-2678.637	224.2837	1.293463	3.662096
1926	-2442.545	-2666.675	224.1304	1.44671	3.662096
1932	-2449.078	-2673.28	224.2015	1.415173	3.639195
1938	-2452.909	-2676.102	223.1928	1.075276	4.409469
1944	-2439.059	-2663.212	224.1525	1.365513	3.696289
1950	-2445.922	-2670.077	224.1542	1.477657	3.630385
1956	-2463.53	-2688.575	225.0445	1.561176	3.057616
1962	-2448.865	-2674.761	225.8959	1.579604	2.527498
1968	-2450.935	-2676.1	225.1657	1.567401	2.981298
1974	-2438.553	-2663.663	225.1097	1.778042	2.888093
1980	-2442.572	-2668.332	225.7595	1.627463	2.582548
1986	-2443.662	-2669.42	225.7581	1.622425	2.586536
1992	-2441.557	-2666.199	224.6417	1.548784	3.303963
1998	-2441.962	-2666.085	224.123	1.324176	3.737207
2004	-2435.924	-2659.509	223.5846	1.39768	4.004196
2010	-2440.054	-2664.603	224.5496	1.3509	3.474047
2016	-2445.247	-2669.46	224.2126	1.41872	3.630685
2022	-2440.967	-2665.626	224.6588	1.38081	3.392656
2028	-2435.585	-2660.184	224.5991	1.440522	3.392656
2034	-2439.809	-2663.143	223.3342	1.300089	4.202312
2040	-2448.479	-2672.927	224.4476	1.521578	3.433922
2046	-2448.508	-2671.94	223.4319	1.52345	4.019548
2052	-2459.921	-2684.637	224.7152	1.361727	3.370769
2058	-2441.88	-2666.603	224.7225	1.516061	3.275645
2064	-2444.946	-2669.824	224.8774	1.361129	3.275645
2070	-2448.178	-2671.847	223.6697	1.421906	3.941634
2076	-2452.363	-2675.422	223.0591	1.384202	4.310504
2082	-2447.357	-2670.715	223.3578	1.243564	4.221023
2088	-2450.616	-2674.545	223.9292	1.355782	3.830692
2094	-2447.104	-2671.141	224.0371	1.375506	3.75716
2100	-2441.907	-2666.623	224.7162	1.478203	3.301689
2106	-2444.856	-2668.712	223.8556	1.358729	3.871271
2112	-2438.663	-2663.193	224.5304	1.414933	3.447876
2118	-2452.583	-2677.027	224.4449	1.317832	3.554401
2124	-2441.738	-2666.456	224.7182	1.52413	3.273385
2130	-2457.52	-2682.264	224.7445	1.512607	3.264657
2136	-2455.318	-2680.073	224.7553	1.501889	3.264657
2142	-2451.136	-2675.891	224.7556	1.501526	3.264657
2148	-2447.017	-2671.529	224.512	1.402006	3.466175
2154	-2440.181	-2665.056	224.8749	1.453916	3.222269
2160	-2446.978	-2671.532	224.5539	1.362121	3.465006
2166	-2448.207	-2672.837	224.6294	1.286601	3.465006
2172	-2466.664	-2690.07	223.406	1.513683	4.039946
2178	-2450.047	-2672.935	222.887	1.325344	4.440904
2184	-2438.617	-2662.245	223.6288	1.528742	3.903875
2190	-2438.769	-2662.122	223.3525	1.457498	4.102449
2196	-2441.201	-2664.088	222.8867	1.424444	4.385186
2202	-2471.501	-2693.456	221.9552	1.178881	5.043655
2208	-2464.547	-2687.507	222.9598	1.381934	4.367905
2214	-2460.15	-2683.018	222.8682	1.221506	4.509964
2220	-2470.212	-2691.017	220.8059	1.044655	5.751061
2226	-2463.019	-2684.952	221.9322	1.316768	4.979883
2232	-2450.266	-2672.369	222.1035	1.416593	4.828902
2238	-2443.97	-2663.82	219.8502	1.307906	6.1291
2244	-2443.514	-2663.414	219.9004	1.257757	6.1291
2250	-2461.573	-2685.546	223.9732	1.491313	3.727216
2256	-2461.75	-2685.687	223.9364	1.528171	3.727216
2262	-2457.34	-2678.21	220.8694	1.370233	5.537599
2268	-2457.146	-2679.036	221.8904	1.241365	5.044984
2274	-2450.353	-2674.129	223.7762	1.458137	3.859807
2280	-2451.089	-2674.882	223.7932	1.519494	3.814725
2286	-2454.843	-2679.191	224.3481	1.600222	3.446112
2292	-2436.457	-2660.211	223.754	1.547621	3.821112
2298	-2453.214	-2677.227	224.0123	1.419054	3.746388
2304	-2443.536	-2667.41	223.8739	1.364901	3.857203
2310	-2455.591	-2678.591	223.0007	1.413693	4.326879
2316	-2448.965	-2672.847	223.8812	1.446356	3.806207
2322	-2452.586	-2677.578	224.9923	1.645713	3.038308
2328	-2462.413	-2686.247	223.834	1.547535	3.775117
2334	-2454.112	-2678.309	224.1968	1.489294	3.598909
2340	-2443.91	-2667.741	223.831	1.395391	3.864328
2346	-2456.769	-2679.465	222.6956	1.375159	4.52059
2352	-2443.428	-2665.068	221.6404	1.360014	5.117812
2358	-2443.591	-2667.362	223.7705	1.449006	3.868296
2364	-2462.471	-2685.469	222.9975	1.499788	4.279968
2370	-2454.972	-2678.471	223.4991	1.492611	3.998768
2376	-2457.363	-2680.919	223.5555	1.438239	3.997657
2382	-2448.924	-2670.518	221.594	1.341285	5.153876
2388	-2451.105	-2674.788	223.6837	1.421659	3.933784
2394	-2441.092	-2664.041	222.9483	1.526762	4.292558
2400	-2448.486	-2671.411	222.9251	1.241877	4.466452
2406	-2436.544	-2659.284	222.7395	1.427466	4.466452
2412	-2439.437	-2663.484	224.0465	1.560158	3.644985
2418	-2437.746	-2660.557	222.8112	1.315284	4.489263
2424	-2440.935	-2663.589	222.6548	1.460599	4.495511
2430	-2435.116	-2658.074	222.958	1.414007	4.350805
2436	-2425.93	-2649.726	223.7961	1.394157	3.885087
2442	-2435.167	-2658.952	223.7847	1.442657	3.863813
2448	-2434.524	-2658.886	224.3621	1.433803	3.535059
2454	-2438.743	-2663.043	224.2991	1.518843	3.522214
2460	-2439.231	-2662.651	223.42	1.459897	4.06262
2466	-2443.412	-2666.639	223.2274	1.401618	4.205294
2472	-2437.567	-2662.75	225.1829	1.800226	2.830255
2478	-2446.5	-2671.056	224.5557	1.452039	3.411334
2484	-2444.979	-2669.182	224.2035	1.600255	3.530477
2490	-2438.912	-2664.126	225.2141	1.493664	2.996502
2496	-2434.303	-2659.663	225.3605	1.540343	2.880171
2502	-2446.859	-2672.105	225.2466	1.372583	3.049533
2508	-2444.237	-2669.465	225.2277	1.391517	3.049533
2514	-2437.339	-2661.501	224.1622	1.499165	3.613254
2520	-2450.877	-2672.526	221.6491	1.360844	5.112539
2526	-2445.905	-2669.71	223.805	1.525505	3.804516
2532	-2435.542	-2658.206	222.6642	1.182128	4.646548
2538	-2451.04	-2673.585	222.5454	1.31289	4.639834
2544	-2457.229	-2683.094	225.8644	1.699956	2.471958
2550	-2456.11	-2682.083	225.9731	1.633971	2.445187
2556	-2439.358	-2663.667	224.3092	1.565462	3.489159
2562	-2420.695	-2645.681	224.9865	1.729694	2.99143
2568	-2439.9	-2665.66	225.7596	1.772807	2.492006
2574	-2448.763	-2675.203	226.4395	1.653716	2.134047
2580	-2439.426	-2665.116	225.69	1.815365	2.508892
2586	-2444.709	-2670.459	225.75	1.613935	2.596817
2592	-2439.764	-2665.274	225.5106	1.62717	2.735999
2598	-2446.646	-2671.881	225.2347	1.438238	3.017346
2604	-2447.081	-2671.903	224.8222	1.575189	3.18167
2610	-2444.322	-2668.591	224.2689	1.52919	3.533813
2616	-2450.614	-2676.099	225.4852	1.68908	2.713683
2622	-2457.158	-2682.883	225.7253	1.602493	2.6192
2628	-2449.283	-2674.595	225.3121	1.632976	2.853351
2634	-2435.317	-2660.367	225.0498	1.632976	3.01148
2640	-2445.449	-2669.246	223.7969	1.56904	3.78406
2646	-2444.178	-2669.866	225.6881	1.680602	2.593892
2652	-2437.417	-2662.893	225.4761	1.602806	2.771952
2658	-2432.771	-2658.31	225.5393	1.498002	2.79736
2664	-2433.216	-2658.668	225.4524	1.584881	2.79736
2670	-2440.492	-2664.199	223.7073	1.500314	3.875131
2676	-2430.539	-2654.533	223.9939	1.591932	3.657056
2682	-2420.836	-2645.538	224.7017	1.417892	3.345686
2688	-2434.396	-2658.077	223.6801	1.53215	3.872466
2694	-2431.585	-2655.382	223.7976	1.414638	3.872466
2700	-2437.19	-2660.65	223.46	1.43876	4.051885
2706	-2450.685	-2675.552	224.8676	1.372327	3.274832
2712	-2435.711	-2659.174	223.4631	1.369769	4.089411
2718	-2437.289	-2660.98	223.6913	1.431585	3.923734
2724	-2436.588	-2661.411	224.8231	1.42687	3.268912
2730	-2442.305	-2665.38	223.0753	1.234487	4.385958
2736	-2446.662	-2668.432	221.7704	1.109343	5.184609
2742	-2436.197	-2658.724	222.527	1.100041	4.769214
2748	-2438.468	-2659.281	220.8122	1.265733	5.626395
2754	-2434.847	-2658.708	223.8606	1.59407	3.732884
2760	-2426.962	-2648.962	222.0003	1.350926	4.922983
2766	-2436.176	-2658.728	222.5526	1.171131	4.71517
2772	-2441.958	-2664.512	222.5537	1.262747	4.663264
2778	-2439.573	-2662.666	223.093	1.173797	4.410232
2784	-2447.237	-2670.292	223.0548	1.220539	4.405375
2790	-2431.573	-2654.655	223.0817	1.193703	4.405375
2796	-2432.891	-2656.466	223.575	1.298685	4.06616
2802	-2429.047	-2654.13	225.0834	1.489919	3.076985
2808	-2434.197	-2658.792	224.595	1.447196	3.391161
2814	-2452.371	-2676.206	223.8347	1.456572	3.827056
2820	-2452.662	-2677.918	225.2565	1.456572	2.993312
2826	-2444.49	-2670.039	225.5495	1.509937	2.783853
2832	-2447.964	-2672.786	224.8223	1.463824	3.247524
2838	-2434.09	-2658.793	224.7028	1.449744	3.326313
2844	-2424.536	-2648.281	223.745	1.477524	3.866574
2850	-2435.199	-2658.888	223.6892	1.533362	3.866574
2856	-2434.221	-2657.009	222.7886	1.46746	4.416294
2862	-2431.409	-2655.505	224.0964	1.46746	3.669807
2868	-2436.079	-2660.207	224.1287	1.435134	3.669807
2874	-2445.068	-2669.548	224.4805	1.435615	3.464947
2880	-2446.374	-2671.733	225.3593	1.635866	2.822967
2886	-2429.272	-2654.917	225.6444	1.518819	2.720458
2892	-2433.365	-2658.692	225.3278	1.448322	2.955401
2898	-2422.579	-2647.247	224.6683	1.501151	3.316338
2904	-2438.773	-2663.472	224.6993	1.470199	3.316338
2910	-2438.016	-2663.106	225.0905	1.521209	3.054024
2916	-2423.281	-2647.096	223.8152	1.405811	3.867461
2922	-2423.924	-2647.927	224.003	1.276921	3.833613
2928	-2434.384	-2657.842	223.4575	1.30078	4.131891
2934	-2427.884	-2653.142	225.258	1.445259	2.999185
2940	-2427.77	-2652.071	224.3012	1.355265	3.616137
2946	-2428.267	-2652.413	224.1464	1.592947	3.567961
2952	-2427.431	-2652.709	225.2773	1.592947	2.898671
2958	-2430.749	-2655.606	224.8575	1.592947	3.150179
2964	-2437.792	-2662.734	224.9416	1.508833	3.150179
2970	-2436.801	-2659.585	222.7839	1.356339	4.481527
2976	-2434.331	-2657.387	223.0561	1.427305	4.287842
2982	-2439.851	-2662.645	222.7939	1.407684	4.446979
2988	-2429.793	-2653.781	223.988	1.351057	3.799581
2994	-2451.703	-2676.525	224.8224	1.464022	3.247375
3000	-2442.962	-2667.588	224.6258	1.566782	3.302747
3006	-2436.171	-2660.841	224.6698	1.481342	3.327113
3012	-2427.598	-2652.119	224.5203	1.630833	3.327113
3018	-2433.121	-2658.52	225.3984	1.571231	2.838487
3024	-2424.79	-2649.182	224.3926	1.649542	3.391136
3030	-2442.925	-2667.51	224.5851	1.439477	3.40144
3036	-2434.398	-2656.868	222.4703	1.233627	4.726256
3042	-2450.699	-2674.516	223.8172	1.78094	3.649915
3048	-2462.087	-2686.394	224.3072	1.708143	3.406864
3054	-2446.651	-2671.162	224.5108	1.504576	3.406864
3060	-2434.354	-2658.641	224.2868	1.393558	3.602236
3066	-2433.877	-2657.6	223.7236	1.469229	3.883608
3072	-2448.287	-2672.996	224.7091	1.504202	3.290527
3078	-2443.21	-2667.853	224.643	1.748988	3.184859
3084	-2438.848	-2662.597	223.7497	1.279731	3.977219
3090	-2454.146	-2678.226	224.0792	1.613281	3.595181
3096	-2440.958	-2663.307	222.3492	1.409448	4.695661
3102	-2438.905	-2660.918	222.0133	1.303174	4.942311
3108	-2432.05	-2655.822	223.7719	1.447354	3.868423
3114	-2430.157	-2654.728	224.5715	1.418492	3.421726
3120	-2443.499	-2668.195	224.6962	1.519446	3.28912
3126	-2441.484	-2666.767	225.283	1.584039	2.900577
3132	-2447.223	-2672.1	224.8773	1.487174	3.201172
3138	-2436.971	-2660.066	223.0944	1.372734	4.297066
3144	-2430.574	-2653.925	223.3512	1.521243	4.066841
3150	-2439.984	-2663.299	223.3152	1.440862	4.133131
3156	-2442.531	-2665.824	223.2933	1.392199	4.173263
3162	-2440.266	-2665.428	225.1615	1.57552	2.978926
3168	-2423.325	-2648.544	225.2182	1.616994	2.919785
3174	-2430.192	-2655.324	225.1319	1.703358	2.919785
3180	-2449.576	-2675.465	225.8894	1.999278	2.266439
3186	-2438.096	-2664.775	226.6786	1.937516	1.782661
3192	-2426.999	-2651.216	224.2174	1.623396	3.508895
3198	-2430.139	-2656.024	225.8855	1.758022	2.422255
3204	-2447.171	-2671.843	224.6718	1.510346	3.308888
3210	-2444.767	-2669.394	224.627	1.401908	3.398903
3216	-2456.096	-2680.756	224.6596	1.645907	3.236095
3222	-2450.519	-2674.199	223.6802	1.295168	4.008147
3228	-2441.322	-2666.409	225.0871	1.49248	3.073211
3234	-2443.972	-2669.049	225.0769	1.497957	3.076038
3240	-2437.363	-2662.128	224.765	1.591313	3.205993
3246	-2438.994	-2663.224	224.2302	1.492035	3.577939
3252	-2427.876	-2651.741	223.8647	1.41202	3.835426
3258	-2408.157	-2631.813	223.656	1.494082	3.908163
3264	-2420.124	-2646.115	225.9916	1.713798	2.383165
3270	-2445.757	-2671.619	225.8625	1.699898	2.473214
3276	-2446.512	-2669.981	223.4683	1.538367	3.990267
3282	-2448.503	-2672.178	223.6753	1.450367	3.922146
3288	-2455.856	-2680.93	225.0737	1.543376	3.050818
3294	-2447.204	-2672.419	225.2156	1.40152	3.050818
3300	-2442.301	-2666.948	224.6475	1.525352	3.314325
3306	-2435.565	-2661.307	225.7413	1.628705	2.593069
3312	-2433.437	-2657.595	224.1586	1.407646	3.668431
3318	-2428.551	-2651.899	223.3476	1.570526	4.040791
3324	-2441.898	-2667.075	225.1772	1.44955	3.045042
3330	-2447.079	-2670.695	223.6151	1.430251	3.96812
3336	-2438.129	-2663.389	225.2602	1.560431	2.928587
3342	-2443.777	-2669.257	225.4803	1.536149	2.810032
3348	-2436.282	-2661.163	224.8806	1.457229	3.216962
3354	-2435.846	-2660.962	225.1155	1.59335	2.995854
3360	-2448.04	-2674.492	226.4518	1.59335	2.165342
3366	-2451.565	-2677.096	225.5308	1.69141	2.684234
3372	-2435.926	-2661.65	225.7241	1.479353	2.695768
3378	-2441.325	-2667.361	226.0368	1.66781	2.383636
3384	-2444.969	-2670.655	225.6865	1.754743	2.548818
3390	-2444.442	-2666.819	222.3774	1.210285	4.791174
3396	-2438.729	-2660.924	222.195	1.239486	4.876662
3402	-2452.734	-2674.96	222.2269	1.20028	4.880699
3408	-2444.881	-2669.487	224.6055	1.435365	3.391943
3414	-2440.52	-2662.542	222.0221	1.247757	4.968265
3420	-2447.842	-2670.753	222.9113	1.247757	4.470892
3426	-2440.172	-2662.976	222.8042	1.247757	4.531172
3432	-2442.096	-2667.83	225.7343	1.728235	2.535589
3438	-2434.402	-2658.689	224.2864	1.411611	3.591984
3444	-2451.475	-2675.604	224.1293	1.516875	3.622108
3450	-2454.388	-2680.305	225.9162	1.574073	2.518336
3456	-2458.357	-2683.111	224.7537	1.508345	3.261754
3462	-2444.06	-2668.32	224.2607	1.22907	3.712619
3468	-2444.502	-2666.94	222.4378	1.324102	4.693827
3474	-2444.134	-2666.025	221.8915	1.229953	5.050676
3480	-2429.563	-2654.168	224.605	1.278963	3.483702
3486	-2447.716	-2673.49	225.7738	1.499642	2.652719
3492	-2437.644	-2662.869	225.2252	1.436454	3.024106
3498	-2431.862	-2656.789	224.9269	1.424049	3.20921
3504	-2432.917	-2656.435	223.5173	1.340104	4.075416
3510	-2437.995	-2660.199	222.2038	1.302439	4.836665
3516	-2438.097	-2660.287	222.1899	1.254248	4.871253
3522	-2430.26	-2654.786	224.5255	1.496138	3.403212
3528	-2432.606	-2656.376	223.7696	1.368934	3.914786
3534	-2430.795	-2654.58	223.7849	1.353626	3.914786
3540	-2445.33	-2669.02	223.6903	1.296881	4.001401
3546	-2444.454	-2668.163	223.7093	1.277793	4.001401
3552	-2438.711	-2663.911	225.2009	1.604698	2.937681
3558	-2436.365	-2660.544	224.1793	1.704338	3.483912
3564	-2432.553	-2658.368	225.8151	1.814086	2.431233
3570	-2430.655	-2655.327	224.6722	1.459748	3.338424
3576	-2447.767	-2668.771	221.004	1.103244	5.610355
3582	-2449.025	-2673.194	224.1698	1.348133	3.696376
3588	-2449.641	-2672.01	222.3687	1.368975	4.707398
3594	-2442.757	-2665.126	222.3696	1.368087	4.707398
3600	-2449.887	-2672.973	223.0867	1.20915	4.393821
3606	-2454.742	-2679.353	224.6105	1.471282	3.36789
3612	-2444.13	-2668.407	224.2768	1.547143	3.518749
3618	-2440.862	-2663.797	222.9349	1.311504	4.421711
3624	-2452.581	-2676.798	224.217	1.267819	3.715506
3630	-2451.9	-2675.676	223.7762	1.503092	3.833942
3636	-2451.846	-2674.372	222.5267	1.503092	4.543623
3642	-2458.578	-2680.92	222.3421	1.549096	4.621373
3648	-2446.732	-2671.32	224.5881	1.549096	3.33536
3654	-2448.498	-2673.059	224.5614	1.575799	3.33536
3660	-2442.08	-2663.81	221.7302	1.465704	5.009375
3666	-2446.017	-2670.365	224.3482	1.698983	3.388214
3672	-2452	-2674.547	222.5467	1.302121	4.645159
3678	-2447.672	-2670.674	223.0012	1.387448	4.341436
3684	-2449.012	-2673.498	224.4861	1.392209	3.486999
3690	-2446.982	-2671.421	224.4391	1.439217	3.486999
3696	-2442.052	-2666.518	224.4664	1.411907	3.486999
3702	-2448.721	-2674.484	225.763	1.563023	2.620297
3708	-2432.604	-2657.483	224.8794	1.632876	3.113372
3714	-2432.678	-2657.598	224.9193	1.592933	3.113372
3720	-2443.532	-2668.483	224.9517	1.573609	3.105571
3726	-2434.497	-2657.992	223.4948	1.594031	3.943242
3732	-2431.185	-2656.156	224.9712	1.688418	3.025355
3738	-2437.726	-2661.842	224.1167	1.565175	3.601381
3744	-2429.836	-2653.839	224.003	1.44656	3.735846
3750	-2444.705	-2668.075	223.3696	1.295608	4.184771
3756	-2443.657	-2667.071	223.414	1.251219	4.184771
3762	-2452.225	-2676.809	224.5846	1.410666	3.418619
3768	-2444.971	-2670.131	225.1602	1.532701	3.005391
3774	-2459.584	-2684.048	224.4639	1.279868	3.565378
3780	-2454.419	-2675.819	221.4003	1.311765	5.277337
3786	-2440.363	-2664.092	223.7295	1.516065	3.853353
3792	-2440.545	-2663.673	223.1281	1.537785	4.184408
3798	-2458.879	-2683.362	224.482	1.551423	3.396257
3804	-2450.805	-2675.021	224.2158	1.435096	3.61935
3810	-2454.347	-2679.828	225.4808	1.61924	2.759094
3816	-2462.864	-2688.092	225.2278	1.56355	2.946223
3822	-2455.923	-2677.735	221.8114	1.348625	5.029267
3828	-2439.109	-2661.063	221.9543	1.322905	4.96416
3834	-2442.113	-2664.031	221.9172	1.248809	5.025941
3840	-2443.991	-2665.471	221.4799	1.347513	5.213589
3846	-2441.171	-2664.551	223.3806	1.395812	4.121559
3852	-2438.18	-2663.934	225.7535	1.607266	2.598818
3858	-2437.372	-2662.596	225.2245	1.513508	2.978299
3864	-2451.285	-2676.018	224.7326	1.457725	3.304048
3870	-2446.575	-2670.525	223.9498	1.405857	3.790012
3876	-2451.172	-2675.607	224.4345	1.272782	3.586589
3882	-2440.129	-2662.329	222.1998	1.329949	4.823522
3888	-2439.193	-2661.982	222.7896	1.18768	4.573109
3894	-2437.162	-2659.909	222.7467	1.509807	4.416018
3900	-2438.125	-2663.786	225.6603	1.579173	2.673624
3906	-2448.153	-2673.683	225.5291	1.627957	2.724199
3912	-2448.049	-2671.742	223.6929	1.340025	3.975204
3918	-2445.625	-2669.222	223.5969	1.442747	3.971402
3924	-2448.246	-2671.907	223.6618	1.377844	3.971402
3930	-2450.032	-2672.437	222.4052	1.174322	4.795754
3936	-2454.137	-2677.724	223.5871	1.261933	4.080212
3942	-2458.429	-2682.981	224.552	1.508235	3.380526
3948	-2453.448	-2679.898	226.4502	1.868585	1.985085
3954	-2457.99	-2682.051	224.0616	1.57226	3.629251
3960	-2440.718	-2664.892	224.1744	1.459431	3.629251
3966	-2430.077	-2653.985	223.9078	1.420851	3.805575
3972	-2436.363	-2660.238	223.8743	1.454347	3.805575
3978	-2426.917	-2650.785	223.8682	1.590518	3.730578
3984	-2436.226	-2658.374	222.1478	1.290745	4.87439
3990	-2438.498	-2661.741	223.2431	1.283495	4.263391
3996	-2448.631	-2672.426	223.795	1.411081	3.876003
4002	-2438.066	-2660.583	222.5171	1.307124	4.658942
4008	-2440.08	-2661.283	221.2028	1.280404	5.403602
4014	-2439.614	-2663.782	224.168	1.326997	3.709591
4020	-2441.525	-2663.651	222.1258	1.282089	4.891467
4026	-2449.545	-2673.483	223.9375	1.338724	3.835717
4032	-2442.525	-2664.127	221.602	1.208807	5.222747
4038	-2451.673	-2673.27	221.5973	1.21353	5.222747
4044	-2439.68	-2661.301	221.6203	1.209728	5.212129
4050	-2436.302	-2659.075	222.7728	1.241415	4.55238
4056	-2460.562	-2681.347	220.7856	1.171576	5.692654
4062	-2442.352	-2665.071	222.7187	1.46474	4.457202
4068	-2435.419	-2658.134	222.7153	1.468141	4.457202
4074	-2438.261	-2661.654	223.3932	1.377491	4.124802
4080	-2433.128	-2656.592	223.4646	1.430462	4.053948
4086	-2442.222	-2665.339	223.1179	1.390003	4.273953
4092	-2449.929	-2673.134	223.205	1.302918	4.273953
4098	-2458.743	-2683.997	225.2534	1.430054	3.011083
4104	-2433.102	-2657.418	224.3153	1.44966	3.553073
4110	-2434.929	-2657.409	222.4805	1.320273	4.672039
4116	-2441.628	-2665.628	224.0007	1.518174	3.695821
4122	-2454.429	-2678.234	223.8055	1.334649	3.913823
4128	-2470.95	-2693.959	223.0092	1.300014	4.386296
4134	-2446.897	-2671.884	224.987	1.692985	3.013169
4140	-2455.975	-2682.743	226.7687	1.70173	1.882813
4146	-2453.919	-2679.073	225.1543	1.490216	3.034427
4152	-2448.967	-2673.068	224.1005	1.378219	3.719005
4158	-2448.182	-2671.953	223.7708	1.449521	3.867833
4164	-2435.53	-2660.451	224.9212	1.513279	3.15963
4170	-2436.881	-2662.525	225.6439	1.699227	2.609715
4176	-2441.424	-2666.034	224.6094	1.485221	3.36035
4182	-2443.651	-2669.083	225.4327	1.489274	2.867368
4188	-2442.365	-2666.888	224.5223	1.478995	3.415126
4194	-2444.209	-2667.323	223.1141	1.415736	4.261555
4200	-2444.573	-2666.781	222.2077	1.37727	4.792713
4206	-2445.168	-2667.422	222.254	1.330974	4.792713
4212	-2440.215	-2661.753	221.5387	1.244531	5.237978
4218	-2436.533	-2658.14	221.6066	1.309091	5.164713
4224	-2424.816	-2649.816	224.9997	1.487905	3.128058
4230	-2435.389	-2660.804	225.4153	1.542819	2.84544
4236	-2433.18	-2657.541	224.3603	1.538531	3.475008
4242	-2442.992	-2668.073	225.0807	1.525755	3.057184
4248	-2442.973	-2666.235	223.2624	1.508765	4.124523
4254	-2446.16	-2669.449	223.2896	1.387168	4.178194
4260	-2431.519	-2656.417	224.898	1.781314	3.013545
4266	-2435.618	-2659.092	223.4738	1.607327	3.947653
4272	-2443.983	-2668.687	224.7039	1.490287	3.301814
4278	-2450.983	-2676.763	225.7803	1.818956	2.450108
4284	-2440.97	-2666.474	225.5038	1.793367	2.638118
4290	-2448.437	-2672.49	224.0523	1.492526	3.680823
4296	-2452.006	-2674.107	222.1008	1.335065	4.875859
4302	-2447.224	-2668.668	221.4448	1.220985	5.302878
4308	-2438.93	-2662.926	223.996	1.502555	3.707539
4314	-2439.522	-2664.112	224.5898	1.565783	3.324495
4320	-2436.257	-2661.823	225.5658	1.53819	2.756681
4326	-2440.52	-2664.169	223.649	1.588162	3.858189
4332	-2453.188	-2677.151	223.9622	1.333953	3.824245
4338	-2445.847	-2670.62	224.7733	1.437111	3.292222
4344	-2456.28	-2680.289	224.009	1.426416	3.744048
4350	-2441.146	-2664.724	223.5784	1.583992	3.901105
4356	-2440.806	-2665.727	224.9203	1.541311	3.143494
4362	-2438.604	-2664.15	225.5461	1.643181	2.70445
4368	-2449.183	-2672.547	223.3637	1.543048	4.047297
4374	-2448.479	-2672.11	223.631	1.275742	4.047297
4380	-2436.48	-2661.799	225.3188	1.500615	2.929344
4386	-2442.366	-2666.71	224.3446	1.364665	3.585454
4392	-2437.077	-2660.689	223.6113	1.616156	3.863729
4398	-2432.035	-2655.837	223.8029	1.424546	3.863729
4404	-2428.483	-2652.348	223.8657	1.531743	3.765931
4410	-2444.197	-2667.663	223.466	1.531743	3.995328
4416	-2432.465	-2655.427	222.9621	1.325327	4.398566
4422	-2435.378	-2658.26	222.8828	1.404662	4.398566
4428	-2429.242	-2651.786	222.5444	1.227338	4.688306
4434	-2432.56	-2655.883	223.3231	1.453174	4.121615
4440	-2439.879	-2664.606	224.7261	1.567479	3.243101
4446	-2438.273	-2662.255	223.9814	1.252803	3.859861
4452	-2450.947	-2676.373	225.4263	1.520033	2.852574
4458	-2432.091	-2656.735	224.6442	1.637247	3.25031
4464	-2428.701	-2654.547	225.8465	1.684942	2.492561
4470	-2431.506	-2657.302	225.7962	1.815721	2.442104
4476	-2435.825	-2661.723	225.8979	1.728563	2.432976
4482	-2438.182	-2663.83	225.6483	1.655125	2.634224
4488	-2440.975	-2667.032	226.0571	1.673262	2.367386
4494	-2437.87	-2662.168	224.2979	1.526883	3.518224
4500	-2440.005	-2662.845	222.8401	1.343611	4.457011
4506	-2440.605	-2663.694	223.0894	1.348993	4.313293
4512	-2436.861	-2660.395	223.5336	1.547491	3.947679
4518	-2446.146	-2669.333	223.1862	1.442858	4.205278
4524	-2449.828	-2673.983	224.1553	1.54545	3.590433
4530	-2443.3	-2668.581	225.2806	1.788238	2.778113
4536	-2436.804	-2661.493	224.689	1.501909	3.303701
4542	-2427.792	-2651.3	223.5081	1.470483	4.00631
4548	-2429.552	-2653.927	224.3749	1.394097	3.550747
4554	-2444.064	-2666.559	222.495	1.411443	4.612864
4560	-2461.778	-2685.71	223.9321	1.458567	3.769812
4566	-2450.79	-2674.851	224.0604	1.33031	3.769812
4572	-2446.484	-2668.486	222.0028	1.272227	4.965385
4578	-2444.803	-2667.741	222.9378	1.290821	4.431712
4584	-2452.958	-2676.536	223.5788	1.383804	4.015396
4590	-2440.221	-2663.388	223.1675	1.383804	4.249381
4596	-2447.138	-2668.829	221.6903	1.343935	5.099035
4602	-2443.398	-2665.197	221.7997	1.234577	5.099035
4608	-2444.63	-2667.984	223.354	1.390424	4.139778
4614	-2449.313	-2672.57	223.2569	1.21223	4.29592
4620	-2449.729	-2673.787	224.0574	1.369697	3.748804
4626	-2447.257	-2671.068	223.8108	1.553871	3.784829
4632	-2446.838	-2667.426	220.5879	1.280162	5.741489
4638	-2453.766	-2676.473	222.7069	1.258823	4.579617
4644	-2452.522	-2672.958	220.4353	1.20841	5.864211
4650	-2444.53	-2665.609	221.0786	1.190877	5.521235
4656	-2467.925	-2690.958	223.0332	1.269275	4.390088
4662	-2451.71	-2674.505	222.7955	1.50696	4.390088
4668	-2443.26	-2666.666	223.4063	1.198221	4.219241
4674	-2451.917	-2675.119	223.2019	1.402569	4.219241
4680	-2442.09	-2665.969	223.8792	1.601535	3.717839
4686	-2455.221	-2679.536	224.3142	1.516461	3.514814
4692	-2443.573	-2668.044	224.4714	1.432936	3.471839
4698	-2443.383	-2666.281	222.8979	1.420843	4.380912
4704	-2436.326	-2658.424	222.0977	1.315402	4.888543
4710	-2439.752	-2662.692	222.9403	1.275592	4.438935
4716	-2437.169	-2660.851	223.6829	1.2336	4.041741
4722	-2429.418	-2652.925	223.5073	1.409204	4.041741
4728	-2435.49	-2659.06	223.57	1.346538	4.041741
4734	-2429.401	-2652.85	223.4485	1.238807	4.172205
4740	-2426.384	-2648.94	222.5557	1.528919	4.512813
4746	-2444.481	-2666.816	222.3348	1.147098	4.850224
4752	-2434.761	-2657.485	222.7245	1.15657	4.627102
4758	-2456.29	-2680.856	224.5652	1.66625	3.279813
4764	-2444.272	-2669.068	224.7962	1.435225	3.279813
4770	-2452.804	-2677.399	224.5948	1.633257	3.281798
4776	-2451.692	-2675.538	223.8464	1.283932	3.919487
4782	-2460.911	-2686.448	225.5372	1.709274	2.669343
4788	-2464.82	-2689.926	225.1064	1.375234	3.131628
4794	-2438.88	-2663.508	224.6282	1.374009	3.414561
4800	-2431.966	-2656.713	224.7476	1.476989	3.283869
4806	-2441.513	-2666.542	225.0291	1.444716	3.136272
4812	-2435.468	-2659.902	224.434	1.418856	3.50189
4818	-2454.042	-2675.81	221.7679	1.170339	5.15222
4824	-2446.809	-2671.298	224.489	1.245122	3.571024
4830	-2444.597	-2668.844	224.2471	1.373548	3.636873
4836	-2447.74	-2669.85	222.11	1.315601	4.88157
4842	-2439.54	-2662.264	222.7239	1.35239	4.51746
4848	-2434.718	-2657.814	223.0953	1.390013	4.286748
4854	-2434.22	-2658.53	224.3102	1.417966	3.57449
4860	-2432.605	-2656.069	223.4634	1.338966	4.106791
4866	-2442.056	-2664.908	222.8522	1.286976	4.482124
4872	-2441.162	-2665.97	224.8081	1.418936	3.282426
4878	-2451.427	-2675.653	224.226	1.508324	3.57091
4884	-2440.354	-2664.141	223.7869	1.416217	3.877694
4890	-2446.503	-2670.205	223.7023	1.307133	3.988687
4896	-2445.945	-2670.978	225.0327	1.521058	3.088631
4902	-2441.649	-2666.142	224.4934	1.562243	3.383242
4908	-2443.713	-2667.763	224.0498	1.430109	3.718328
4914	-2444.827	-2669.682	224.855	1.704044	3.085497
4920	-2445.695	-2670.775	225.0805	1.580129	3.024773
4926	-2444.889	-2668.566	223.6778	1.648352	3.806995
4932	-2443.191	-2669.393	226.2017	1.72654	2.24099
4938	-2440.953	-2667.034	226.0816	1.846614	2.24099
4944	-2446.712	-2671.251	224.5385	1.759601	3.240468
4950	-2436.533	-2661.983	225.4496	1.73306	2.708508
4956	-2422.791	-2646.777	223.9853	1.624418	3.643225
4962	-2430.274	-2653.518	223.2432	1.474391	4.155001
4968	-2424.093	-2647.482	223.3885	1.329066	4.155001
4974	-2439.585	-2662.237	222.652	1.422488	4.518487
4980	-2440.947	-2661.636	220.6887	1.397622	5.62179
4986	-2444.28	-2666.229	221.9496	1.250955	5.006779
4992	-2436.374	-2659.466	223.0923	1.257794	4.363225
4998	-2440.05	-2661.91	221.8603	1.257794	5.052543
5004	-2448.211	-2672.805	224.5938	1.487373	3.368241
5010	-2447.302	-2671.924	224.6225	1.458702	3.368241
5016	-2446.12	-2670.655	224.535	1.334782	3.492008
5022	-2458.658	-2683.113	224.4552	1.435813	3.479586
5028	-2447.554	-2672.458	224.9045	1.487671	3.184756
5034	-2437.666	-2663.298	225.6328	1.828138	2.536579
5040	-2465.421	-2689.111	223.6908	1.450067	3.913445
5046	-2441.181	-2665.588	224.4076	1.617788	3.401002
5052	-2438.906	-2662.822	223.9158	1.53764	3.733626
5058	-2447.818	-2672.175	224.3564	1.442823	3.533115
5064	-2444.241	-2668.725	224.4841	1.619817	3.354889
5070	-2438.035	-2662.225	224.1899	1.534507	3.576688
5076	-2453.903	-2678.652	224.7487	1.521394	3.257034
5082	-2451.761	-2676.52	224.7588	1.511269	3.257034
5088	-2451.813	-2677.017	225.204	1.608649	2.933422
5094	-2448.318	-2671.276	222.9581	1.524835	4.288127
5100	-2448.474	-2672.247	223.7726	1.383102	3.90489
5106	-2444.687	-2669.415	224.728	1.610462	3.216583
5112	-2440.81	-2664.486	223.6759	1.596673	3.837822
5118	-2431.394	-2653.663	222.2689	1.170902	4.873692
5124	-2448.741	-2672.07	223.3294	1.619681	4.023167
5130	-2441.331	-2664.485	223.1543	1.555289	4.159564
5136	-2442.03	-2665.93	223.9	1.591799	3.711477
5142	-2443.75	-2666.103	222.353	1.433726	4.679952
5148	-2453.796	-2675.437	221.6404	1.263369	5.171335
5154	-2440.961	-2662.514	221.5537	1.368881	5.16093
5160	-2448.216	-2670.212	221.9953	1.417419	4.88878
5166	-2448.221	-2671.261	223.0404	1.393868	4.315644
5172	-2454.41	-2678.014	223.6039	1.381165	4.002602
5178	-2460.592	-2684.26	223.668	1.317004	4.002602
5184	-2459.597	-2684.72	225.1231	1.745575	2.89958
5190	-2452.444	-2675.138	222.6945	1.436693	4.48658
5196	-2444.467	-2666.328	221.8614	1.349057	5.001285
5202	-2430.881	-2653.977	223.096	1.273922	4.352027
5208	-2439.741	-2664.932	225.1908	1.451828	3.035502
5214	-2439.64	-2664.028	224.3877	1.425885	3.524788
5220	-2443.233	-2666.377	223.1441	1.448979	4.225716
5226	-2447.803	-2671.927	224.1237	1.437085	3.671576
5232	-2454.514	-2679.437	224.9237	1.494744	3.169155
5238	-2443.266	-2664.636	221.3699	1.182291	5.365574
5244	-2446.539	-2667.956	221.4173	1.181275	5.339951
5250	-2438.62	-2661.544	222.9247	1.385161	4.385895
5256	-2439.063	-2665.772	226.7087	1.826715	1.838407
5262	-2435.387	-2660.964	225.577	1.580624	2.723857
5268	-2447.169	-2674.097	226.9287	1.751903	1.737618
5274	-2440.545	-2665.586	225.041	1.510574	3.089913
5280	-2448.888	-2673.273	224.3845	1.515156	3.474574
5286	-2436.611	-2661.264	224.6525	1.552656	3.295345
5292	-2442.379	-2667.705	225.3267	1.470919	2.942478
5298	-2436.69	-2661.404	224.7143	1.591664	3.235791
5304	-2447.212	-2670.379	223.1672	1.466097	4.202874
5310	-2445.303	-2668.703	223.3995	1.49922	4.051854
5316	-2451.712	-2675.123	223.4109	1.319586	4.147703
5322	-2452.634	-2675.935	223.3006	1.429848	4.147703
5328	-2458.248	-2683.164	224.9164	1.534095	3.150149
5334	-2444.971	-2667.989	223.018	1.24987	4.409612
5340	-2449.843	-2673.747	223.9042	1.24987	3.905868
5346	-2451.44	-2673.168	221.728	1.185177	5.166106
5352	-2440.931	-2665.504	224.573	1.542166	3.348314
5358	-2442.069	-2667.557	225.4879	1.642394	2.740592
5364	-2453.278	-2675.215	221.9373	1.329146	4.970129
5370	-2449.579	-2673.588	224.0089	1.41094	3.753022
5376	-2437.257	-2660.754	223.4979	1.295625	4.111793
5382	-2439.092	-2664.638	225.5457	1.305028	2.910448
5388	-2448.364	-2673.657	225.2934	1.557349	2.910448
5394	-2449.471	-2671.973	222.5011	1.373989	4.630426
5400	-2450.913	-2673.592	222.6787	1.180757	4.639168
5406	-2456.414	-2678.133	221.7187	1.321657	5.095651
5412	-2431.892	-2654.697	222.8055	1.338767	4.479234
5418	-2437.881	-2661.52	223.6398	1.357676	3.995504
5424	-2444.679	-2666.198	221.5185	1.159444	5.29615
5430	-2439.987	-2664.257	224.2698	1.506198	3.546677
5436	-2442.282	-2667.557	225.275	1.516292	2.946282
5442	-2440.394	-2665.93	225.5358	1.620019	2.724993
5448	-2436.527	-2661.671	225.1435	1.572653	2.991471
5454	-2439.025	-2663.394	224.3693	1.557065	3.458973
5460	-2430.513	-2653.99	223.477	1.557065	3.974551
5466	-2434.615	-2658.919	224.3036	1.38789	3.595792
5472	-2419.811	-2644.527	224.7168	1.468495	3.307015
5478	-2444.047	-2669.347	225.2992	1.548299	2.912383
5484	-2446.685	-2668.897	222.2126	1.399571	4.777512
5490	-2443.777	-2666.139	222.362	1.250206	4.777512
5496	-2446.246	-2668.414	222.1674	1.444822	4.777512
5502	-2433.148	-2656.843	223.6947	1.440176	3.916882
5508	-2425.815	-2649.648	223.8336	1.301245	3.916882
5514	-2448.191	-2672.022	223.8312	1.303632	3.916882
5520	-2432.06	-2655.201	223.1405	1.269027	4.329649
5526	-2441.487	-2663.924	222.4374	1.18738	4.77049
5532	-2443.804	-2666.38	222.5755	1.172018	4.701877
5538	-2450.702	-2675.222	224.5202	1.317042	3.510984
5544	-2448.697	-2671.355	222.658	1.40701	4.523802
5550	-2459.637	-2682.842	223.2052	1.246723	4.305629
5556	-2438.158	-2660.631	222.473	1.241396	4.720376
5562	-2435.307	-2656.967	221.6606	1.184103	5.20403
5568	-2434.128	-2655.899	221.7709	1.073778	5.20403
5574	-2436.473	-2660.565	224.0919	1.522409	3.640539
5580	-2434.029	-2657.589	223.5591	1.400662	4.017058
5586	-2445.192	-2669.98	224.7883	1.392565	3.309647
5592	-2446.31	-2669.48	223.1695	1.291524	4.300498
5598	-2429.446	-2652.272	222.8259	1.237653	4.524668
5604	-2433.544	-2656.426	222.8827	1.219082	4.503139
5610	-2444.788	-2669.138	224.3505	1.360511	3.584452
5616	-2441.529	-2666.938	225.4087	1.496162	2.877687
5622	-2444.087	-2669.438	225.3505	1.624657	2.835125
5628	-2444.133	-2670.028	225.8958	1.445622	2.610757
5634	-2435.057	-2660.809	225.7523	1.589144	2.610757
5640	-2439.139	-2663.182	224.0426	1.345177	3.771477
5646	-2438.524	-2662.747	224.2239	1.297607	3.69431
5652	-2443.368	-2667.604	224.2359	1.285564	3.69431
5658	-2435.797	-2660.162	224.3649	1.463052	3.516389
5664	-2432.005	-2656.594	224.589	1.463052	3.385347
5670	-2435.83	-2657.658	221.8278	1.271723	5.062866
5676	-2445.013	-2668.068	223.0544	1.194422	4.420361
5682	-2440.869	-2666.081	225.2119	1.492053	2.998805
5688	-2447.572	-2672.602	225.0298	1.626041	3.027614
5694	-2445.492	-2671.255	225.7627	1.476638	2.673722
5700	-2445.987	-2670.966	224.9792	1.405224	3.189324
5706	-2446.195	-2670.109	223.9141	1.549471	3.72774
5712	-2429.571	-2654.341	224.7695	1.427894	3.299892
5718	-2421.289	-2646.018	224.7288	1.429987	3.322615
5724	-2442.287	-2667.636	225.3494	1.497914	2.912511
5730	-2438.988	-2664.525	225.5372	1.61612	2.726521
5736	-2453.015	-2678.956	225.9407	1.6476	2.456981
5742	-2449.886	-2675.585	225.6992	1.446661	2.731061
5748	-2446.125	-2671.76	225.6346	1.555898	2.703723
5754	-2443.934	-2669.013	225.0787	1.596098	3.016251
5760	-2442.952	-2668.859	225.9066	1.760676	2.407254
5766	-2450.893	-2676.541	225.6474	1.522804	2.716155
5772	-2439.957	-2665.446	225.4892	1.582238	2.776531
5778	-2448.176	-2673.565	225.3896	1.509591	2.881135
5784	-2445.662	-2671.818	226.1562	1.73173	2.266905
5790	-2453.577	-2679.734	226.1562	1.73173	2.266905
5796	-2445.75	-2670.305	224.5547	1.73173	3.24734
5802	-2458.088	-2683.549	225.4609	1.727339	2.705078
5808	-2449.521	-2673.861	224.3403	1.484163	3.518446
5814	-2443.673	-2668.647	224.9738	1.628767	3.059515
5820	-2448.89	-2673.276	224.3854	1.466783	3.502284
5826	-2462.323	-2686.883	224.5597	1.471852	3.397364
5832	-2464.888	-2690.452	225.5641	1.728128	2.641168
5838	-2448.738	-2675.314	226.5761	1.844521	1.916593
5844	-2455.516	-2681.576	226.0598	1.7415	2.322255
5850	-2456.391	-2682.663	226.2716	1.772568	2.165988
5856	-2443.867	-2667.414	223.5475	1.484697	3.975665
5862	-2441.041	-2663.643	222.6021	1.422873	4.546315
5868	-2420.051	-2643.672	223.621	1.449489	3.953738
5874	-2428.665	-2652.302	223.6364	1.502255	3.914688
5880	-2442.822	-2665.928	223.106	1.228917	4.371792
5886	-2437.938	-2659.103	221.1658	1.289443	5.418998
5892	-2442.446	-2665.198	222.7523	1.29168	4.535635
5898	-2450.907	-2674.84	223.9334	1.549269	3.716761
5904	-2454.839	-2677.387	222.5482	1.282201	4.655491
5910	-2438.563	-2663.17	224.6066	1.529637	3.335899
5916	-2444.371	-2669.449	225.0779	1.667377	2.973936
5922	-2431.53	-2657.133	225.6027	1.707227	2.6302
5928	-2426.658	-2652.007	225.3487	1.58354	2.861144
5934	-2448.671	-2673.88	225.2092	1.723016	2.861144
5940	-2433.817	-2659.72	225.9025	1.832211	2.364579
5946	-2436.398	-2662.097	225.6992	1.644011	2.609679
5952	-2443.384	-2668.565	225.1811	1.593698	2.956228
5958	-2466.135	-2689.216	223.0811	1.383286	4.298597
5964	-2445.684	-2669.113	223.4295	1.398922	4.091968
5970	-2455.467	-2678.761	223.2942	1.534223	4.091968
5976	-2449.661	-2674.444	224.7831	1.629909	3.172377
5982	-2425.847	-2650.441	224.5935	1.533751	3.341207
5988	-2441.155	-2664.865	223.71	1.457509	3.898145
5994	-2441.847	-2666.516	224.6694	1.289708	3.439822
6000	-2469.15	-2692.377	223.2271	1.583917	4.10188
6006	-2452.241	-2675.728	223.487	1.324014	4.10188
6012	-2449.479	-2672.481	223.0017	1.230085	4.429962
6018	-2436.469	-2658.798	222.3292	1.158796	4.846815
6024	-2438.236	-2661.312	223.0764	1.298939	4.348953
6030	-2446.953	-2668.46	221.5069	1.209669	5.274836
6036	-2442.741	-2667.043	224.3023	1.305583	3.644307
6042	-2447.457	-2671.565	224.108	1.397187	3.703753
6048	-2444.023	-2667.541	223.5187	1.191418	4.15927
6054	-2448.625	-2671.18	222.5542	1.201123	4.697491
6060	-2444.448	-2667.102	222.6538	1.252946	4.612681
6066	-2450.708	-2674.962	224.2538	1.60017	3.501217
6072	-2435.681	-2660.52	224.839	1.600087	3.156927
6078	-2432.099	-2656.087	223.9885	1.512353	3.706247
6084	-2435.884	-2659.997	224.1128	1.388042	3.706247
6090	-2436.956	-2660.868	223.9128	1.384397	3.82367
6096	-2438.584	-2662.399	223.8149	1.451827	3.84119
6102	-2431.578	-2657.754	226.1761	1.537548	2.377944
6108	-2435.783	-2661.468	225.6854	1.673026	2.600255
6114	-2423.553	-2650.051	226.4982	1.77911	2.012751
6120	-2440.109	-2665.329	225.2193	1.466618	3.009601
6126	-2449.646	-2675.514	225.8677	1.671053	2.488007
6132	-2457.492	-2683.042	225.5504	1.969973	2.499514
6138	-2443.003	-2668.312	225.3097	1.697662	2.815532
6144	-2444.319	-2669.351	225.0324	1.688524	2.988563
6150	-2442.935	-2667.474	224.5391	1.391255	3.456623
6156	-2439.904	-2663.551	223.6478	1.422271	3.953978
6162	-2440.148	-2665.434	225.2868	1.501265	2.948228
6168	-2436.791	-2662.741	225.9494	1.783169	2.365971
6174	-2438.071	-2663.99	225.9193	1.697109	2.439326
6180	-2439.663	-2665.262	225.5995	1.622057	2.684663
6186	-2433.262	-2658.275	225.0132	1.497775	3.114117
6192	-2439.466	-2663.972	224.5058	1.43222	3.452122
6198	-2433.88	-2657.15	223.2699	1.318232	4.228495
6204	-2445.3	-2668.512	223.212	1.484858	4.166785
6210	-2443.055	-2668.257	225.2019	1.427845	3.043262
6216	-2435.027	-2660.285	225.258	1.372467	3.0428
6222	-2432.731	-2657.627	224.8958	1.405365	3.238629
6228	-2434.629	-2658.676	224.0465	1.386963	3.745168
6234	-2434.239	-2658.793	224.5538	1.531822	3.365637
6240	-2437.511	-2662.756	225.2456	1.365432	3.054409
6246	-2436.536	-2661.243	224.7066	1.320919	3.399725
6252	-2444.604	-2668.071	223.4663	1.275458	4.141278
6258	-2460.861	-2682.918	222.0565	1.395898	4.866652
6264	-2460.363	-2682.88	222.5172	1.302548	4.661425
6270	-2459.283	-2680.228	220.9449	1.1067	5.640858
6276	-2474.348	-2697.168	222.82	1.252572	4.51956
6282	-2459.236	-2680.115	220.8785	1.239711	5.604307
6288	-2445.828	-2668.807	222.9791	1.328684	4.387068
6294	-2446.714	-2670.235	223.5215	1.599725	3.924683
6300	-2441.047	-2664.431	223.3834	1.466873	4.079515
6306	-2436.327	-2662.376	226.0483	1.757278	2.319568
6312	-2433.214	-2657.555	224.3412	1.653421	3.419034
6318	-2434.34	-2657.582	223.2422	1.52414	4.127267
6324	-2447.86	-2671.429	223.5689	1.676816	3.853241
6330	-2443.179	-2666.781	223.6021	1.349243	4.021832
6336	-2445.064	-2670.942	225.8778	1.551358	2.556341
6342	-2441.4	-2668.12	226.7196	1.771645	1.868627
6348	-2444.442	-2670.693	226.2511	1.619525	2.277956
6354	-2436.008	-2662.04	226.032	1.650333	2.397747
6360	-2434.272	-2659.777	225.5045	1.551378	2.786042
6366	-2446.411	-2672.125	225.7145	1.754616	2.531487
6372	-2435.137	-2660.286	225.1485	1.687563	2.919286
6378	-2428.907	-2654.217	225.3102	1.508682	2.929624
6384	-2450.047	-2675.543	225.4958	1.623766	2.747163
6390	-2446.172	-2669.673	223.5013	1.554746	3.961983
6396	-2451.708	-2675.204	223.4958	1.334324	4.090986
6402	-2442.675	-2668.021	225.3461	1.735611	2.770249
6408	-2447.593	-2670.512	222.9185	1.301985	4.436326
6414	-2438.159	-2661.296	223.1374	1.311629	4.307293
6420	-2448.703	-2672.183	223.4797	1.453355	4.032316
6426	-2441.123	-2665.564	224.4408	1.348329	3.538998
6432	-2441.175	-2665.495	224.3197	1.469487	3.538998
6438	-2440.116	-2663.848	223.7313	1.430471	3.901422
6444	-2457.184	-2681.87	224.6855	1.303848	3.422125
6450	-2450.127	-2673.885	223.7584	1.449831	3.874793
6456	-2439.36	-2663.825	224.4645	1.361659	3.517454
6462	-2444.538	-2669.153	224.6156	1.479577	3.360008
6468	-2459.409	-2684.199	224.7907	1.425374	3.288912
6474	-2447.583	-2669.959	222.376	1.255321	4.766827
6480	-2447.95	-2670.227	222.2773	1.353999	4.766827
6486	-2445.463	-2668.539	223.0757	1.297785	4.350015
6492	-2438.498	-2661.57	223.0725	1.43436	4.274587
6498	-2438.839	-2662.939	224.0998	1.388214	3.713639
6504	-2442.187	-2666.21	224.0231	1.464966	3.713639
6510	-2443.802	-2669.045	225.2433	1.827143	2.777115
6516	-2439.872	-2663.949	224.0767	1.624963	3.589862
6522	-2454.659	-2679.854	225.1947	1.761959	2.846335
6528	-2439.931	-2665.42	225.4884	1.765093	2.66499
6534	-2433.307	-2656.49	223.1826	1.584237	4.127
6540	-2449.326	-2671.469	222.1433	1.358711	4.838997
6546	-2456.87	-2678.444	221.574	1.382388	5.142222
6552	-2454.998	-2676.539	221.5409	1.415401	5.142222
6558	-2457.398	-2679.068	221.6701	1.286222	5.142222
6564	-2446.415	-2669.195	222.7799	1.429489	4.442579
6570	-2451.422	-2674.376	222.9538	1.211762	4.467239
6576	-2435.352	-2658.543	223.1913	1.345448	4.257612
6582	-2435.844	-2660.547	224.7035	1.513251	3.2885
6588	-2452.963	-2676.921	223.958	1.578882	3.685399
6594	-2445.88	-2665.358	219.4787	1.039175	6.476831
6600	-2443.04	-2667.364	224.3241	1.367931	3.595488
6606	-2450.426	-2675.268	224.8419	1.384141	3.283005
6612	-2446.413	-2668.469	222.0557	1.280729	4.931212
6618	-2440.773	-2665.313	224.5391	1.480354	3.404442
6624	-2452.169	-2676.343	224.1736	1.366141	3.683747
6630	-2445.196	-2669.445	224.2486	1.341605	3.65452
6636	-2444.125	-2667.067	222.9421	1.27707	4.437086
6642	-2433.419	-2655.095	221.6759	1.191963	5.191192
6648	-2438.339	-2660.698	222.3589	1.174757	4.821328
6654	-2434.058	-2657.074	223.0158	1.311105	4.376283
6660	-2447.236	-2669.11	221.874	1.370751	4.982191
6666	-2457.624	-2677.783	220.1591	1.149349	6.0472
6672	-2462.53	-2685.116	222.5861	1.159562	4.702901
6678	-2452.102	-2674.243	222.1413	1.385389	4.825239
6684	-2453.079	-2675.219	222.1401	1.304688	4.870916
6690	-2455.462	-2677.354	221.8917	1.239672	5.045171
6696	-2447.331	-2671.309	223.978	1.526228	3.704294
6702	-2439.55	-2664.841	225.2916	1.459709	2.970316
6708	-2442.397	-2667.694	225.2969	1.702259	2.820526
6714	-2442.729	-2667.313	224.5843	1.670985	3.26575
6720	-2442.108	-2665.871	223.7633	1.439905	3.877683
6726	-2449.76	-2673.686	223.9259	1.269852	3.881954
6732	-2445.023	-2668.858	223.8347	1.361003	3.881954
6738	-2438.453	-2662.269	223.8159	1.578034	3.767967
6744	-2430.706	-2656.216	225.5094	1.777769	2.644289
6750	-2429.976	-2654.48	224.5048	1.482151	3.423505
6756	-2433.102	-2657.384	224.2817	1.4987	3.54408
6762	-2439.744	-2664.614	224.8696	1.332201	3.29731
6768	-2435.218	-2658.792	223.574	1.255844	4.091144
6774	-2427.9	-2650.825	222.9256	1.414966	4.368609
6780	-2441.748	-2662.395	220.647	1.073502	5.822239
6786	-2445.676	-2668.035	222.3584	1.105087	4.860456
6792	-2443.927	-2667.653	223.7257	1.212257	4.029493
6798	-2449.497	-2674.534	225.0368	1.482109	3.109389
6804	-2434.567	-2659.499	224.9312	1.587751	3.109389
6810	-2436.187	-2659.989	223.8015	1.581405	3.7743
6816	-2436.153	-2660.156	224.0033	1.543433	3.679724
6822	-2422.261	-2647.052	224.7913	1.634528	3.164787
6828	-2432.873	-2657.414	224.541	1.643141	3.307731
6834	-2432.289	-2656.418	224.1289	1.557922	3.598473
6840	-2430.31	-2653.318	223.0079	1.295154	4.389738
6846	-2432.658	-2655.536	222.8778	1.42528	4.389738
6852	-2442.539	-2666.547	224.0075	1.507585	3.698013
6858	-2442.373	-2668.032	225.6587	1.656494	2.62699
6864	-2448.577	-2671.885	223.3079	1.493744	4.107179
6870	-2440.651	-2664.787	224.1355	1.610689	3.56397
6876	-2428.787	-2652.207	223.4196	1.40363	4.094881
6882	-2437.78	-2659.847	222.0663	1.242981	4.946344
6888	-2433.158	-2656.531	223.3727	1.346258	4.154212
6894	-2452.209	-2674.026	221.8172	1.53276	4.92368
6900	-2447.71	-2670.729	223.0192	0.9762602	4.562889
6906	-2451.678	-2672.395	220.7167	1.107758	5.765374
6912	-2451.76	-2676.42	224.6598	1.518734	3.311011
6918	-2456.563	-2680.058	223.4954	1.2429	4.143264
6924	-2442.488	-2665.712	223.2237	1.113789	4.370301
6930	-2442.11	-2664.42	222.3107	1.183476	4.843363
6936	-2450.667	-2673.535	222.8681	1.081601	4.588559
6942	-2459.396	-2682.853	223.4563	1.376218	4.089602
6948	-2449.512	-2673.712	224.1999	1.38322	3.658606
6954	-2446.855	-2670.378	223.5229	1.314371	4.08692
6960	-2446.547	-2670.397	223.8502	1.382495	3.860717
6966	-2437.328	-2661.826	224.4982	1.480843	3.428164
6972	-2444.623	-2669.548	224.925	1.554813	3.132689
6978	-2434.749	-2658.934	224.1854	1.554813	3.567483
6984	-2437.203	-2660.362	223.1588	1.277462	4.314513
6990	-2439.415	-2662.495	223.0798	1.356476	4.314513
6996	-2434.689	-2657.912	223.223	1.356476	4.233435
7002	-2443.05	-2667.654	224.6039	1.309372	3.466581
7008	-2447.546	-2672.136	224.5897	1.364583	3.442644
7014	-2439.041	-2665.118	226.0773	1.541947	2.437531
7020	-2444.627	-2670.144	225.5166	1.629707	2.730803
7026	-2451.242	-2676.053	224.8105	1.560685	3.197166
7032	-2428.108	-2652.312	224.2039	1.449437	3.61793
7038	-2431.372	-2655.396	224.024	1.399256	3.751063
7044	-2444.122	-2670.484	226.3624	1.586711	2.227543
7050	-2445.233	-2669.232	223.9991	1.417226	3.755008
7056	-2442.574	-2668.61	226.0365	1.781531	2.311595
7062	-2439.409	-2664.499	225.09	1.621067	2.994487
7068	-2446.849	-2670.76	223.9117	1.31426	3.864618
7074	-2438.768	-2663.418	224.6501	1.551062	3.297689
7080	-2441.687	-2666.955	225.2676	1.549993	2.930403
7086	-2446.628	-2671.85	225.2221	1.595532	2.930403
7092	-2438.38	-2663.163	224.7832	1.427781	3.291892
7098	-2425.409	-2650.548	225.1386	1.596519	2.980087
7104	-2440.463	-2664.232	223.7694	1.376982	3.910234
7110	-2455.208	-2679.496	224.2877	1.438367	3.575707
7116	-2446.262	-2672.46	226.1977	1.543096	2.36071
7122	-2444.402	-2669.061	224.659	1.615676	3.25431
7128	-2439.108	-2664.197	225.0886	1.485259	3.076623
7134	-2437.869	-2663.493	225.624	1.5995	2.683432
7140	-2448.573	-2673.974	225.4005	1.650311	2.789091
7104	-2523.781	-2746.949	223.1682	1.319112	4.285654
7110	-2466.272	-2689.02	222.7484	1.241025	4.5663
7116	-2460.039	-2683.129	223.0894	1.47394	4.242535
7122	-2442.41	-2667.187	224.7774	1.527306	3.236529
7128	-2450.863	-2674.825	223.9613	1.502801	3.727454
7134	-2456.626	-2680.269	223.6426	1.392861	3.973786
7140	-2450.011	-2673.362	223.3513	1.392861	4.139919
7146	-2436.904	-2662.119	225.2152	1.533418	2.971946
7152	-2436.793	-2661.827	225.0341	1.714483	2.971946
7158	-2446.636	-2671.536	224.9	1.848645	2.971946
7164	-2445.515	-2670.558	225.043	1.705591	2.971946
7170	-2445.847	-2672.215	226.3682	1.818774	2.07252
7176	-2447.208	-2673.773	226.5645	1.844127	1.924721
7182	-2454.52	-2680.543	226.0228	1.713188	2.363772
7188	-2440.027	-2665.904	225.8763	1.713188	2.456234
7194	-2454.388	-2676.017	221.6295	1.198174	5.213454
7200	-2458.396	-2680.055	221.6593	1.168312	5.213454
7206	-2444.906	-2668.708	223.8019	1.384127	3.887539
7212	-2438.17	-2659.965	221.7952	1.237802	5.099737
7218	-2444.144	-2666.125	221.9816	1.051439	5.099737
7224	-2463.076	-2687.924	224.8484	1.471681	3.227429
7230	-2452.784	-2676.426	223.6419	1.483371	3.92237
7236	-2444.826	-2669.809	224.9822	1.611949	3.064519
7242	-2451.547	-2677.004	225.4575	1.544249	2.818938
7248	-2447.959	-2673.032	225.073	1.517384	3.06675
7254	-2447.592	-2672.788	225.1953	1.58389	2.953564
7260	-2434.656	-2659.87	225.2132	1.566001	2.953564
7266	-2427.736	-2653.393	225.6573	1.768865	2.558221
7272	-2426.856	-2651.54	224.6844	1.552445	3.276641
7278	-2431.986	-2657.367	225.3811	1.66316	2.793072
7284	-2424.554	-2649.988	225.4337	1.610572	2.793072
7290	-2449.543	-2675.086	225.5432	1.494957	2.796822
7296	-2447.357	-2673.191	225.8336	1.625558	2.537677
7302	-2445.011	-2670.723	225.712	1.747235	2.537677
7308	-2443.271	-2669.23	225.9589	1.500285	2.537677
7314	-2444.169	-2668.73	224.5609	1.332939	3.477959
7320	-2440.322	-2663.964	223.6423	1.428268	3.95367
7326	-2433.084	-2657.655	224.571	1.576258	3.329425
7332	-2446.981	-2671.482	224.5006	1.438205	3.451676
7338	-2457.743	-2681.346	223.6031	1.445456	3.966295
7344	-2436.588	-2660.216	223.6283	1.420246	3.966295
7350	-2427.427	-2650.49	223.0624	1.453103	4.269658
7356	-2452.146	-2675.944	223.7981	1.434007	3.861077
7362	-2444.615	-2667.195	222.5805	1.464567	4.535039
7368	-2447.971	-2671.113	223.1417	1.284127	4.320388
7374	-2448.05	-2671.834	223.7846	1.400167	3.888223
7380	-2445.993	-2669.93	223.9367	1.380388	3.812231
7386	-2447.765	-2672.682	224.9166	1.493284	3.174271
7392	-2454.717	-2679.546	224.8287	1.581086	3.174271
7398	-2445.652	-2671.271	225.6189	1.53803	2.72429
7404	-2454.826	-2680.262	225.4356	1.57725	2.812218
7410	-2452.023	-2675.131	223.1079	1.275906	4.344172
7416	-2456.676	-2678.521	221.8453	1.280379	5.048347
7422	-2435.588	-2660.252	224.6644	1.73184	3.182335
7428	-2446.657	-2671.367	224.71	1.532062	3.273543
7434	-2440.527	-2665.774	225.2465	1.764567	2.813285
7440	-2439.865	-2665.751	225.8855	1.611122	2.514358
7446	-2443.722	-2668.981	225.2589	1.528889	2.948382
7452	-2442.242	-2665.987	223.7451	1.772489	3.696566
7458	-2438.08	-2662.157	224.0773	1.440257	3.696566
7464	-2444.598	-2668.94	224.3425	1.499184	3.508381
7470	-2450.085	-2676.391	226.3055	1.67566	2.206854
7476	-2447.724	-2673.767	226.0431	1.801281	2.294781
7482	-2442.593	-2666.088	223.495	1.615703	3.930691
7488	-2442.537	-2666.301	223.7643	1.346455	3.930691
7494	-2450.704	-2673.507	222.803	1.106135	4.611319
7500	-2449.664	-2672.287	222.6227	1.286463	4.611319
7506	-2450.547	-2675.076	224.529	1.555085	3.366564
7512	-2438.415	-2662.771	224.3556	1.486624	3.508092
7518	-2433.422	-2658.232	224.8101	1.61069	3.167765
7524	-2433.888	-2658.391	224.5034	1.552228	3.383251
7530	-2438.872	-2664.28	225.4088	1.508911	2.869941
7536	-2432.986	-2656.78	223.7938	1.457804	3.849892
7542	-2446.179	-2671.256	225.077	1.409917	3.128473
7548	-2460.041	-2685.64	225.5989	1.500164	2.759651
7554	-2426.943	-2651.104	224.1611	1.596204	3.557533
7560	-2441.008	-2666.813	225.8046	1.633968	2.550529
7566	-2431.309	-2657.023	225.7143	1.704591	2.562773
7572	-2433.339	-2657.827	224.4888	1.647905	3.335622
7578	-2452.583	-2677.118	224.535	1.74056	3.253805
7584	-2442.751	-2667.579	224.8281	1.447425	3.253805
7590	-2437.222	-2662.324	225.1021	1.572963	3.016074
7596	-2435.042	-2660.446	225.4039	1.572963	2.834099
7602	-2445.618	-2669.406	223.7888	1.379738	3.897571
7608	-2448.231	-2671.949	223.7178	1.353567	3.953241
7614	-2442.625	-2667.637	225.0118	1.36228	3.195464
7620	-2447.079	-2669.714	222.6354	1.387942	4.547255
7626	-2451.959	-2674.511	222.5517	1.471623	4.547255
7632	-2441.706	-2665.797	224.0917	1.478316	3.666232
7638	-2441.267	-2665.2	223.9326	1.47122	3.762242
7644	-2447.035	-2670.962	223.9272	1.47663	3.762242
7650	-2452.75	-2676.579	223.829	1.460689	3.827965
7656	-2456.383	-2676.969	220.5868	1.13387	5.822172
7662	-2456.741	-2678.353	221.6115	1.225587	5.208236
7668	-2452.987	-2674.68	221.6935	1.143558	5.208236
7674	-2453.315	-2676.118	222.8034	1.461307	4.411395
7680	-2455.769	-2680.634	224.8648	1.590921	3.147018
7686	-2455.678	-2680.49	224.8112	1.479606	3.244762
7692	-2457.726	-2683.108	225.3814	1.726744	2.754127
7698	-2442.142	-2666.474	224.3326	1.655446	3.422875
7704	-2444.474	-2668.719	224.2452	1.528556	3.547958
7710	-2429.838	-2652.573	222.7356	1.30239	4.538998
7716	-2441.399	-2663.723	222.3238	1.348694	4.743807
7722	-2436.772	-2659.77	222.9979	1.42514	4.321962
7728	-2436.964	-2660.098	223.1344	1.288676	4.321962
7734	-2442.328	-2664.225	221.8973	1.447334	4.926641
7740	-2432.955	-2656.811	223.8564	1.268099	3.922779
7746	-2443.301	-2664.275	220.9747	1.25303	5.54417
7752	-2445.507	-2666.661	221.1543	1.073433	5.54417
7758	-2439.606	-2660.518	220.9118	1.143174	5.638992
7764	-2434.428	-2657.253	222.8251	1.599618	4.321015
7770	-2455.563	-2678.002	222.4389	1.229534	4.746095
7776	-2445.3	-2668.691	223.391	1.222562	4.214106
7782	-2454.493	-2677.622	223.1286	1.269825	4.335881
7788	-2445.033	-2667.823	222.7896	1.277493	4.522638
7794	-2444.778	-2668.749	223.9718	1.531952	3.704552
7800	-2464.527	-2685.787	221.2606	1.174991	5.429801
7806	-2451.606	-2672.424	220.8181	1.143932	5.689977
7812	-2447.804	-2670.74	222.9358	1.156087	4.50869
7818	-2445.7	-2667.909	222.2086	1.397317	4.78099
7824	-2438.658	-2662.444	223.7863	1.437064	3.866115
7830	-2446.95	-2670.834	223.8841	1.339219	3.866115
7836	-2453.154	-2675.024	221.8697	1.272719	5.039047
7842	-2450.582	-2675.373	224.7908	1.391164	3.308987
7848	-2451.588	-2676.041	224.4529	1.503019	3.441641
7854	-2442.038	-2666.619	224.5808	1.495339	3.371228
7860	-2450.271	-2674.855	224.5837	1.544434	3.340662
7866	-2436.247	-2660.566	224.319	1.464386	3.542333
7872	-2452.285	-2676.557	224.272	1.511422	3.542333
7878	-2446.373	-2671.241	224.8671	1.616614	3.130355
7884	-2438.459	-2662.355	223.8968	1.61836	3.697976
7890	-2434.29	-2658.441	224.1509	1.539679	3.596312
7896	-2459.08	-2683.43	224.35	1.75164	3.356215
7902	-2446.712	-2670.297	223.5851	1.362858	4.023773
7908	-2439.045	-2660.779	221.7339	1.257747	5.122684
7914	-2444.904	-2667.822	222.9185	1.525791	4.309985
7920	-2428.639	-2653.707	225.0678	1.489127	3.086716
7926	-2429.258	-2654.577	225.3187	1.489127	2.936335
7932	-2436.106	-2658.833	222.7276	1.202169	4.599748
7938	-2435.408	-2658.493	223.0854	1.298952	4.343832
7944	-2440.201	-2664.338	224.1364	1.33465	3.723442
7950	-2449.663	-2674.098	224.4351	1.366089	3.531981
7956	-2437.534	-2661.164	223.6301	1.381891	3.987171
7962	-2446.266	-2670.453	224.1861	1.51841	3.588232
7968	-2446.23	-2671.16	224.9298	1.538894	3.139296
7974	-2437.047	-2660.515	223.4674	1.540849	3.989331
7980	-2448.742	-2673.197	224.4552	1.507212	3.437864
7986	-2457.098	-2682.808	225.7101	1.479439	2.704299
7992	-2438.86	-2664.806	225.9456	1.479439	2.558902
7998	-2451.688	-2678.306	226.6187	1.811126	1.910407
8004	-2443.837	-2670.269	226.4321	1.85296	2.007585
8010	-2444.981	-2671.675	226.6935	1.901478	1.79731
8016	-2448.367	-2675.113	226.7467	1.848311	1.79731
8022	-2454.556	-2680.927	226.3708	1.944061	1.987685
8028	-2459.674	-2686.385	226.7113	1.932416	1.763427
8034	-2448.15	-2671.334	223.1842	1.359654	4.253608
8040	-2434.199	-2657.59	223.391	1.359654	4.136216
8046	-2445.008	-2668.506	223.4981	1.25258	4.136216
8052	-2457.052	-2677.733	220.6812	1.154898	5.758989
8058	-2442.202	-2665.675	223.4732	1.542176	3.985262
8064	-2444.983	-2668.564	223.5809	1.322144	4.049434
8070	-2439.45	-2664.824	225.374	1.789254	2.720415
8076	-2436.318	-2661.346	225.0278	1.472605	3.120429
8082	-2439.14	-2664.083	224.9427	1.574615	3.110353
8088	-2441.144	-2665.443	224.2988	1.502666	3.531812
8094	-2435.163	-2659.135	223.9714	1.412125	3.773941
8100	-2438.139	-2662.329	224.1896	1.417627	3.644666
8106	-2428.92	-2652.207	223.2865	1.411321	4.16626
8112	-2432.981	-2656.617	223.636	1.536086	3.895521
8118	-2439.739	-2665.437	225.6978	1.561824	2.661213
8124	-2438.454	-2663.79	225.3365	1.668687	2.816856
8130	-2438.373	-2664.211	225.8381	1.668687	2.508005
8136	-2451.974	-2676.884	224.9098	1.384875	3.242485
8142	-2444.024	-2668.132	224.1077	1.349711	3.731321
8148	-2440.807	-2666.782	225.9751	1.642339	2.438636
8154	-2438.673	-2664.718	226.0444	1.677226	2.372886
8160	-2435.269	-2660.065	224.7962	1.720824	3.110523
8166	-2449.474	-2674.324	224.8505	1.666563	3.110523
8172	-2447.511	-2673.377	225.8667	1.713386	2.46213
8178	-2434.315	-2659.692	225.3767	1.506509	2.89079
8184	-2443.532	-2668.818	225.2861	1.59716	2.89079
8190	-2447.583	-2671.281	223.6983	1.366181	3.957201
8196	-2460.57	-2684.201	223.6317	1.432688	3.957201
8202	-2450.051	-2672.333	222.2816	1.239762	4.82818
8208	-2440.756	-2662.519	221.7633	1.197022	5.140025
8214	-2455.841	-2679.395	223.5541	1.490926	3.968333
8220	-2448.067	-2671.656	223.5894	1.455586	3.968333
8226	-2460.051	-2684.866	224.815	1.468121	3.249315
8232	-2437.397	-2660.332	222.9347	1.337123	4.40737
8238	-2444.709	-2667.164	222.4553	1.461454	4.60707
8244	-2436.697	-2659.369	222.6712	1.245575	4.60707
8250	-2431.101	-2653.487	222.3858	1.279296	4.747977
8256	-2442.773	-2665.669	222.896	1.416834	4.384227
8262	-2449.165	-2672.532	223.3678	1.542149	4.045482
8268	-2441.245	-2665.058	223.8129	1.451724	3.842394
8274	-2435.99	-2659.803	223.8129	1.451724	3.842394
8280	-2433.435	-2658.033	224.5974	1.514901	3.349976
8286	-2434.507	-2659.087	224.5802	1.532119	3.349976
8292	-2437.668	-2662.286	224.6181	1.494241	3.349976
8298	-2454.155	-2679.106	224.9511	1.513568	3.141689
8304	-2457.635	-2680.344	222.7081	1.312262	4.548914
8310	-2460.29	-2683.037	222.7472	1.273164	4.548914
8316	-2445.65	-2668.695	223.0451	1.220928	4.410654
8322	-2442.42	-2665.031	222.6105	1.368833	4.571959
8328	-2447.862	-2670.466	222.6035	1.25572	4.63935
8334	-2454.126	-2676.827	222.701	1.158195	4.63935
8340	-2435.809	-2659.332	223.5238	1.492813	3.984545
8346	-2454.814	-2678.535	223.7216	1.295034	3.984545
8352	-2438.749	-2660.44	221.6916	1.215659	5.169371
8358	-2437.036	-2659.411	222.3751	1.310237	4.736672
8364	-2453.989	-2676.425	222.4353	1.249974	4.736672
8370	-2447.494	-2670.45	222.9567	1.203031	4.470548
8376	-2448.426	-2671.267	222.8409	1.246205	4.51138
8382	-2445.151	-2667.165	222.0135	1.270366	4.960441
8388	-2442.913	-2665.495	222.5818	1.310051	4.621015
8394	-2443.164	-2668.415	225.251	1.395044	3.033494
8400	-2455.572	-2680.425	224.8527	1.487165	3.215738
8406	-2452.651	-2677.029	224.3779	1.398087	3.546669
8412	-2475.33	-2698.044	222.7139	1.404013	4.494046
8418	-2447.716	-2670.336	222.6199	1.422583	4.536503
8424	-2460.533	-2684.196	223.663	1.493349	3.904536
8430	-2450.943	-2674.983	224.0406	1.493349	3.687074
8436	-2451.315	-2675.015	223.7005	1.488528	3.885775
8442	-2440.027	-2663.857	223.83	1.359038	3.885775
8448	-2446.787	-2668.567	221.7803	1.089657	5.19003
8454	-2438.03	-2660.178	222.1472	1.392554	4.817948
8460	-2447.168	-2672.07	224.9021	1.445889	3.210962
8466	-2444.308	-2669.043	224.7344	1.546495	3.250597
8472	-2450.248	-2674.847	224.5991	1.681824	3.250597
8478	-2456.897	-2682.057	225.1595	1.419386	3.073645
8484	-2438.773	-2663.869	225.0962	1.604021	3.001031
8490	-2439.145	-2663.337	224.1915	1.439967	3.630628
8496	-2450.104	-2674.392	224.2873	1.38717	3.605646
8502	-2457.695	-2682.147	224.4521	1.222357	3.605646
8508	-2460.879	-2684.643	223.7639	1.171991	4.030672
8514	-2446.219	-2670.516	224.2974	1.413343	3.584581
8520	-2461.966	-2686.646	224.6801	1.413343	3.361052
8526	-2454.855	-2679.588	224.7339	1.348878	3.367291
8532	-2437.073	-2661.667	224.5935	1.489282	3.367291
8538	-2442.017	-2666.161	224.144	1.379169	3.693342
8544	-2445.002	-2670.117	225.1146	1.536927	3.030223
8550	-2442.693	-2667.825	225.1315	1.520001	3.030223
8556	-2432.255	-2655.568	223.3138	1.366251	4.176353
