Iteration	Posterior	Likelihood	Prior	rate_log_sd	tree_length
0	-2502.836	-2728.275	225.4381	1.601113	2.796156
6	-2517.006	-2742.322	225.3163	1.368244	3.010387
12	-2513.798	-2738.231	224.4333	1.27336	3.586993
18	-2509.205	-2734.512	225.307	1.502858	2.935082
24	-2503.062	-2728.599	225.5371	1.612808	2.728611
30	-2507.425	-2732.962	225.5371	1.612808	2.728611
36	-2510.069	-2736.252	226.1835	1.591039	2.339333
42	-2509.465	-2735.884	226.4183	1.818904	2.039351
48	-2514.242	-2740.836	226.594	1.64318	2.039351
54	-2520.9	-2748.096	227.1966	1.856882	1.466286
60	-2521.908	-2749.203	227.2952	1.855287	1.391648
66	-2518.75	-2746.142	227.3921	1.758408	1.391648
72	-2517.775	-2744.543	226.768	1.766367	1.839121
78	-2519.837	-2746.199	226.3614	1.505149	2.280578
84	-2519.646	-2745.135	225.4894	1.698418	2.705354
90	-2516.816	-2742.708	225.8915	1.652019	2.485062
96	-2522.846	-2748.435	225.5891	1.536708	2.743332
102	-2524.067	-2749.244	225.1775	1.504797	3.011768
108	-2515.197	-2741.515	226.3171	1.62518	2.231921
114	-2517.916	-2743.748	225.8312	1.733719	2.471637
120	-2515.969	-2741.29	225.3209	1.511691	2.921411
126	-2505.661	-2730.077	224.4163	1.407627	3.518763
132	-2506.72	-2728.496	221.7764	1.210798	5.125151
138	-2516.761	-2738.203	221.4414	1.174387	5.330497
144	-2515.528	-2738.948	223.4204	1.169506	4.227501
150	-2512.881	-2736.257	223.376	1.45903	4.08821
156	-2513.006	-2738.221	225.2153	1.464817	3.013057
162	-2514.154	-2738.565	224.4107	1.39467	3.529567
168	-2515.045	-2739.13	224.085	1.34287	3.74839
174	-2513.682	-2737.931	224.2489	1.388711	3.627064
180	-2509.184	-2734.081	224.897	1.467896	3.200937
186	-2519.834	-2743.399	223.5652	1.409469	4.008508
192	-2516.237	-2740.212	223.9748	1.413749	3.771057
198	-2516.228	-2741.51	225.2811	1.535448	2.931062
204	-2513.59	-2738.738	225.1476	1.565089	2.993555
210	-2517.251	-2741.042	223.7912	1.481222	3.837889
216	-2507.96	-2733.182	225.2213	1.481222	2.999625
222	-2512.724	-2734.697	221.973	1.365531	4.930036
228	-2508.778	-2734.197	225.4195	1.5515	2.837622
234	-2520.452	-2744.361	223.9096	1.410476	3.810472
240	-2533.351	-2757.401	224.05	1.529743	3.660616
246	-2539.498	-2764.528	225.0293	1.462664	3.125434
252	-2519.16	-2744.04	224.8804	1.449743	3.221491
258	-2514.015	-2739.12	225.1041	1.537929	3.035883
264	-2521.966	-2744.502	222.5354	1.085396	4.772716
270	-2522.384	-2743.752	221.3685	1.079026	5.42322
276	-2526.769	-2749.332	222.5635	1.35557	4.60578
282	-2515.119	-2739.015	223.8961	1.572534	3.724827
288	-2510.664	-2734.925	224.2615	1.588577	3.50348
294	-2517.449	-2743.367	225.918	1.504214	2.560668
300	-2518.297	-2743.772	225.4744	1.496818	2.837502
306	-2516.774	-2740.431	223.6574	1.335447	3.998121
312	-2519.526	-2743.246	223.7205	1.27236	3.998121
318	-2524.233	-2746.977	222.7435	1.236387	4.571622
324	-2528.535	-2751.121	222.5863	1.236387	4.659798
330	-2510.356	-2734.35	223.9936	1.344764	3.799938
336	-2518.349	-2741.077	222.7279	1.344764	4.519521
342	-2525.561	-2748.986	223.4245	1.415418	4.085422
348	-2524.08	-2746.354	222.2733	1.290471	4.804523
354	-2522.235	-2744.658	222.4235	1.140287	4.804523
360	-2520.147	-2742.179	222.0321	1.262803	4.954302
366	-2510.753	-2733.771	223.0182	1.340611	4.358264
372	-2513.414	-2736.942	223.5282	1.241483	4.125393
378	-2520.035	-2745.032	224.9975	1.496958	3.123955
384	-2523.492	-2749.086	225.5944	1.35427	2.851189
390	-2525.374	-2749.111	223.737	1.247766	4.002782
396	-2517.263	-2740.915	223.6524	1.332373	4.002782
402	-2517.561	-2740.373	222.812	1.310412	4.491523
408	-2523.048	-2745.843	222.7951	1.327385	4.491523
414	-2517.117	-2738.971	221.8536	1.207294	5.084273
420	-2524.732	-2747.63	222.8976	1.354525	4.418508
426	-2528.13	-2750.773	222.6428	1.521973	4.467685
432	-2533.383	-2758.546	225.1627	1.351019	3.112526
438	-2523.726	-2747.389	223.6631	1.351019	3.98599
444	-2521.087	-2743.789	222.7018	1.122359	4.658961
450	-2528.121	-2750.822	222.7018	1.122359	4.658961
456	-2514.593	-2738.871	224.2774	1.196385	3.721857
462	-2518.165	-2742.648	224.483	1.438937	3.461511
468	-2512.926	-2737.004	224.0776	1.412077	3.712671
474	-2517.396	-2742.435	225.039	1.528831	3.080256
480	-2520.872	-2747.114	226.2418	1.733683	2.210508
486	-2527.235	-2753.86	226.6254	1.733683	1.958108
492	-2532.78	-2759.413	226.6331	1.75893	1.935954
498	-2532.081	-2758.628	226.5469	1.75893	1.993736
504	-2529.407	-2755.935	226.5283	1.767247	2.000612
510	-2524.127	-2749.889	225.7615	1.668812	2.555676
516	-2515.29	-2740.909	225.6189	1.67848	2.637943
522	-2512.239	-2737.821	225.5815	1.557165	2.735474
528	-2514.258	-2739.691	225.4334	1.484838	2.869627
534	-2507.096	-2731.84	224.7443	1.473867	3.287644
540	-2504.518	-2730.01	225.4921	1.508244	2.819838
546	-2512.625	-2738.238	225.6129	1.540913	2.726211
552	-2520.089	-2744.927	224.8381	1.651944	3.126571
558	-2522.399	-2746.249	223.85	1.455737	3.818748
564	-2524.435	-2749.175	224.7394	1.55096	3.245042
570	-2526.366	-2751.929	225.5627	1.48049	2.793743
576	-2516.986	-2740.845	223.8592	1.415584	3.836557
582	-2521.865	-2746.284	224.419	1.387066	3.529149
588	-2517.765	-2741.73	223.9651	1.359418	3.807949
594	-2515.708	-2740.204	224.4956	1.359418	3.50059
600	-2508.422	-2732.488	224.0661	1.358369	3.750357
606	-2504.732	-2728.782	224.0505	1.324807	3.778694
612	-2499.205	-2723.081	223.8759	1.357845	3.860108
618	-2497.422	-2721.035	223.6127	1.486874	3.937071
624	-2496.951	-2720.678	223.727	1.330905	3.960911
630	-2497.193	-2721.038	223.845	1.304994	3.908185
636	-2500.861	-2724.732	223.871	1.278974	3.908185
642	-2506.302	-2730.275	223.9734	1.437057	3.758407
648	-2512.324	-2735.183	222.8588	1.221533	4.515181
654	-2511.748	-2735.241	223.4927	1.351916	4.082697
660	-2526.464	-2749.004	222.5396	1.351916	4.621231
666	-2515.831	-2739.424	223.5925	1.3841	4.007407
672	-2513.301	-2738.51	225.2097	1.408351	3.050228
678	-2504.296	-2729.03	224.7332	1.408351	3.332794
684	-2508.534	-2733.104	224.5694	1.572158	3.332794
690	-2511.221	-2735.118	223.8973	1.524135	3.752066
696	-2514.651	-2738.663	224.0124	1.409033	3.752066
702	-2515.429	-2739.972	224.5439	1.377978	3.461581
708	-2513.965	-2738.52	224.5549	1.419014	3.431144
714	-2511.814	-2736.329	224.5159	1.458032	3.431144
720	-2503.24	-2728.477	225.237	1.409871	3.032967
726	-2506.95	-2732.22	225.2698	1.648836	2.869405
732	-2503.282	-2729.352	226.0701	1.692554	2.346849
738	-2519.145	-2745.259	226.1133	1.645498	2.349301
744	-2510.054	-2736.047	225.9922	1.6393	2.429807
750	-2516.612	-2742.276	225.6639	1.638631	2.634773
756	-2515.039	-2739.502	224.4635	1.591497	3.383641
762	-2519.836	-2745.168	225.3312	1.600761	2.861304
768	-2521.563	-2745.322	223.7592	1.447773	3.87548
774	-2513.543	-2738.44	224.8972	1.595085	3.125259
780	-2523.618	-2748.992	225.3741	1.432501	2.937063
786	-2518.708	-2742.455	223.7467	1.392669	3.914288
792	-2515.72	-2740.234	224.5145	1.469368	3.425314
798	-2519.035	-2742.86	223.8255	1.36869	3.882823
804	-2514.656	-2739.332	224.6762	1.445622	3.344373
810	-2514.212	-2737.427	223.2144	1.142773	4.359216
816	-2507.865	-2729.862	221.9968	1.140986	5.041594
822	-2504.789	-2725.68	220.8911	1.165642	5.638048
828	-2511.815	-2733.594	221.7792	1.291709	5.078714
834	-2509.427	-2732.023	222.5962	1.303879	4.616426
840	-2511.137	-2733.81	222.6733	1.226751	4.616426
846	-2509.801	-2732.236	222.435	1.255137	4.733985
852	-2511.733	-2734.904	223.1709	1.341494	4.271414
858	-2510.116	-2734.565	224.4498	1.47257	3.461278
864	-2507.121	-2730.408	223.2868	1.452763	4.142519
870	-2509.362	-2732.667	223.3049	1.434642	4.142519
876	-2509.019	-2732.411	223.3923	1.305861	4.166046
882	-2515.421	-2739.085	223.6638	1.422725	3.944555
888	-2512.89	-2737.53	224.6409	1.422725	3.37856
894	-2511.257	-2735.841	224.5845	1.47911	3.37856
900	-2520.89	-2745.682	224.7921	1.411753	3.296089
906	-2514.373	-2738.847	224.4738	1.345819	3.521244
912	-2510.201	-2734.448	224.2466	1.452658	3.5913
918	-2515.613	-2740.06	224.4466	1.459981	3.470493
924	-2520.053	-2740.72	220.6668	1.167895	5.759727
930	-2515.572	-2736.465	220.8939	1.222612	5.60527
936	-2510.428	-2734.475	224.0471	1.172457	3.868302
942	-2513.707	-2736.816	223.1091	1.342051	4.306094
948	-2512.156	-2735.245	223.0896	1.337916	4.31944
954	-2522.536	-2746.733	224.1976	1.172325	3.781793
960	-2529.274	-2751.461	222.1871	1.197729	4.904311
966	-2528.235	-2750.561	222.3252	1.059582	4.904311
972	-2536.937	-2757.289	220.3518	1.046095	5.998468
978	-2522.026	-2743.988	221.9619	1.046095	5.113584
984	-2507.404	-2730.256	222.8517	1.242424	4.507468
990	-2510.199	-2733.088	222.8889	1.205179	4.507468
996	-2507.613	-2730.572	222.9587	1.266439	4.433691
