Iteration	Posterior	Likelihood	Prior	rate_log_sd	tree_length
0	-2448.375	-2668.445	220.0699	1.358789	5.981635
6	-2439.379	-2662.389	223.0103	1.449746	4.301077
12	-2430.605	-2653.878	223.2726	1.373963	4.195347
18	-2432.608	-2656.229	223.6206	1.340416	4.016302
24	-2436.558	-2660.479	223.9207	1.447738	3.782661
30	-2431.248	-2654.352	223.1036	1.516909	4.210118
36	-2446.702	-2669.96	223.2578	1.369695	4.206191
42	-2429.43	-2652.108	222.6778	1.125822	4.670445
48	-2437.562	-2661.647	224.0851	1.259247	3.796537
54	-2439.358	-2661.861	222.5031	1.241364	4.703555
60	-2455.863	-2679.451	223.5881	1.619752	3.874972
66	-2440.456	-2663.823	223.3664	1.422208	4.114593
72	-2460.754	-2684.764	224.0108	1.370169	3.775404
78	-2451.523	-2676.592	225.0687	1.631124	3.001255
84	-2456.015	-2679.228	223.2128	1.485515	4.165979
90	-2445.505	-2668.781	223.2757	1.501173	4.121307
96	-2449.782	-2672.283	222.501	1.426453	4.601046
102	-2444.558	-2668.675	224.117	1.332641	3.735829
108	-2442.985	-2665.997	223.0116	1.288336	4.391502
114	-2436.396	-2659.375	222.9791	1.222956	4.446697
120	-2454.724	-2677.141	222.4172	1.065315	4.849841
126	-2471.783	-2691.56	219.7768	1.065991	6.300576
132	-2450.069	-2672.61	222.5412	1.415752	4.584543
138	-2451.196	-2677.278	226.0828	1.628622	2.379374
144	-2456.201	-2680.826	224.6244	1.577032	3.29752
150	-2460.408	-2684.122	223.7142	1.538132	3.84943
156	-2445.526	-2669.516	223.9896	1.246895	3.858545
162	-2446.467	-2670.094	223.6267	1.429631	3.961866
168	-2454.788	-2679.229	224.4407	1.443748	3.483422
174	-2436.161	-2661.391	225.23	1.594868	2.926022
180	-2446.792	-2670.992	224.1999	1.526066	3.575749
186	-2451.986	-2677.674	225.6879	1.489201	2.711905
192	-2443.195	-2668.002	224.8078	1.547251	3.206735
198	-2436.398	-2660.984	224.5869	1.523606	3.35104
204	-2447.543	-2671.34	223.7967	1.341524	3.914944
210	-2449.301	-2673.223	223.9222	1.70396	3.633678
216	-2452.275	-2677.514	225.2389	1.489659	2.984014
222	-2453.715	-2679.692	225.9766	1.585915	2.473135
228	-2435.603	-2661.417	225.8137	1.869676	2.397101
234	-2443.231	-2666.105	222.8744	1.572503	4.308473
240	-2444.921	-2668.255	223.3338	1.366857	4.164657
246	-2441.557	-2666.054	224.4975	1.617529	3.3484
252	-2445.687	-2669.508	223.8207	1.591441	3.757442
258	-2457.919	-2681.517	223.5979	1.587259	3.888045
264	-2442.247	-2665.208	222.9602	1.430895	4.340065
270	-2442.53	-2665.331	222.8009	1.278822	4.515525
276	-2436.975	-2660.128	223.1531	1.349121	4.277201
282	-2440.369	-2664.53	224.1616	1.297421	3.730378
288	-2448.251	-2672.147	223.8961	1.330712	3.864115
294	-2447.367	-2669.736	222.3691	1.461118	4.655588
300	-2441.108	-2663.34	222.2323	1.338116	4.80085
306	-2440.929	-2663.261	222.332	1.238428	4.80085
312	-2442.334	-2663.483	221.1498	1.238441	5.455879
318	-2430.585	-2653.022	222.4372	1.207301	4.75947
324	-2430.612	-2654.042	223.4299	1.509372	4.028752
330	-2444.15	-2667.828	223.6777	1.421623	3.937242
336	-2432.129	-2656.524	224.3955	1.421623	3.522678
342	-2440.492	-2666.68	226.1877	1.765041	2.22522
348	-2439.238	-2665.414	226.1761	1.714516	2.265168
354	-2434.087	-2659.358	225.2703	1.639408	2.87476
360	-2451.346	-2677.726	226.3806	1.770776	2.095956
366	-2446.574	-2672.677	226.103	1.738041	2.296925
372	-2438.415	-2663.522	225.1072	1.429108	3.099029
378	-2429.591	-2653.952	224.3612	1.51249	3.489715
384	-2434.585	-2657.445	222.8593	1.405288	4.411477
390	-2438.403	-2662.943	224.5396	1.407697	3.446684
396	-2433.328	-2656.181	222.8528	1.534979	4.341923
402	-2470.463	-2694.919	224.4562	1.440094	3.476528
408	-2463.321	-2687.663	224.3413	1.486044	3.516716
414	-2443.401	-2666.821	223.4194	1.347609	4.126932
420	-2452.079	-2677.567	225.4876	1.534561	2.806555
426	-2446.419	-2669.147	222.7277	1.199297	4.601344
432	-2450.13	-2673.828	223.6974	1.402586	3.936855
438	-2443.174	-2667.605	224.4319	1.405044	3.511159
444	-2463.461	-2689.394	225.9325	1.648903	2.461265
450	-2448.891	-2675.02	226.1289	1.625876	2.351889
456	-2442.624	-2668.61	225.986	1.659522	2.42098
462	-2447.772	-2671.401	223.6288	1.505196	3.917382
468	-2449.403	-2674.004	224.6004	1.533442	3.337324
474	-2437.478	-2662.079	224.6004	1.533442	3.337324
480	-2466.443	-2691.646	225.2026	1.678656	2.891969
486	-2457.009	-2682.237	225.2284	1.652874	2.891969
492	-2452.069	-2674.104	222.0352	1.211962	4.980862
498	-2456.249	-2679.455	223.2061	1.319917	4.263722
504	-2443.845	-2666.227	222.3824	1.400246	4.682216
510	-2446.033	-2669.335	223.302	1.366137	4.183122
516	-2440.67	-2664.78	224.1102	1.359167	3.724395
522	-2431.465	-2653.352	221.8877	1.391342	4.963152
528	-2431.007	-2654.612	223.6046	1.340528	4.025393
534	-2437.706	-2662.996	225.2901	1.707866	2.821285
540	-2436.919	-2662.197	225.2777	1.523408	2.940334
546	-2448.104	-2673.029	224.9248	1.508848	3.160118
552	-2446.999	-2670.141	223.141	1.245047	4.342869
558	-2437.874	-2661.096	223.2214	1.327748	4.250618
564	-2454.574	-2677.622	223.0478	1.429413	4.291327
570	-2471.313	-2693.688	222.3745	1.252634	4.769161
576	-2461.319	-2683.704	222.3849	1.242288	4.769161
582	-2459.936	-2683.066	223.1304	1.329275	4.301253
588	-2441.835	-2664.855	223.0194	1.440338	4.301253
594	-2439.507	-2660.896	221.3891	1.151497	5.371958
600	-2441.853	-2663.385	221.5321	1.143908	5.297265
606	-2435.847	-2658.298	222.4512	1.185694	4.76373
612	-2451.924	-2675.395	223.4715	1.474676	4.024822
618	-2436.703	-2659.931	223.228	1.433818	4.186705
624	-2464.672	-2688.721	224.0492	1.553554	3.647235
630	-2440.489	-2664.893	224.4034	1.55463	3.44042
636	-2442.04	-2664.536	222.4963	1.365126	4.638096
642	-2444.161	-2668.834	224.673	1.594252	3.258668
648	-2432.564	-2656.542	223.9783	1.590985	3.66663
654	-2447.117	-2671.558	224.4417	1.498804	3.450656
660	-2431.168	-2656.095	224.927	1.622528	3.09114
666	-2450.451	-2675.286	224.8344	1.715189	3.09114
672	-2441.372	-2666.144	224.7719	1.541842	3.231229
678	-2435.105	-2660.2	225.0952	1.428507	3.106539
684	-2430.249	-2655.44	225.1914	1.384759	3.075244
690	-2432.573	-2657.813	225.2404	1.58	2.928762
696	-2422.696	-2648.25	225.554	1.677348	2.678612
702	-2437.93	-2662.505	224.5748	1.788967	3.201588
708	-2447.834	-2674.198	226.3639	1.779628	2.101142
714	-2441.709	-2665.307	223.5989	1.499289	3.937864
720	-2443.819	-2668.946	225.127	1.510249	3.038768
726	-2438.247	-2662.891	224.6441	1.390779	3.395439
732	-2445.708	-2671.335	225.6267	1.518715	2.731331
738	-2446.999	-2671.443	224.4432	1.632291	3.371581
744	-2434.648	-2658.508	223.8604	1.588644	3.736136
750	-2444.182	-2669.705	225.5224	1.650717	2.714372
756	-2438.292	-2662.678	224.3859	1.518221	3.471954
762	-2434.077	-2659.449	225.372	1.670407	2.794229
768	-2417.197	-2643.037	225.8406	1.686053	2.495589
774	-2429.344	-2654.711	225.3665	1.602138	2.839076
780	-2427.564	-2652.284	224.7194	1.480041	3.298676
786	-2426.719	-2651.345	224.6259	1.343515	3.433786
792	-2426.865	-2649.185	222.3203	1.337866	4.751816
798	-2433.196	-2656.534	223.338	1.362339	4.164843
804	-2430.19	-2653.63	223.4399	1.477542	4.041227
810	-2422.267	-2646.348	224.0816	1.488174	3.666362
816	-2426.188	-2652.088	225.9006	1.541514	2.548327
822	-2424.726	-2650.497	225.7709	1.665051	2.552166
828	-2413.903	-2639.061	225.1577	1.582052	2.977278
834	-2436.901	-2662.035	225.1342	1.629622	2.962836
840	-2431.741	-2657.127	225.3856	1.506946	2.885168
846	-2444.628	-2669.555	224.9267	1.543106	3.138623
852	-2446.01	-2668.867	222.8562	1.304085	4.470241
858	-2442.681	-2667.446	224.765	1.397227	3.320604
864	-2427.23	-2649.765	222.5354	1.408261	4.591957
870	-2420.425	-2644.864	224.4397	1.46733	3.470239
876	-2433.79	-2658.703	224.9122	1.574522	3.128599
882	-2437.42	-2661.875	224.455	1.458674	3.466355
888	-2431.43	-2655.901	224.4708	1.710374	3.309472
894	-2444.319	-2667.094	222.7743	1.409399	4.457016
900	-2462.142	-2683.245	221.1033	1.219171	5.492056
906	-2468.192	-2690.316	222.1239	1.10828	4.989186
912	-2456.055	-2682.386	226.3305	1.81952	2.09685
918	-2458.676	-2685.007	226.3305	1.81952	2.09685
924	-2453.736	-2678.705	224.9694	1.735989	2.997896
930	-2466.459	-2690.844	224.3844	1.432565	3.5228
936	-2447.782	-2672.196	224.4144	1.585289	3.41603
942	-2444.786	-2669.185	224.3991	1.557227	3.441428
948	-2439.618	-2663.326	223.7081	1.487429	3.882073
954	-2438.454	-2662.991	224.5365	1.32004	3.499732
960	-2444.371	-2668.805	224.4347	1.447215	3.484928
966	-2452.87	-2675.142	222.272	1.393809	4.747533
972	-2437.725	-2661.006	223.2811	1.492682	4.123045
978	-2442.658	-2665.122	222.464	1.255593	4.717493
984	-2453.922	-2677.494	223.572	1.489528	3.958867
990	-2453.682	-2676.678	222.9965	1.345181	4.367939
996	-2456.489	-2680.292	223.8024	1.476437	3.834188
1002	-2466.133	-2689.13	222.9971	1.377578	4.349332
1008	-2466.459	-2689.562	223.1035	1.411171	4.270155
1014	-2450.799	-2672.737	221.9386	1.41545	4.921401
1020	-2444.051	-2668.872	224.8216	1.533018	3.207032
1026	-2462.502	-2681.877	219.3755	1.272297	6.406423
1032	-2447.638	-2669.418	221.7803	1.222611	5.116442
1038	-2448.773	-2671.892	223.1191	1.252406	4.351113
1044	-2444.042	-2667.703	223.6609	1.28475	4.025089
1050	-2453.747	-2676.934	223.1869	1.371893	4.245141
1056	-2450.155	-2673.615	223.4597	1.375548	4.088056
1062	-2447.712	-2671.015	223.303	1.532257	4.088056
1068	-2456.449	-2681.42	224.971	1.610459	3.072109
1074	-2451.2	-2677.128	225.9282	1.806927	2.36431
1080	-2432.789	-2658.214	225.425	1.806927	2.678292
1086	-2434.954	-2659.451	224.4973	1.568995	3.376983
1092	-2440.674	-2664.992	224.3176	1.585834	3.472376
1098	-2446.163	-2671.986	225.8222	1.683359	2.508757
1104	-2457.196	-2682.522	225.3259	1.491957	2.930244
1110	-2437.953	-2663.248	225.2954	1.49758	2.945281
1116	-2454.001	-2677.342	223.3407	1.399048	4.142399
1122	-2451.744	-2676.525	224.7809	1.521171	3.238097
1128	-2452.065	-2677.395	225.3301	1.51474	2.914015
1134	-2437.832	-2663.527	225.6942	1.618926	2.628248
1140	-2445.821	-2670.967	225.1461	1.572298	2.990127
1146	-2451.683	-2675.308	223.6246	1.246081	4.067871
1152	-2440.127	-2664.416	224.2887	1.483305	3.548999
1158	-2453.346	-2677.117	223.7711	1.426574	3.880818
1164	-2450.028	-2673.241	223.213	1.513435	4.149972
1170	-2448.138	-2672.975	224.8375	1.508582	3.21209
1176	-2449.612	-2672.697	223.0845	1.508582	4.225673
1182	-2454.291	-2677.339	223.0485	1.544673	4.225673
1188	-2448.639	-2673.158	224.5189	1.475384	3.41919
1194	-2444.358	-2667.681	223.3231	1.410471	4.145919
1200	-2433.854	-2658.381	224.5267	1.482485	3.410485
1206	-2433.953	-2658.781	224.8281	1.784665	3.053388
1212	-2444.676	-2669.472	224.7951	1.75321	3.09191
1218	-2431.193	-2655.667	224.4737	1.525324	3.416453
1224	-2442.765	-2666.68	223.9153	1.450467	3.784178
1230	-2443.186	-2666.793	223.6069	1.334154	4.027696
1236	-2446.831	-2670.965	224.1335	1.507785	3.624923
1242	-2436.641	-2660.527	223.8859	1.440133	3.807043
1248	-2431.188	-2656.667	225.4794	1.540148	2.808144
1254	-2441.508	-2665.674	224.1663	1.611824	3.545412
1260	-2440.602	-2664.696	224.0941	1.684002	3.545412
1266	-2440.901	-2665.66	224.7594	1.712589	3.137352
1272	-2448.686	-2672.859	224.1728	1.630889	3.53051
1278	-2449.278	-2673.326	224.0482	1.75551	3.53051
1284	-2435.874	-2659.893	224.0189	1.61674	3.628217
1290	-2463.706	-2686.436	222.73	1.130104	4.638817
1296	-2453.839	-2678.466	224.6265	1.362413	3.42238
1302	-2445.873	-2670.324	224.4513	1.400411	3.502545
1308	-2444.161	-2667.114	222.9529	1.489803	4.310866
1314	-2445.552	-2670.338	224.7859	1.4654	3.268086
1320	-2441.166	-2665.974	224.8082	1.443119	3.268086
1326	-2445.039	-2669.919	224.8807	1.370586	3.268086
1332	-2437.672	-2660.758	223.0856	1.334751	4.323525
1338	-2441.872	-2664.974	223.1013	1.319029	4.323525
1344	-2436.58	-2660.432	223.8514	1.418629	3.839286
1350	-2438.306	-2662.411	224.1058	1.532017	3.626929
1356	-2439.55	-2664.539	224.9896	1.431931	3.167329
1362	-2453.887	-2676.787	222.9	1.273571	4.462765
1368	-2447.263	-2669.097	221.8338	1.181367	5.109638
1374	-2454.746	-2676.322	221.5754	1.337976	5.166021
1380	-2449.542	-2672.407	222.8651	1.279988	4.478786
1386	-2458.001	-2681.746	223.7445	1.468912	3.871804
1392	-2445.805	-2666.707	220.9015	1.124275	5.655015
1398	-2445.911	-2668.478	222.5674	1.175022	4.704727
1404	-2455.702	-2678.34	222.6383	1.235267	4.631264
1410	-2447.165	-2670.571	223.4061	1.38372	4.113911
1416	-2434.468	-2659.019	224.551	1.492744	3.390249
1422	-2428.811	-2653.22	224.4087	1.472466	3.485323
1428	-2442.458	-2667.296	224.8381	1.551676	3.18616
1434	-2448.403	-2673.882	225.479	1.536711	2.810485
1440	-2443.907	-2668.983	225.0754	1.274618	3.209739
1446	-2436.301	-2660.692	224.3903	1.393228	3.542284
1452	-2430.822	-2656.196	225.3743	1.498309	2.897194
1458	-2432.892	-2657.917	225.0248	1.561878	3.068954
1464	-2434.966	-2659.017	224.0513	1.388417	3.741541
1470	-2437.581	-2661.207	223.6254	1.429026	3.962907
1476	-2442.735	-2666.507	223.7722	1.337424	3.931304
1482	-2454.144	-2677.186	223.0422	1.40889	4.306134
1488	-2445.887	-2668.424	222.5364	1.273496	4.666953
1494	-2438.135	-2660.798	222.6631	1.479749	4.480026
1500	-2433.308	-2657.483	224.1751	1.525008	3.590798
1506	-2435.505	-2659.71	224.2047	1.496137	3.590377
1512	-2434.511	-2658.495	223.984	1.430953	3.755846
1518	-2425.145	-2649.085	223.94	1.474948	3.755846
1524	-2424.209	-2649.212	225.0028	1.620238	3.047242
1530	-2441.276	-2665.596	224.3201	1.502668	3.519415
1536	-2446.736	-2670.839	224.1026	1.456719	3.672437
1542	-2447.26	-2672.211	224.9503	1.727443	3.014474
1548	-2444.229	-2669.249	225.0198	1.491916	3.113701
1554	-2456.47	-2680.749	224.2792	1.354464	3.629319
1560	-2453.357	-2677.82	224.4631	1.468779	3.45571
1566	-2445.758	-2670.165	224.4074	1.382473	3.538562
1572	-2444.723	-2668.088	223.3649	1.362473	4.149424
1578	-2450.342	-2673.565	223.2234	1.504069	4.149424
1584	-2451.507	-2676.91	225.4032	1.597488	2.819583
1590	-2448.017	-2673.323	225.3063	1.609424	2.871134
1596	-2447.528	-2672.881	225.3527	1.563051	2.871134
1602	-2443.084	-2667.925	224.8414	1.381475	3.284896
1608	-2437.912	-2662.436	224.5245	1.470304	3.418915
1614	-2438.905	-2662.101	223.1955	1.250171	4.309182
1620	-2436.87	-2660.561	223.6914	1.482173	3.894683
1626	-2440.482	-2664.226	223.7445	1.292553	3.972849
1632	-2448.007	-2673.303	225.2965	1.595451	2.885519
1638	-2453.646	-2677.662	224.0153	1.414726	3.747129
1644	-2441.774	-2665.706	223.9321	1.364811	3.823839
1650	-2452.598	-2675.144	222.5457	1.364692	4.610648
1656	-2463.805	-2688.468	224.6632	1.393569	3.382559
1662	-2461.775	-2684.655	222.8801	1.225864	4.500767
1668	-2466.83	-2691.964	225.1343	1.407848	3.095551
1674	-2447.085	-2672.588	225.5026	1.593072	2.761717
1680	-2445.355	-2669.51	224.1545	1.509291	3.611838
1686	-2447.696	-2670.54	222.844	1.477111	4.379589
1692	-2444.819	-2670.239	225.4202	1.627687	2.7909
1698	-2431.858	-2656.688	224.8293	1.547893	3.19366
1704	-2429.987	-2652.501	222.5145	1.459295	4.575057
1710	-2439.545	-2663.679	224.1341	1.485799	3.637296
1716	-2457.057	-2678.766	221.7083	1.268401	5.130926
1722	-2463.41	-2688.938	225.5279	1.535861	2.781233
1728	-2448.514	-2674.224	225.7093	1.633907	2.609646
1734	-2443.789	-2670.447	226.6583	1.831418	1.86969
1740	-2443.634	-2667.038	223.404	1.382369	4.115919
1746	-2453.382	-2677.639	224.257	1.305582	3.670554
1752	-2448.856	-2671.797	222.9409	1.238736	4.459312
1758	-2471.492	-2694.229	222.7368	1.23194	4.577887
1764	-2465.576	-2690.252	224.676	1.420918	3.358996
1770	-2459.325	-2684.461	225.1363	1.445359	3.071972
1776	-2447.369	-2670.512	223.1432	1.344854	4.285214
1782	-2447.549	-2670.77	223.2208	1.349076	4.23883
1788	-2439.022	-2662.664	223.6421	1.382904	3.979769
1794	-2447.981	-2670.195	222.2131	1.286295	4.840452
1800	-2449.471	-2673.212	223.7411	1.405912	3.909877
1806	-2433.821	-2657.201	223.3799	1.412168	4.112642
1812	-2431.415	-2654.078	222.6627	1.360573	4.547252
1818	-2429.479	-2653.542	224.0631	1.474891	3.684728
1824	-2430.173	-2653.952	223.7794	1.310574	3.942603
1830	-2450.142	-2674.988	224.8466	1.293001	3.33392
1836	-2438.635	-2663.013	224.3776	1.466703	3.506849
1842	-2434.004	-2657.053	223.0489	1.337752	4.342541
1848	-2440.051	-2663.611	223.5599	1.337752	4.052484
1854	-2446.925	-2671.163	224.2385	1.41857	3.615795
1860	-2429.614	-2652.74	223.1262	1.30485	4.317447
1866	-2435.457	-2658.699	223.2426	1.188489	4.317447
1872	-2433.101	-2658.657	225.5551	1.483728	2.796403
1878	-2431.412	-2656.621	225.2093	1.535283	2.974365
1884	-2438.8	-2663.34	224.5397	1.393732	3.454795
1890	-2440.31	-2664.624	224.3138	1.278265	3.653475
1896	-2432.749	-2657.718	224.9692	1.515217	3.129963
1902	-2437.439	-2662.84	225.4012	1.552496	2.848114
1908	-2445.998	-2669.925	223.9269	1.528772	3.732351
1914	-2472.532	-2696.728	224.1954	1.368823	3.669578
1920	-2458.21	-2681.926	223.7155	1.395275	3.930646
1926	-2450.049	-2673.682	223.6332	1.522485	3.904917
1932	-2459.565	-2683.135	223.57	1.529667	3.937046
1938	-2469.363	-2693.671	224.3081	1.445733	3.559538
1944	-2454.134	-2677.08	222.9461	1.310702	4.41587
1950	-2454.223	-2675.422	221.1985	1.283888	5.404045
1956	-2452.053	-2675.026	222.9731	1.385868	4.358176
1962	-2448.962	-2673.428	224.4666	1.572748	3.392793
1968	-2459.315	-2682.711	223.3961	1.388035	4.117187
1974	-2461.04	-2683.447	222.4069	1.204383	4.778008
1980	-2440.999	-2661.924	220.9252	1.396479	5.492522
1986	-2435.904	-2657.66	221.755	1.186698	5.15032
1992	-2438.31	-2660.22	221.9109	1.325635	4.98679
1998	-2435.341	-2660.227	224.886	1.469935	3.206211
2004	-2462.551	-2686.792	224.241	1.468056	3.585576
2010	-2460.283	-2684.053	223.7698	1.354634	3.922827
2016	-2449.368	-2672.416	223.0488	1.387993	4.314227
2022	-2435.879	-2658.952	223.0735	1.363297	4.314227
2028	-2441.83	-2665.561	223.7316	1.466633	3.880492
2034	-2441.716	-2663.398	221.6816	1.213057	5.176371
2040	-2439.314	-2661.955	222.6418	1.272348	4.608515
2046	-2442.124	-2664.84	222.7157	1.319256	4.540736
2052	-2435.573	-2659.845	224.2717	1.383512	3.616835
2058	-2441.624	-2665.798	224.1732	1.482013	3.616835
2064	-2436.807	-2660.466	223.6597	1.303615	4.015006
2070	-2442.656	-2667.236	224.5802	1.73577	3.229885
2076	-2437.222	-2661.895	224.6732	1.642758	3.229885
2082	-2448.983	-2673.337	224.3539	1.734827	3.363798
2088	-2444.96	-2670.322	225.3617	1.739774	2.758231
2094	-2436.294	-2660.046	223.7522	1.553434	3.818797
2100	-2442.62	-2668.106	225.4861	1.484018	2.838183
2106	-2451.151	-2676.625	225.4733	1.534035	2.815533
2112	-2437.814	-2662.434	224.6203	1.573719	3.301868
2118	-2453.334	-2677.862	224.5279	1.481693	3.410245
2124	-2450.564	-2675.02	224.4566	1.420724	3.487611
2130	-2448.589	-2674.024	225.4349	1.482139	2.870348
2136	-2447.404	-2672.921	225.5178	1.682059	2.697949
2142	-2445.997	-2672.398	226.4014	1.682059	2.140417
2148	-2448.871	-2674.836	225.9657	1.683445	2.418717
2154	-2449.117	-2675.12	226.0032	1.64594	2.418717
2160	-2449.23	-2674.377	225.1461	1.458056	3.058516
2166	-2439.865	-2665.577	225.7117	1.497405	2.692306
2172	-2449.369	-2673.086	223.7175	1.542792	3.844873
2178	-2452.465	-2677.851	225.3866	1.478006	2.902059
2184	-2450.622	-2675.777	225.1552	1.636329	2.946102
2190	-2450.946	-2676.763	225.8174	1.676453	2.516072
2196	-2437.92	-2663.773	225.8528	1.641013	2.516072
2202	-2452.964	-2679.038	226.0747	1.843997	2.247141
2208	-2451.058	-2677.635	226.5771	1.87617	1.894457
2214	-2445.385	-2670.658	225.2723	1.73656	2.814614
2220	-2450.114	-2675.562	225.4483	1.52689	2.835113
2226	-2450.33	-2675.227	224.8978	1.558096	3.146885
2232	-2455.126	-2679.23	224.1042	1.287598	3.769174
2238	-2448.775	-2673.389	224.6134	1.454589	3.376009
2244	-2449.681	-2672.533	222.8516	1.411343	4.41237
2250	-2445.699	-2669.365	223.666	1.411002	3.949992
2256	-2426.555	-2652.093	225.5379	1.638547	2.712334
2262	-2434.423	-2659.259	224.8365	1.517603	3.207315
2268	-2433.77	-2656.225	222.4549	1.218875	4.743131
2274	-2440.195	-2661.647	221.4523	1.220478	5.299002
2280	-2446.916	-2669.488	222.5716	1.299112	4.63287
2286	-2438.438	-2660.967	222.529	1.299112	4.656778
2292	-2445.401	-2668.943	223.5412	1.299112	4.085173
2298	-2453.528	-2675.59	222.0617	1.257883	4.940583
2304	-2444.785	-2666.779	221.9938	1.325866	4.940583
2310	-2436.102	-2658.621	222.5186	1.319048	4.651407
2316	-2452.811	-2675.352	222.5407	1.296924	4.651407
2322	-2448.772	-2670.2	221.428	1.259873	5.290672
2328	-2447.726	-2669.225	221.4988	1.375619	5.187546
2334	-2441.16	-2664.348	223.1884	1.249266	4.313717
2340	-2434.282	-2657.342	223.0603	1.427338	4.285434
2346	-2435.453	-2659.083	223.6299	1.358244	4.000837
2352	-2438.576	-2662.055	223.4789	1.509191	4.000837
2358	-2451.522	-2675.48	223.9589	1.509191	3.725171
2364	-2463.275	-2686.679	223.4038	1.533648	4.029754
2370	-2472	-2695.276	223.2756	1.413133	4.171418
2376	-2447.867	-2671.819	223.9519	1.482203	3.744792
2382	-2432.989	-2658.211	225.2223	1.558727	2.952425
2388	-2447.13	-2673.048	225.9181	1.766708	2.396183
2394	-2430.092	-2656.17	226.0788	1.607604	2.395181
2400	-2442.206	-2667.868	225.6621	1.549556	2.690739
2406	-2440.75	-2664.309	223.5592	1.366652	4.036372
2412	-2449.387	-2672.075	222.6881	1.395772	4.513238
2418	-2448.848	-2672.96	224.113	1.552831	3.610691
2424	-2437.922	-2661.769	223.847	1.374562	3.867101
2430	-2451.001	-2675.45	224.4481	1.452883	3.473758
2436	-2459.473	-2680.119	220.6467	1.244071	5.729036
2442	-2453.517	-2674.479	220.9621	1.055516	5.659527
2448	-2446.833	-2669.829	222.9965	1.285234	4.401815
2454	-2436.885	-2660.722	223.8366	1.360391	3.881258
2460	-2450.754	-2675.793	225.0394	1.589115	3.043958
2466	-2433.478	-2658.826	225.3474	1.589115	2.858558
2472	-2457.092	-2681.743	224.6512	1.463478	3.348581
2478	-2444.392	-2667.906	223.5137	1.39329	4.047158
2484	-2452.571	-2677.864	225.2926	1.71488	2.815464
2490	-2435.535	-2660.489	224.9539	1.618575	3.077473
2496	-2425.724	-2650.002	224.2774	1.5877	3.494735
2502	-2421.614	-2645.394	223.7801	1.545447	3.807341
2508	-2430.981	-2656.018	225.0365	1.570562	3.056802
2514	-2428.997	-2653.468	224.4712	1.618976	3.362964
2520	-2438.225	-2662.932	224.7066	1.609473	3.229801
2526	-2437.803	-2662.238	224.4343	1.480589	3.465632
2532	-2448.309	-2671.851	223.5414	1.330042	4.067415
2538	-2437.416	-2660.865	223.4483	1.194574	4.197449
2544	-2435.971	-2660.895	224.9237	1.601915	3.105438
2550	-2442.943	-2666.126	223.1836	1.485733	4.182426
2556	-2441.149	-2664.327	223.1776	1.515775	4.168753
2562	-2439.547	-2662.851	223.304	1.38937	4.168753
2568	-2437.034	-2661.831	224.7971	1.579268	3.194138
2574	-2440.816	-2666.98	226.164	1.776654	2.23302
2580	-2448.805	-2672.868	224.0632	1.639911	3.589053
2586	-2452.294	-2676.251	223.9569	1.614908	3.66517
2592	-2457.441	-2680.985	223.5432	1.425536	4.011921
2598	-2439.281	-2662.997	223.7163	1.31926	3.973712
2604	-2447.801	-2672.586	224.7844	1.430484	3.289617
2610	-2464.125	-2686.594	222.4691	1.287455	4.696827
2616	-2461.074	-2683.879	222.8049	1.201112	4.556993
2622	-2449.881	-2674.891	225.0098	1.637645	3.032662
2628	-2464.195	-2689.239	225.044	1.461416	3.117442
2634	-2461.863	-2686.659	224.7962	1.461416	3.264373
2640	-2453.56	-2678.284	224.7243	1.607737	3.220361
2646	-2439.645	-2664.729	225.0845	1.575301	3.02527
2652	-2438.818	-2663.772	224.9541	1.605949	3.084856
2658	-2442.546	-2667.781	225.2341	1.57251	2.937018
2664	-2441.79	-2665.641	223.8506	1.280951	3.918735
2670	-2433.158	-2656.05	222.8928	1.317072	4.4423
2676	-2432.224	-2657.091	224.8671	1.618889	3.129032
2682	-2436.173	-2660.135	223.9624	1.467114	3.747438
2688	-2460.96	-2684.913	223.953	1.297618	3.850411
2694	-2451.676	-2677.251	225.575	1.47157	2.791698
2700	-2452.815	-2677.973	225.1588	1.80998	2.838966
2706	-2445.818	-2670.821	225.0032	1.625797	3.043686
2712	-2449.951	-2674.273	224.3213	1.449543	3.549631
2718	-2449.369	-2672.523	223.1548	1.543138	4.1662
2724	-2442.921	-2665.862	222.9413	1.139612	4.514879
2730	-2449.626	-2671.979	222.3527	1.097916	4.867669
2736	-2449.095	-2670.206	221.1119	1.153449	5.523474
2742	-2441.605	-2666.682	225.0773	1.634474	2.994067
2748	-2448.411	-2673.555	225.1447	1.506358	3.030504
2754	-2435.237	-2660.132	224.8948	1.475726	3.197589
2760	-2439.508	-2664.862	225.354	1.487253	2.916149
2766	-2434.759	-2659.566	224.8079	1.462525	3.256828
2772	-2441.805	-2666.654	224.8488	1.421548	3.256828
2778	-2450.36	-2673.031	222.6709	1.375263	4.534422
2784	-2432.167	-2655.972	223.8054	1.470774	3.835722
2790	-2433.794	-2658.856	225.0623	1.503872	3.081218
2796	-2422.408	-2645.516	223.1077	1.308167	4.326064
2802	-2436.732	-2660.062	223.3299	1.314532	4.196559
2808	-2447.618	-2670.968	223.3492	1.400575	4.136721
2814	-2435.786	-2657.613	221.8273	1.11919	5.147703
2820	-2438.138	-2662.825	224.6875	1.440064	3.341001
2826	-2433.301	-2658.452	225.1506	1.51437	3.022165
2832	-2447.862	-2673.2	225.3386	1.51437	2.909088
2838	-2450.785	-2675.327	224.5419	1.4583	3.415747
2844	-2442.521	-2666.547	224.0258	1.496889	3.69361
2850	-2432.784	-2656.54	223.7569	1.387876	3.911167
2856	-2430.594	-2653.212	222.6181	1.351542	4.577375
2862	-2428.772	-2652.225	223.4533	1.438513	4.055825
2868	-2425.88	-2649.91	224.0305	1.389087	3.753165
2874	-2437.083	-2661.128	224.0448	1.37477	3.753165
2880	-2440.643	-2663.369	222.7257	1.315416	4.537272
2886	-2447.5	-2669.554	222.0541	1.260757	4.943221
2892	-2443.787	-2667.075	223.2879	1.246764	4.258813
2898	-2433.119	-2656.717	223.5982	1.369878	4.012284
2904	-2441.356	-2665.738	224.3825	1.455313	3.510648
2910	-2442.976	-2667.566	224.5901	1.579404	3.316324
2916	-2439.341	-2662.4	223.0597	1.420268	4.289768
2922	-2442.466	-2666.533	224.0669	1.292885	3.787605
2928	-2442.554	-2666.354	223.8005	1.274751	3.951008
2934	-2437.632	-2664.477	226.8456	1.80242	1.760441
2940	-2447.362	-2672.806	225.4443	1.742407	2.706011
2946	-2446.918	-2671.987	225.069	1.654535	2.987032
2952	-2433.866	-2657.889	224.0229	1.488209	3.700278
2958	-2440.419	-2663.614	223.1948	1.232496	4.319556
2964	-2429.524	-2651.019	221.4956	1.24493	5.261627
2970	-2439.234	-2660.408	221.1738	1.344362	5.384303
2976	-2441.799	-2663.115	221.3155	1.202695	5.384303
2982	-2454.098	-2677.015	222.9165	1.200632	4.494517
2988	-2446.534	-2667.264	220.7297	1.200632	5.70734
2994	-2443.719	-2664.939	221.2201	1.13357	5.4749
3000	-2447.2	-2670.151	222.951	1.13357	4.512837
3006	-2438.701	-2661.415	222.7142	1.163711	4.628824
3012	-2434.841	-2659.339	224.4978	1.463498	3.438544
3018	-2456.219	-2680.69	224.4705	1.490727	3.438544
3024	-2457.585	-2679.706	222.1206	1.346811	4.8583
3030	-2441.95	-2665.876	223.9258	1.674742	3.648541
3036	-2459.914	-2684.146	224.2315	1.695884	3.458333
3042	-2438.721	-2663.204	224.4825	1.314515	3.534408
3048	-2432.199	-2656.342	224.1422	1.49808	3.625505
3054	-2442.298	-2667.468	225.1702	1.589325	2.965407
3060	-2461.928	-2686.054	224.1254	1.502571	3.632627
3066	-2446.421	-2670.82	224.3991	1.32346	3.577707
3072	-2439.686	-2662.185	222.4983	1.410732	4.611398
3078	-2436.015	-2658.225	222.21	1.355162	4.803746
3084	-2438.577	-2660.974	222.3966	1.345289	4.705041
3090	-2441.771	-2663.734	221.9632	1.396137	4.918493
3096	-2439.474	-2662.605	223.1306	1.457129	4.228723
3102	-2465.39	-2690.764	225.3748	1.642171	2.80968
3108	-2445.965	-2669.532	223.5678	1.681244	3.851331
3114	-2446.545	-2670.359	223.8146	1.42441	3.857097
3120	-2441.267	-2666.064	224.7968	1.552944	3.209882
3126	-2456.252	-2681.713	225.4611	1.416633	2.894152
3132	-2457.158	-2680.131	222.9732	1.287191	4.413832
3138	-2442.52	-2667.319	224.7991	1.613962	3.172336
3144	-2430.247	-2655.658	225.4107	1.516792	2.864032
3150	-2445.335	-2671.338	226.0022	1.627552	2.43093
3156	-2439.975	-2664.293	224.3178	1.507499	3.517924
3162	-2449.491	-2674.715	225.2236	1.710976	2.859708
3168	-2437.185	-2662.944	225.759	1.73109	2.518444
3174	-2438.64	-2663.644	225.0039	1.562885	3.080847
3180	-2445.869	-2670.614	224.7447	1.531397	3.253467
3186	-2439.711	-2664.356	224.6452	1.565021	3.292357
3192	-2446.245	-2670.239	223.9935	1.287721	3.832841
3198	-2448.883	-2670.71	221.8266	1.148254	5.131957
3204	-2438.56	-2661.594	223.0341	1.245331	4.403096
3210	-2448.872	-2672.018	223.1459	1.397437	4.253906
3216	-2450.57	-2673.914	223.3438	1.4402	4.11725
3222	-2437.889	-2660.761	222.8722	1.310193	4.457777
3228	-2446.804	-2669.817	223.0128	1.263614	4.404779
3234	-2460.685	-2685.962	225.2767	1.631692	2.875555
3240	-2457.321	-2679.169	221.8478	1.361667	5.001815
3246	-2451.395	-2674.593	223.1983	1.3271	4.264067
3252	-2450.088	-2672.168	222.0799	1.328912	4.890914
3258	-2451.742	-2672.996	221.2539	1.224431	5.406269
3264	-2447.568	-2671.392	223.8242	1.345967	3.896602
3270	-2430.553	-2654.097	223.5442	1.190282	4.145383
3276	-2440.664	-2663.241	222.5767	1.155095	4.710664
3282	-2444.163	-2664.933	220.7693	1.12522	5.727006
3288	-2453.917	-2677.863	223.9461	1.435614	3.775018
3294	-2445.295	-2668.169	222.8738	1.454698	4.375396
3300	-2444.294	-2669.786	225.4918	1.728331	2.685505
3306	-2444.85	-2669.273	224.423	1.609503	3.396815
3312	-2437.845	-2662.4	224.5559	1.565041	3.344899
3318	-2439.304	-2663.66	224.3565	1.380326	3.569468
3324	-2440.218	-2662.201	221.9826	1.298147	4.962223
3330	-2425.699	-2648.678	222.9793	1.450794	4.317979
3336	-2424.807	-2647.706	222.8991	1.406644	4.388237
3342	-2428.914	-2653.188	224.2738	1.574275	3.504666
3348	-2441.131	-2665.733	224.6021	1.505452	3.352786
3354	-2450.201	-2675.329	225.1274	1.599985	2.984679
3360	-2437.724	-2663.076	225.3519	1.502913	2.907954
3366	-2444.953	-2669.897	224.9438	1.502913	3.152395
3372	-2432.113	-2656.406	224.2934	1.349815	3.623817
3378	-2446.965	-2670.441	223.4763	1.286662	4.129217
3384	-2444.913	-2669.892	224.9782	1.524929	3.11879
3390	-2442.896	-2667.897	225.0014	1.55523	3.086931
3396	-2425.527	-2649.564	224.0372	1.621456	3.614849
3402	-2434.927	-2657.977	223.0492	1.509434	4.245217
3408	-2437.002	-2661.4	224.3978	1.500875	3.475112
3414	-2441.435	-2664.323	222.8885	1.414235	4.389957
3420	-2427.969	-2651.009	223.0405	1.433458	4.293175
3426	-2439.617	-2665.795	226.1783	1.69485	2.27634
3432	-2433.122	-2659.008	225.8861	1.72566	2.442241
3438	-2429.264	-2654.723	225.4591	1.678879	2.735865
3444	-2442.463	-2667.381	224.9179	1.640947	3.085604
3450	-2442.776	-2667.538	224.7612	1.54437	3.236049
3456	-2433.392	-2657.806	224.4141	1.445189	3.498109
3462	-2449.171	-2672.664	223.4937	1.342729	4.087366
3468	-2445.038	-2669.263	224.2254	1.364479	3.654738
3474	-2438.04	-2662.228	224.1877	1.40213	3.654738
3480	-2452.263	-2675.05	222.7862	1.289296	4.517914
3486	-2465.064	-2687.44	222.3756	1.186083	4.805683
3492	-2439.821	-2663.468	223.6469	1.289057	4.030641
3498	-2438.128	-2660.438	222.3106	1.230074	4.817452
3504	-2440.94	-2663.901	222.9609	1.315508	4.404812
3510	-2429.521	-2652.54	223.0195	1.256913	4.404812
3516	-2437.109	-2660.621	223.5121	1.338907	4.079081
3522	-2439.557	-2664.142	224.5849	1.344209	3.457361
3528	-2436.837	-2660.335	223.4976	1.373636	4.06758
3534	-2429.886	-2653.437	223.5512	1.373636	4.036991
3540	-2433.686	-2656.81	223.1242	1.38942	4.270743
3546	-2445.171	-2668.292	223.121	1.299772	4.323261
3552	-2435.955	-2659.667	223.7119	1.545001	3.846849
3558	-2442.601	-2664.032	221.4303	1.261419	5.288557
3564	-2434.766	-2655.382	220.616	1.294628	5.718144
3570	-2438.47	-2660.93	222.4596	1.302071	4.693955
3576	-2438.951	-2659.165	220.2145	1.045331	6.073742
3582	-2436.235	-2656.671	220.4358	1.302974	5.812241
3588	-2445.19	-2667.978	222.788	1.328105	4.495075
3594	-2440.141	-2666.115	225.9743	1.654771	2.431352
3600	-2434.231	-2660.31	226.079	1.863312	2.231913
3606	-2433.112	-2659.166	226.0539	1.532596	2.458072
3612	-2427.727	-2650.262	222.5354	1.337057	4.631932
3618	-2434.229	-2659.315	225.0863	1.546709	3.041293
3624	-2435.341	-2659.978	224.6371	1.487211	3.342921
3630	-2434.985	-2659.883	224.8972	1.494587	3.184972
3636	-2438.454	-2663.978	225.5249	1.62205	2.730394
3642	-2437.252	-2661.813	224.5613	1.427583	3.42238
3648	-2443.997	-2667.652	223.6549	1.366301	3.981954
3654	-2439.465	-2663.202	223.7372	1.353482	3.94216
3660	-2443.777	-2668.837	225.0606	1.375287	3.158809
3666	-2452.211	-2677.228	225.0176	1.640199	3.026463
3672	-2450.889	-2673.599	222.7097	1.40783	4.494295
3678	-2446.593	-2669.403	222.8101	1.307399	4.494295
3684	-2442.87	-2666.416	223.5455	1.39357	4.028831
3690	-2441.379	-2665.755	224.3767	1.538165	3.465666
3696	-2434.546	-2659.053	224.5076	1.407238	3.465666
3702	-2445.861	-2669.216	223.3542	1.377085	4.14721
3708	-2441.879	-2665.257	223.378	1.353294	4.14721
3714	-2437.208	-2661.032	223.8244	1.46319	3.829194
3720	-2427.289	-2650.914	223.6251	1.476677	3.935815
3726	-2427.857	-2651.826	223.9698	1.542779	3.699457
3732	-2434.163	-2655.887	221.7241	1.299318	5.105061
3738	-2430.969	-2655.445	224.4758	1.414903	3.479758
3744	-2427.77	-2652.791	225.0209	1.35837	3.192386
3750	-2432.777	-2656.113	223.3364	1.481783	4.097779
3756	-2423.243	-2647.095	223.852	1.465385	3.812052
3762	-2432.285	-2656.53	224.2445	1.398176	3.624089
3768	-2435.92	-2660.9	224.9798	1.609877	3.067195
3774	-2435.276	-2660.003	224.7271	1.445141	3.314743
3780	-2440.39	-2665.227	224.8374	1.714771	3.089563
3786	-2448.176	-2675.018	226.8411	1.814695	1.754953
3792	-2449.123	-2674.207	225.084	1.789909	2.896407
3798	-2440.095	-2665	224.905	1.480984	3.188431
3804	-2438.707	-2663.221	224.5137	1.586246	3.357213
3810	-2438.928	-2664.008	225.0807	1.61501	3.003744
3816	-2440.133	-2666.627	226.4946	1.569377	2.153131
3822	-2436.867	-2663.233	226.3658	1.749574	2.119538
3828	-2443.45	-2668.496	225.0462	1.617117	3.023143
3834	-2444.237	-2668.7	224.463	1.22961	3.595144
3840	-2446.138	-2670.369	224.2306	1.498187	3.574121
3846	-2443.713	-2669.445	225.7328	1.652807	2.583409
3852	-2443.089	-2668.389	225.2995	1.591831	2.885892
3858	-2439.703	-2663.925	224.2217	1.508185	3.573459
3864	-2428.875	-2653.433	224.5582	1.540065	3.358219
3870	-2431.423	-2654.982	223.5596	1.506433	3.956276
3876	-2440.304	-2664.198	223.894	1.617919	3.699847
3882	-2432.157	-2656.68	224.5227	1.421194	3.448726
3888	-2432.956	-2657.388	224.4312	1.548224	3.427936
3894	-2445.089	-2670.478	225.389	1.504569	2.884534
3900	-2441.696	-2667.8	226.1041	1.683433	2.331013
3906	-2427.758	-2653.747	225.9888	1.69554	2.396448
3912	-2437.744	-2663.624	225.8802	1.81034	2.392576
3918	-2435.364	-2661.001	225.6366	1.81034	2.54529
3924	-2427.862	-2650.502	222.6398	1.220814	4.638531
3930	-2428.358	-2650.768	222.4101	1.450493	4.638531
3936	-2438.189	-2661.433	223.2433	1.265206	4.273602
3942	-2435.119	-2660.481	225.3616	1.590619	2.849032
3948	-2449.852	-2674.062	224.21	1.488947	3.591479
3954	-2456.097	-2681.572	225.4752	1.318729	2.944704
3960	-2444.995	-2670.535	225.5399	1.492674	2.80018
3966	-2446.574	-2671.968	225.3941	1.664775	2.784163
3972	-2437.004	-2662.709	225.7052	1.542369	2.66863
3978	-2432.951	-2655.549	222.5977	1.276847	4.63076
3984	-2445.942	-2668.391	222.4483	1.426198	4.63076
3990	-2450.575	-2674.811	224.2359	1.384999	3.636718
3996	-2461.896	-2687.684	225.7881	1.640559	2.556643
4002	-2444.846	-2669.614	224.7681	1.443832	3.291338
4008	-2424.584	-2649.774	225.1901	1.509947	3.001132
4014	-2432.057	-2656.631	224.5748	1.401307	3.429849
4020	-2442.916	-2667.994	225.0778	1.703303	2.952417
4026	-2438.743	-2663.402	224.6591	1.484566	3.331538
4032	-2452.599	-2675.105	222.5057	1.205098	4.722419
4038	-2461.076	-2686.032	224.956	1.601797	3.086219
4044	-2466.106	-2690.741	224.6354	1.592284	3.282061
4050	-2454.972	-2681.203	226.2308	1.62835	2.285352
4056	-2451.881	-2677.298	225.4166	1.670216	2.767154
4062	-2448.642	-2674.464	225.8216	1.754577	2.464551
4068	-2448.831	-2672.266	223.4354	1.473691	4.045987
4074	-2449.181	-2672.458	223.2762	1.545202	4.095971
4080	-2453.534	-2679.251	225.717	1.509882	2.681351
4086	-2445.064	-2670.055	224.9909	1.613545	3.058379
4092	-2443.078	-2667.663	224.5857	1.624567	3.292314
4098	-2447.968	-2673.399	225.4314	1.665419	2.761029
4104	-2441.099	-2666.33	225.2311	1.577014	2.936128
4110	-2441.492	-2664.959	223.4667	1.392184	4.074601
4116	-2432.091	-2656.154	224.0631	1.377263	3.741185
4122	-2443.089	-2667.67	224.5818	1.724442	3.235633
4128	-2442.914	-2667.645	224.7316	1.533124	3.260192
4134	-2450.849	-2675.253	224.4039	1.620488	3.401587
4140	-2443.46	-2667.414	223.9539	1.297535	3.849954
4146	-2451.583	-2674.91	223.327	1.378696	4.161766
4152	-2436.15	-2658.976	222.8259	1.340542	4.46674
4158	-2440.412	-2663.298	222.8866	1.23514	4.491942
4164	-2430.881	-2654.546	223.6643	1.449488	3.928912
4170	-2442.485	-2667.368	224.8832	1.504564	3.187365
4176	-2443.147	-2668.968	225.8214	1.570657	2.579372
4182	-2438.958	-2664.647	225.689	1.703055	2.579372
4188	-2447.182	-2670.572	223.3896	1.426638	4.09888
4194	-2439.55	-2662.767	223.2175	1.267787	4.286747
4200	-2448.097	-2669.741	221.6442	1.310147	5.143304
4206	-2453.015	-2673.521	220.5065	1.131728	5.867218
4212	-2439.109	-2661.21	222.1004	1.39075	4.845035
4218	-2432.871	-2655.275	222.4042	1.428265	4.654324
4224	-2455.688	-2678.049	222.3612	1.471256	4.654324
4230	-2446.725	-2668.917	222.1915	1.259653	4.867366
4236	-2438.015	-2660.21	222.1948	1.256276	4.867366
4242	-2449.1	-2672.887	223.7866	1.461518	3.851882
4248	-2447.974	-2669.797	221.8231	1.272504	5.065007
4254	-2457.374	-2680.483	223.1089	1.409085	4.268257
4260	-2458.629	-2681.617	222.9878	1.408189	4.337295
4266	-2455.331	-2677.953	222.6217	1.619332	4.424749
4272	-2445.305	-2670.298	224.9939	1.813296	2.936722
4278	-2454.537	-2679.509	224.9724	1.638398	3.054547
4284	-2461.827	-2685.342	223.5145	1.464499	4.00603
4290	-2456.634	-2679.593	222.9584	1.438774	4.336623
4296	-2448.908	-2673.185	224.2771	1.527188	3.530154
4302	-2451.712	-2675.776	224.0641	1.680418	3.564989
4308	-2448.834	-2673.749	224.9148	1.587445	3.119345
4314	-2458.998	-2680.697	221.6995	1.324588	5.104711
4320	-2462.178	-2686.675	224.4965	1.749564	3.271209
4326	-2435.633	-2660.433	224.7998	1.58809	3.187262
4332	-2433.528	-2659.452	225.9241	1.5628	2.520428
4338	-2440.088	-2664.927	224.8397	1.595384	3.159274
4344	-2442.019	-2666.835	224.8164	1.409512	3.28311
4350	-2442.689	-2666.473	223.7841	1.311991	3.939054
4356	-2437.265	-2661.728	224.4629	1.545279	3.411086
4362	-2435.612	-2660.758	225.146	1.486127	3.041793
4368	-2442.944	-2666.242	223.2983	1.234297	4.259977
4374	-2450.686	-2674.916	224.2292	1.413699	3.623995
4380	-2443.781	-2666.684	222.9039	1.381526	4.399715
4386	-2446.119	-2668.975	222.8569	1.451686	4.386615
4392	-2440.92	-2666.176	225.2555	1.465064	2.988788
4398	-2456.738	-2679.988	223.2507	1.52077	4.124391
4404	-2445.703	-2669.937	224.2337	1.330895	3.669365
4410	-2438.96	-2663.16	224.2001	1.400719	3.648396
4416	-2432.421	-2656.587	224.1661	1.431709	3.650104
4422	-2442.789	-2666.669	223.8798	1.390492	3.83915
4428	-2433.549	-2656.663	223.1143	1.220362	4.371946
4434	-2439.815	-2664.928	225.1128	1.542252	3.028085
4440	-2448.274	-2671.179	222.9048	1.511303	4.325902
4446	-2441.885	-2663.55	221.665	1.235943	5.172869
4452	-2445.009	-2666.914	221.9046	1.428947	4.932817
4458	-2449.696	-2672.313	222.617	1.44017	4.528227
4464	-2448.098	-2670.631	222.533	1.275232	4.667909
4470	-2433.359	-2657.938	224.5789	1.63397	3.29076
4476	-2439.925	-2661.769	221.844	1.303201	5.036405
4482	-2440.266	-2662.899	222.6338	1.175015	4.667568
4488	-2437.607	-2660.76	223.1531	1.339445	4.282682
4494	-2438.587	-2663.89	225.3032	1.550487	2.908655
4500	-2433.172	-2658.495	225.3231	1.50412	2.924624
4506	-2429.159	-2652.793	223.6334	1.490218	3.923294
4512	-2435.445	-2657.938	222.4931	1.493997	4.567595
4518	-2439.503	-2661.957	222.4538	1.395427	4.644949
4524	-2446.391	-2669.615	223.224	1.2055	4.318317
4530	-2448.363	-2670.382	222.0192	1.341824	4.917566
4536	-2452.896	-2677.304	224.4074	1.374649	3.543157
4542	-2442.629	-2666.381	223.7523	1.503877	3.847217
4548	-2463.414	-2685.052	221.6389	1.481225	5.051425
4554	-2437.357	-2661.531	224.1741	1.472713	3.621727
4560	-2456.643	-2678.893	222.2502	1.589549	4.650237
4566	-2447.196	-2671.59	224.3936	1.69889	3.361617
4572	-2436.963	-2661.166	224.2035	1.48254	3.598945
4578	-2436.976	-2661.749	224.7736	1.407293	3.309625
4584	-2439.916	-2665.273	225.3567	1.547235	2.878253
4590	-2452.403	-2676.949	224.5458	1.344224	3.48015
4596	-2451.442	-2676.529	225.0878	1.395192	3.130819
4602	-2463.527	-2688.138	224.6111	1.483423	3.360436
4608	-2452.826	-2675.736	222.91	1.253573	4.468396
4614	-2460.465	-2685.123	224.6578	1.31636	3.431012
4620	-2464.691	-2688.095	223.4047	1.263455	4.183085
4626	-2458.372	-2682.004	223.6321	1.374043	3.990559
4632	-2443.139	-2667.945	224.806	1.361709	3.317393
4638	-2437.511	-2662.101	224.5896	1.491103	3.368511
4644	-2437.844	-2662.511	224.6665	1.491103	3.323332
4650	-2445.883	-2669.794	223.9106	1.470165	3.775538
4656	-2438.995	-2662.827	223.8316	1.463178	3.825068
4662	-2430.986	-2656.418	225.4321	1.589362	2.806955
4668	-2427.481	-2650.966	223.4848	1.394753	4.062833
4674	-2438.457	-2661.896	223.4388	1.40532	4.082984
4680	-2435.587	-2657.58	221.9929	1.319955	4.944363
4686	-2446.925	-2669.893	222.9682	1.320005	4.398162
4692	-2449.209	-2670.829	221.62	1.304244	5.159983
4698	-2445.792	-2669.313	223.5213	1.388335	4.045664
4704	-2448.967	-2673.411	224.4437	1.469705	3.466509
4710	-2455.64	-2679.26	223.6202	1.456004	3.950456
4716	-2451.572	-2674.318	222.7459	1.160736	4.612761
4722	-2452.498	-2677.146	224.6478	1.472561	3.345247
4728	-2448.014	-2671.24	223.226	1.373043	4.222319
4734	-2473.92	-2699.158	225.2384	1.659711	2.881789
4740	-2448.996	-2673.955	224.9584	1.544333	3.119067
4746	-2439.599	-2663.19	223.5911	1.544949	3.916205
4752	-2435.478	-2659.974	224.4958	1.547228	3.390661
4758	-2439.887	-2664.375	224.4881	1.605466	3.360963
4764	-2430.745	-2652.797	222.0521	1.421545	4.854785
4770	-2441.763	-2666.338	224.575	1.547124	3.344196
4776	-2443.991	-2669.424	225.4331	1.672721	2.755569
4782	-2433.779	-2657.026	223.2469	1.476448	4.151759
4788	-2450.534	-2675.236	224.7026	1.442011	3.330957
4794	-2442.948	-2666.616	223.6682	1.301822	4.01116
4800	-2437.124	-2658.236	221.1124	1.161573	5.518725
4806	-2442.487	-2664.446	221.9588	1.488592	4.869419
4812	-2434.436	-2658.621	224.1848	1.312504	3.708275
4818	-2440.012	-2664.769	224.7569	1.442416	3.298772
4824	-2445.154	-2667.755	222.6015	1.346025	4.589824
4830	-2431.773	-2655.003	223.2298	1.376172	4.218402
4836	-2440.693	-2661.957	221.264	1.146747	5.443484
4842	-2452.094	-2672.882	220.7875	1.244004	5.651887
4848	-2451.651	-2673.195	221.5446	1.328373	5.188386
4854	-2460.318	-2683.092	222.7734	1.3136	4.511471
4860	-2443.134	-2666.706	223.5717	1.320787	4.055434
4866	-2443.831	-2667.248	223.4175	1.298148	4.156139
4872	-2454.066	-2676.799	222.7326	1.444883	4.460519
4878	-2452.494	-2675.854	223.3607	1.51615	4.06436
4884	-2453.545	-2677.595	224.0502	1.63936	3.596915
4890	-2449.217	-2674.934	225.7175	1.682348	2.57459
4896	-2450.962	-2676.679	225.7175	1.682348	2.57459
4902	-2441.673	-2667.204	225.5316	1.841617	2.591075
4908	-2441.394	-2668.35	226.9557	1.75308	1.717746
4914	-2439.12	-2661.368	222.2481	1.328668	4.797271
4920	-2434.534	-2658.976	224.4425	1.490439	3.455098
4926	-2446.402	-2669.58	223.1781	1.49558	4.179983
4932	-2454.525	-2680.061	225.536	1.659729	2.700497
4938	-2444.118	-2668.901	224.7836	1.681206	3.141618
4944	-2452.51	-2678.293	225.7832	1.618343	2.573504
4950	-2444.161	-2669.582	225.4217	1.625992	2.791032
4956	-2447.193	-2672.791	225.5986	1.432256	2.801274
4962	-2452.427	-2676.58	224.1528	1.364698	3.696619
4968	-2455.53	-2679.569	224.039	1.342387	3.775201
4974	-2437.909	-2662.237	224.3272	1.561869	3.480739
4980	-2436.478	-2662.1	225.6219	1.561214	2.708219
4986	-2436.287	-2659.282	222.9943	1.390306	4.343696
4992	-2445.593	-2670.359	224.7655	1.483093	3.269692
4998	-2437.466	-2660.811	223.3455	1.40198	4.138006
5004	-2438.345	-2661.777	223.4324	1.315124	4.138006
5010	-2441.348	-2664.582	223.2339	1.315124	4.250686
5016	-2447.618	-2670.633	223.0141	1.53492	4.250686
5022	-2434.875	-2657.917	223.0413	1.507675	4.250686
5028	-2428.23	-2650.501	222.2711	1.339681	4.778324
5034	-2435.082	-2658.087	223.0054	1.339873	4.365922
5040	-2438.926	-2662.273	223.3473	1.488025	4.088024
5046	-2435.817	-2660.443	224.6265	1.632916	3.263318
5052	-2430.917	-2655.611	224.6935	1.421023	3.348688
5058	-2449.186	-2671.37	222.1838	1.207558	4.90063
5064	-2439.367	-2662.914	223.5465	1.315276	4.072926
5070	-2439.539	-2661.706	222.1674	1.372108	4.818099
5076	-2444.51	-2667.622	223.1128	1.40997	4.265528
5082	-2441.629	-2664.159	222.5297	1.273271	4.670814
5088	-2429.063	-2651.56	222.4971	1.26835	4.691826
5094	-2442.786	-2666.327	223.5408	1.343474	4.060137
5100	-2426.409	-2648.675	222.2658	1.3289	4.787287
5106	-2427.679	-2652.615	224.9361	1.586644	3.107151
5112	-2437.743	-2662.782	225.0397	1.522048	3.083839
5118	-2450.569	-2673.289	222.7202	1.522048	4.424051
5124	-2431.165	-2656.111	224.946	1.598563	3.094096
5130	-2452.585	-2675.613	223.0278	1.532876	4.244079
5136	-2442.34	-2667.069	224.7296	1.438911	3.316899
5142	-2443.683	-2668.883	225.1999	1.415957	3.051541
5148	-2458.724	-2683.173	224.4491	1.219191	3.609255
5154	-2439.425	-2664.032	224.6074	1.445066	3.385135
5160	-2442.11	-2666.645	224.5354	1.602079	3.33519
5166	-2461.703	-2686.345	224.6425	1.590242	3.279081
5172	-2444.06	-2666.034	221.974	1.404921	4.907577
5178	-2456.387	-2680.275	223.8889	1.458258	3.794879
5184	-2447.843	-2670.825	222.9822	1.329549	4.384869
5190	-2448.726	-2672.185	223.4588	1.490572	4.022996
5196	-2466.438	-2689.107	222.6689	1.375218	4.535576
5202	-2449.782	-2675.689	225.9076	1.742763	2.41791
5208	-2455.74	-2681.085	225.3447	1.642942	2.827553
5214	-2434.757	-2660.023	225.2657	1.558018	2.926762
5220	-2444.078	-2669.132	225.0534	1.469876	3.106832
5226	-2450.083	-2676.079	225.9953	1.635349	2.430357
5232	-2454.67	-2680.92	226.2501	1.753922	2.192091
5238	-2448.078	-2674.511	226.4328	1.782226	2.054067
5244	-2444.523	-2669.345	224.8218	1.592204	3.171821
5250	-2443.646	-2666.763	223.1168	1.540561	4.189206
5256	-2451.436	-2675.8	224.3631	1.539227	3.47298
5262	-2445.147	-2670.278	225.1314	1.535153	3.021211
5268	-2436.755	-2661.734	224.9788	1.687742	3.021211
5274	-2441.367	-2666.337	224.9693	1.582017	3.090091
5280	-2433.918	-2658.13	224.2118	1.424788	3.627671
5286	-2457.532	-2680.153	222.6208	1.46595	4.511578
5292	-2440.348	-2665.259	224.9107	1.527405	3.15746
5298	-2447.924	-2671.452	223.5285	1.438969	4.012614
5304	-2449.716	-2672.513	222.7973	1.292189	4.510054
5310	-2446.855	-2669.899	223.0434	1.491372	4.258743
5316	-2442.472	-2667.259	224.787	1.658214	3.153269
5322	-2448.052	-2672.76	224.7085	1.56103	3.257363
5328	-2453.969	-2678.443	224.4741	1.438563	3.466981
5334	-2444.306	-2670.886	226.5803	1.778678	1.958173
5340	-2434.766	-2660.884	226.118	1.777249	2.262192
5346	-2432.318	-2658.316	225.9983	1.896922	2.262192
5352	-2442.319	-2667.88	225.5607	1.878838	2.549906
5358	-2435.686	-2660.974	225.2887	1.801454	2.765116
5364	-2454.195	-2677.866	223.6712	1.679406	3.792898
5370	-2445.5	-2669.485	223.9851	1.365513	3.792898
5376	-2428.418	-2652.745	224.3269	1.61117	3.452108
5382	-2437.435	-2661.951	224.516	1.578367	3.360519
5388	-2444.893	-2670.097	225.2036	1.72133	2.865597
5394	-2438.914	-2663.652	224.7373	1.716325	3.148282
5400	-2432.898	-2656.107	223.2091	1.335975	4.252911
5406	-2434.712	-2657.037	222.325	1.348159	4.743428
5412	-2433.912	-2655.74	221.8277	1.348159	5.020475
5418	-2433.681	-2657.844	224.1629	1.537013	3.590892
5424	-2436.136	-2659.974	223.8376	1.407248	3.853768
5430	-2443.692	-2666.956	223.2641	1.334426	4.22262
5436	-2437.951	-2661.104	223.1531	1.445372	4.22262
5442	-2439.775	-2663.397	223.6214	1.309489	4.033499
5448	-2439.248	-2662.891	223.6427	1.288198	4.033499
5454	-2441	-2665.494	224.4938	1.343883	3.510738
5460	-2437.161	-2661.522	224.3611	1.476587	3.510738
5466	-2454.74	-2680.327	225.5877	1.555498	2.732722
5472	-2439.844	-2665.371	225.5268	1.673305	2.697844
5478	-2435.987	-2660.384	224.3972	1.625534	3.402525
5484	-2439.622	-2664.827	225.2042	1.732713	2.85833
5490	-2446.185	-2671.14	224.955	1.64618	3.060323
5496	-2450.749	-2675.083	224.334	1.740696	3.372068
5502	-2445.026	-2669.727	224.7013	1.518022	3.286959
5508	-2449.609	-2673.167	223.5582	1.524232	3.946899
5514	-2445.942	-2670.526	224.5839	1.425357	3.410449
5520	-2436.393	-2661.304	224.9111	1.695168	3.057302
5526	-2440.691	-2664.35	223.6584	1.456884	3.928081
5532	-2425.581	-2649.847	224.2664	1.453077	3.579548
5538	-2442.233	-2667.1	224.8666	1.466235	3.219909
5544	-2444.203	-2668.866	224.6627	1.564686	3.282207
5550	-2441.411	-2666.565	225.1541	1.564686	2.989877
5556	-2442.166	-2665.647	223.4806	1.423376	4.048893
5562	-2435.786	-2659.324	223.5382	1.441323	4.005773
5568	-2438.436	-2662.566	224.1297	1.462947	3.653118
5574	-2443.577	-2668.423	224.8451	1.634686	3.132686
5580	-2457.462	-2682.051	224.5891	1.413004	3.414614
5586	-2470.507	-2693.847	223.3402	1.458122	4.109063
5592	-2449.975	-2673.404	223.4293	1.369027	4.109063
5598	-2440.363	-2663.43	223.0672	1.456281	4.26514
5604	-2459.934	-2685.139	225.2056	1.439651	3.033965
5610	-2433.905	-2656.591	222.6854	1.413668	4.504648
5616	-2442.843	-2667.123	224.2797	1.489108	3.550842
5622	-2438.259	-2662.577	224.3186	1.468335	3.540297
5628	-2443.153	-2667.074	223.9207	1.596358	3.69686
5634	-2441.753	-2664.691	222.9381	1.549681	4.285379
5640	-2443.026	-2665.338	222.3129	1.337405	4.756213
5646	-2457.541	-2680.712	223.1712	1.350325	4.266238
5652	-2456.966	-2683.701	226.7353	1.985831	1.709068
5658	-2445.393	-2672.308	226.9151	1.985831	1.579836
5664	-2440.829	-2667.432	226.6025	1.946062	1.829343
5670	-2430.738	-2655.937	225.1997	1.717534	2.870219
5676	-2441.875	-2666.455	224.58	1.613182	3.302369
5682	-2446.48	-2672.615	226.1346	1.667836	2.32152
5688	-2459.402	-2681.579	222.1772	1.246877	4.882415
5694	-2441.886	-2665.165	223.2781	1.29019	4.239753
5700	-2436.84	-2659.48	222.6398	1.295396	4.596732
5706	-2439.317	-2663.191	223.8745	1.485255	3.787636
5712	-2442.661	-2667.334	224.6732	1.556663	3.280755
5718	-2445.238	-2668.608	223.3706	1.340703	4.158561
5724	-2424.769	-2647.223	222.4544	1.450705	4.613619
5730	-2431.858	-2655.456	223.5976	1.414008	3.987445
5736	-2430.871	-2654.474	223.6035	1.408091	3.987445
5742	-2428.577	-2652.707	224.1292	1.408091	3.685174
5748	-2448.706	-2671.152	222.4458	1.426297	4.632134
5754	-2443.677	-2668.52	224.8432	1.672202	3.111508
5760	-2432.312	-2656.243	223.9316	1.657544	3.655165
5766	-2453.265	-2679.526	226.2605	1.825699	2.138658
5772	-2437.43	-2662.835	225.4049	1.848364	2.66514
5778	-2450.92	-2677.626	226.7055	1.848364	1.825698
5784	-2446.978	-2670.749	223.7703	1.350197	3.925071
5790	-2447.577	-2672.938	225.3614	1.449842	2.934271
5796	-2438.764	-2663.061	224.2968	1.410277	3.586747
5802	-2442.948	-2668.282	225.3337	1.532669	2.900992
5808	-2451.778	-2677.063	225.2852	1.55044	2.919553
5814	-2448.425	-2672.216	223.791	1.466159	3.846684
5820	-2449.522	-2674.476	224.954	1.539212	3.12474
5826	-2461.34	-2685.505	224.1654	1.418225	3.658358
5832	-2453.743	-2676.194	222.4513	1.466602	4.606447
5838	-2442.359	-2666.067	223.7081	1.382143	3.942408
5844	-2437.953	-2662.314	224.3608	1.307897	3.609039
5850	-2443.256	-2667.51	224.2539	1.414749	3.609039
5856	-2442.911	-2667.798	224.8875	1.302842	3.304039
5862	-2446.497	-2671	224.5031	1.419198	3.461342
5868	-2441.319	-2665.738	224.419	1.521457	3.450719
5874	-2429.148	-2652.98	223.832	1.379008	3.873156
5880	-2434.694	-2658.498	223.8036	1.401432	3.876626
5886	-2432.945	-2657.669	224.7235	1.401485	3.342498
5892	-2440.714	-2665.192	224.478	1.495174	3.431561
5898	-2450.163	-2676.271	226.1075	1.778458	2.268148
5904	-2435.726	-2659.81	224.0834	1.214833	3.823041
5910	-2441.686	-2665.558	223.8716	1.34342	3.870872
5916	-2472.855	-2697.763	224.9086	1.514854	3.166201
5922	-2448.545	-2671.549	223.0038	1.370464	4.349527
5928	-2449.507	-2672.585	223.0776	1.578843	4.189724
5934	-2435.949	-2661.811	225.8618	1.596051	2.53852
5940	-2437.677	-2662.162	224.485	1.495215	3.427438
5946	-2437.387	-2661.685	224.2977	1.682502	3.427438
5952	-2434.51	-2659.095	224.5856	1.682724	3.258029
5958	-2447.059	-2672.154	225.095	1.592198	3.008849
5964	-2444.239	-2669.079	224.8399	1.438467	3.252114
5970	-2443.973	-2668.54	224.5676	1.618202	3.306728
5976	-2438.914	-2664.171	225.2574	1.733343	2.825667
5982	-2436.463	-2662.681	226.2181	1.683093	2.258406
5988	-2427.002	-2651.75	224.7481	1.434617	3.308517
5994	-2436.889	-2661.424	224.5359	1.646907	3.308517
6000	-2456.569	-2680.624	224.055	1.573242	3.63246
6006	-2446.844	-2672.036	225.1919	1.457843	3.031278
6012	-2434.887	-2659.87	224.9834	1.615826	3.061516
6018	-2441.157	-2666.172	225.0155	1.416369	3.161175
6024	-2441.41	-2666.252	224.8424	1.553921	3.182298
6030	-2440.964	-2664.951	223.9869	1.671994	3.614703
6036	-2434.402	-2657.28	222.8779	1.48876	4.353844
6042	-2426.409	-2647.744	221.3349	1.30235	5.318628
6048	-2438.734	-2661.467	222.733	1.321922	4.529484
6054	-2449.666	-2672.923	223.2569	1.444045	4.164448
6060	-2448.543	-2671.105	222.5613	1.344762	4.613084
6066	-2443.845	-2666.818	222.9725	1.387915	4.357363
6072	-2447.051	-2671.291	224.2403	1.320371	3.671605
6078	-2451.994	-2676.506	224.5118	1.577037	3.363788
6084	-2446.156	-2670.513	224.3562	1.558753	3.46559
6090	-2454.628	-2677.272	222.6443	1.306061	4.588212
6096	-2450.417	-2674.774	224.3572	1.59949	3.441214
6102	-2435.545	-2660.281	224.7364	1.484331	3.286132
6108	-2444.303	-2670.43	226.1269	1.67562	2.321516
6114	-2431.838	-2653.566	221.7279	1.367344	5.065207
6120	-2439.938	-2662.154	222.216	1.188228	4.893494
6126	-2447.084	-2668.629	221.5447	1.09929	5.314896
6132	-2451.57	-2674.533	222.9629	1.24095	4.445692
6138	-2451.758	-2674.421	222.6639	1.190714	4.641904
6144	-2445.397	-2667.241	221.8438	1.278377	5.050256
6150	-2439.243	-2661.12	221.8774	1.135884	5.110659
6156	-2441.706	-2664.825	223.1189	1.354316	4.293613
6162	-2452.483	-2676.021	223.5382	1.360676	4.051792
6168	-2454.897	-2677.054	222.1577	1.329073	4.847482
6174	-2439.623	-2663.55	223.9267	1.479191	3.761038
6180	-2443.605	-2666.68	223.0747	1.248228	4.378557
6186	-2451.193	-2673.7	222.5066	1.332936	4.650327
6192	-2439.094	-2660.959	221.8653	1.273786	5.04091
6198	-2439.354	-2661.438	222.0847	1.350033	4.876487
6204	-2448.284	-2671.909	223.6244	1.258104	4.061123
6210	-2443.017	-2664.579	221.562	1.324452	5.180926
6216	-2439.404	-2662.22	222.8157	1.375368	4.452907
6222	-2438.201	-2661.093	222.8914	1.083336	4.574552
6228	-2447.283	-2669.842	222.5588	1.41591	4.574552
6234	-2440.517	-2666.216	225.6988	1.558742	2.662485
6240	-2439.635	-2665.141	225.5061	1.586121	2.763832
6246	-2442.045	-2666.678	224.6332	1.525958	3.322418
6252	-2446.238	-2671.509	225.2712	1.691939	2.842379
6258	-2445.816	-2668.759	222.9431	1.553227	4.280517
6264	-2433.433	-2658.524	225.0907	1.478258	3.079572
6270	-2452.889	-2677.178	224.2891	1.344013	3.629682
6276	-2443.369	-2666.109	222.7395	1.416265	4.472768
6282	-2431.899	-2657.079	225.1797	1.578832	2.965999
6288	-2438.297	-2664.405	226.1078	1.609095	2.375901
6294	-2440.812	-2665.425	224.6125	1.609095	3.285658
6300	-2438.219	-2662.339	224.1202	1.591628	3.583993
6306	-2435.595	-2659.008	223.4138	1.466317	4.062495
6312	-2454.982	-2679.803	224.8208	1.431893	3.267283
6318	-2445.598	-2671.1	225.5022	1.492375	2.823293
6324	-2437.419	-2662.71	225.2904	1.733871	2.805286
6330	-2450.757	-2673.113	222.3566	1.202265	4.807289
6336	-2434.811	-2657.031	222.2196	1.337312	4.808396
6342	-2439.439	-2662.003	222.5639	1.260848	4.658643
6348	-2455.516	-2678.478	222.9625	1.419523	4.345159
6354	-2452.16	-2675.243	223.0835	1.479237	4.242884
6360	-2444.461	-2667.806	223.3452	1.289253	4.202243
6366	-2427.048	-2651.639	224.5907	1.590851	3.309241
6372	-2453.596	-2676.833	223.2372	1.246465	4.287679
6378	-2448.105	-2671.04	222.9353	1.421299	4.35956
6384	-2445.609	-2665.962	220.3531	1.234316	5.894985
6390	-2442.673	-2664.362	221.689	1.198758	5.180198
6396	-2439.337	-2662.085	222.7475	1.464836	4.440896
6402	-2443.144	-2663.646	220.5016	1.207538	5.828458
6408	-2454.885	-2679.117	224.2321	1.353987	3.656893
6414	-2448.733	-2671.456	222.7229	1.549409	4.407097
6420	-2455.448	-2678.266	222.8179	1.413429	4.43021
6426	-2440.258	-2665.686	225.4282	1.646074	2.774795
6432	-2455.026	-2675.97	220.9445	1.243678	5.565873
6438	-2449.283	-2673.73	224.4471	1.467799	3.465649
6444	-2460.875	-2684.165	223.2901	1.529767	4.096833
6450	-2447.209	-2672.062	224.8531	1.434869	3.246446
6456	-2434.871	-2658.639	223.7676	1.400253	3.897949
6462	-2436.889	-2661.036	224.1475	1.369129	3.697094
6468	-2436.252	-2660.622	224.3695	1.579651	3.44565
6474	-2438.066	-2663.498	225.4321	1.600226	2.800333
6480	-2447.391	-2671.211	223.8206	1.27376	3.940065
6486	-2447.571	-2670.306	222.7355	1.308109	4.535833
6492	-2454.495	-2680.229	225.7337	1.572444	2.632579
6498	-2462.371	-2688.105	225.734	1.728506	2.53563
6504	-2438.013	-2661.818	223.8048	1.350548	3.905136
6510	-2436.9	-2660.838	223.9373	1.444512	3.774947
6516	-2440.784	-2664.615	223.8311	1.393388	3.86547
6522	-2444.866	-2669.342	224.4759	1.360012	3.511764
6528	-2446.661	-2670.097	223.4352	1.335167	4.125018
6534	-2455.982	-2679.372	223.3892	1.3811	4.125018
6540	-2464.047	-2684.29	220.2434	1.168622	5.990769
6546	-2439.574	-2665.551	225.9771	1.650269	2.432392
6552	-2452.601	-2678.663	226.0624	1.774734	2.29943
6558	-2448.513	-2672.834	224.3209	1.516677	3.510751
6564	-2466.519	-2692.482	225.9628	1.688632	2.417255
6570	-2462.382	-2688.234	225.8527	1.798753	2.417255
6576	-2461.38	-2687.901	226.5213	1.839964	1.956606
6582	-2463.747	-2689.808	226.0615	1.888492	2.226991
6588	-2467.494	-2694.23	226.7353	1.782206	1.850684
6594	-2449.166	-2673.958	224.7923	1.55477	3.211465
6600	-2443.659	-2667.186	223.5271	1.357561	4.059907
6606	-2452.602	-2676.593	223.9912	1.467649	3.730505
6612	-2447.805	-2672.545	224.7402	1.469631	3.292565
6618	-2444.426	-2670.659	226.2328	1.598457	2.303182
6624	-2449.107	-2674.97	225.8627	1.636411	2.512763
6630	-2444.586	-2667.758	223.1721	1.539476	4.158407
6636	-2441.518	-2665.03	223.5116	1.199976	4.158407
6642	-2437.173	-2659.564	222.3912	1.240412	4.766672
6648	-2441.785	-2664.625	222.8405	1.397157	4.426659
6654	-2436.1	-2659.76	223.66	1.384296	3.968739
6660	-2441.142	-2664.7	223.558	1.398815	4.018698
6666	-2440.644	-2664.358	223.7141	1.478026	3.88404
6672	-2460.932	-2684.138	223.2061	1.353046	4.244956
6678	-2457.473	-2680.33	222.8571	1.184399	4.537047
6684	-2435.535	-2658.793	223.2574	1.186111	4.310382
6690	-2433.155	-2656.27	223.1144	1.392042	4.274773
6696	-2437.496	-2661.519	224.023	1.623093	3.62216
6702	-2446.519	-2671.858	225.3396	1.755117	2.762329
6708	-2452.598	-2677.264	224.6667	1.630548	3.240954
6714	-2447.293	-2670.608	223.3148	1.613543	4.035003
6720	-2432.999	-2656.663	223.6641	1.458001	3.924168
6726	-2426.119	-2649.517	223.3984	1.426549	4.093916
6732	-2440.218	-2664.3	224.0825	1.4613	3.681408
6738	-2436.744	-2660.768	224.0236	1.52014	3.681408
6744	-2441.059	-2664.052	222.9929	1.339785	4.373055
6750	-2446.355	-2668.588	222.2333	1.387042	4.772975
6756	-2436.255	-2660.439	224.184	1.576559	3.555665
6762	-2433.055	-2658.065	225.0092	1.409784	3.168835
6768	-2435.715	-2659.824	224.1095	1.320695	3.747021
6774	-2428.157	-2651.903	223.7461	1.481686	3.863535
6780	-2425.297	-2650.958	225.6612	1.661787	2.622169
6786	-2433.803	-2658.468	224.6657	1.461897	3.341004
6792	-2435.279	-2657.804	222.5252	1.29247	4.662582
6798	-2437.747	-2661.179	223.4319	1.544156	4.007736
6804	-2435.709	-2660.418	224.71	1.544156	3.266442
6810	-2439.597	-2664.674	225.0778	1.613131	3.006591
6816	-2432.156	-2654.955	222.799	1.587793	4.342503
6822	-2430.921	-2654.138	223.2173	1.177458	4.337967
6828	-2446.323	-2666.672	220.3488	1.036398	6.005355
6834	-2443.478	-2667.341	223.8625	1.325614	3.886324
6840	-2456.494	-2679.657	223.1634	1.213406	4.34814
6846	-2447.495	-2672.42	224.9249	1.669553	3.064312
6852	-2442.82	-2666.925	224.1054	1.537508	3.62396
6858	-2449.265	-2673.019	223.7534	1.496263	3.850965
6864	-2446.105	-2668.708	222.603	1.22466	4.657016
6870	-2443.837	-2668.442	224.6052	1.414906	3.40408
6876	-2455.57	-2677.145	221.5752	1.152547	5.26867
6882	-2449.958	-2671.987	222.0294	1.187738	4.997562
6888	-2455.702	-2679.15	223.4485	1.361877	4.102232
6894	-2446.523	-2668.339	221.8164	1.286752	5.060854
6900	-2443.603	-2665.488	221.8841	1.21898	5.060854
6906	-2440.387	-2661.38	220.9929	1.190253	5.568647
6912	-2458.281	-2681.64	223.3594	1.404388	4.12874
6918	-2452.344	-2677.165	224.8204	1.812911	3.041127
6924	-2459.538	-2683.512	223.9742	1.638151	3.641723
6930	-2436.326	-2660.713	224.3875	1.482438	3.49188
6936	-2438.059	-2661.86	223.8001	1.318693	3.926074
6942	-2449.84	-2674.05	224.2101	1.322761	3.687723
6948	-2433.642	-2657.767	224.1258	1.42628	3.676622
6954	-2450.737	-2674.6	223.8634	1.314892	3.891969
6960	-2448.892	-2672.861	223.9687	1.440587	3.759102
6966	-2444.433	-2668.361	223.9283	1.372588	3.821531
6972	-2457.379	-2680.959	223.58	1.424371	3.99154
6978	-2455.452	-2680.591	225.1393	1.628175	2.960592
6984	-2450.611	-2673.548	222.9372	1.321077	4.415013
6990	-2448.682	-2669.996	221.3145	1.087591	5.448276
6996	-2445.659	-2666.897	221.2375	1.406049	5.315159
7002	-2450.551	-2674.587	224.0359	1.398428	3.744626
7008	-2459.551	-2682.489	222.9379	1.56242	4.278268
7014	-2442.192	-2664.58	222.3873	1.310806	4.729507
7020	-2460.885	-2683.65	222.7643	1.399543	4.468227
7026	-2456.501	-2679.002	222.5014	1.22522	4.713587
7032	-2445.02	-2668.255	223.2347	1.253734	4.28501
7038	-2450.449	-2673.884	223.435	1.300565	4.144772
7044	-2461.996	-2686.285	224.2893	1.381182	3.608001
7050	-2464.128	-2688.656	224.5286	1.38367	3.467168
7056	-2475.841	-2700.258	224.4173	1.508069	3.459515
7062	-2466.133	-2688.722	222.5895	1.281974	4.632441
7068	-2445.908	-2671.35	225.4414	1.576424	2.809157
7074	-2450.162	-2675.695	225.5321	1.622196	2.725891
7080	-2447.684	-2672.358	224.6735	1.570036	3.272709
7086	-2450.365	-2672.562	222.197	1.220748	4.885934
7092	-2455.743	-2679.037	223.294	1.241325	4.258462
7098	-2438.17	-2662.852	224.6819	1.440378	3.344102
7104	-2433.811	-2658.397	224.586	1.53634	3.344102
7110	-2436.525	-2660.881	224.3565	1.510961	3.493368
7116	-2443.197	-2668.865	225.6684	1.583105	2.666213
7122	-2444.545	-2668.374	223.8288	1.445772	3.836692
7128	-2450.261	-2674.678	224.4172	1.469964	3.481874
7134	-2450.627	-2673.918	223.2911	1.445909	4.143962
7140	-2449.316	-2672.939	223.6232	1.588404	3.872817
7146	-2444.81	-2668.994	224.1845	1.502189	3.598563
7152	-2449.327	-2674.601	225.2749	1.680569	2.847055
7158	-2448.992	-2673.671	224.6796	1.499298	3.310806
7164	-2449.051	-2673.171	224.1198	1.399215	3.695717
7170	-2443.345	-2666.878	223.5331	1.442892	4.007782
7176	-2451.68	-2674.939	223.2593	1.450609	4.159352
7182	-2448.51	-2673.437	224.9265	1.492541	3.168787
7188	-2438.587	-2664.098	225.5101	1.648025	2.72353
7194	-2434.508	-2657.649	223.1402	1.529225	4.182388
7104	-2450.314	-2674.96	224.6461	1.627187	3.255132
7110	-2443.425	-2668.764	225.3389	1.537514	2.894924
7116	-2438.649	-2663.281	224.6319	1.595633	3.28214
7122	-2432.419	-2656.139	223.7199	1.505079	3.865189
7128	-2444.27	-2669.504	225.2339	1.71963	2.848258
7134	-2439.016	-2665.241	226.2257	1.817922	2.166347
7140	-2438.333	-2663.724	225.391	1.659127	2.789495
7146	-2443.737	-2667.956	224.2188	1.628794	3.504925
7152	-2445.176	-2669.317	224.1406	1.602026	3.566064
7158	-2441.975	-2663.542	221.5674	1.222215	5.234451
7164	-2439.622	-2660.784	221.1621	1.085355	5.533296
7170	-2436.701	-2658.034	221.333	1.190905	5.381122
7176	-2444.442	-2666.247	221.8053	1.220059	5.103978
7182	-2438.101	-2661.252	223.1509	1.319795	4.295023
7188	-2441.957	-2665.698	223.7411	1.407441	3.909019
7194	-2455.646	-2679.736	224.0897	1.318173	3.75989
7200	-2444.846	-2666.805	221.9596	1.343984	4.949481
7206	-2453.539	-2679.789	226.25	1.748369	2.1957
7212	-2458.386	-2682.21	223.8248	1.54007	3.784691
7218	-2455.238	-2678.005	222.7668	1.439923	4.444061
7224	-2449.889	-2673.767	223.8786	1.410589	3.828274
7230	-2445.625	-2669.533	223.9079	1.444765	3.791707
7236	-2432.274	-2656.775	224.5011	1.546539	3.387936
7242	-2428.368	-2652.214	223.8452	1.588566	3.744957
7248	-2429.373	-2653.316	223.9435	1.490285	3.744957
7254	-2428.342	-2651.955	223.6128	1.406994	3.982756
7260	-2436.689	-2660.157	223.4675	1.547442	3.98551
7266	-2451.198	-2675.86	224.6622	1.608134	3.256871
7272	-2438.411	-2663.914	225.5028	1.601413	2.756549
7278	-2426.716	-2652.119	225.4033	1.601413	2.817134
7284	-2432.433	-2658.266	225.8334	1.643411	2.526689
7290	-2425.488	-2651.182	225.6936	1.718861	2.566734
7296	-2425.431	-2648.901	223.4699	1.599635	3.954253
7302	-2440.307	-2665.602	225.2952	1.591533	2.888665
7308	-2442.966	-2668.878	225.9124	1.772233	2.396315
7314	-2448.599	-2671.356	222.757	1.402964	4.470425
7320	-2442.835	-2668.084	225.2495	1.727721	2.833844
7326	-2443.089	-2666.296	223.2062	1.394498	4.221373
7332	-2440.769	-2665.161	224.3927	1.402017	3.535781
7338	-2446.722	-2671.129	224.4071	1.387578	3.535781
7344	-2441.127	-2665.274	224.1465	1.648131	3.535781
7350	-2448.268	-2671.477	223.2097	1.462651	4.180715
7356	-2452.443	-2675.169	222.726	1.355818	4.514384
7362	-2438.783	-2662.757	223.9741	1.633275	3.644599
7368	-2432.047	-2657.032	224.9849	1.510994	3.123099
7374	-2447.15	-2673.714	226.5639	1.865126	1.910927
7380	-2439.43	-2664.746	225.316	1.742815	2.784228
7386	-2443.849	-2668.848	224.999	1.498738	3.122029
7392	-2437.095	-2660.421	223.3256	1.358671	4.173945
7398	-2438.907	-2661.729	222.8213	1.372299	4.451439
7404	-2452.898	-2675.121	222.2228	1.275591	4.841001
7410	-2452.15	-2676.628	224.4785	1.67182	3.327643
7416	-2449.361	-2675.166	225.8049	1.602572	2.569836
7422	-2441.196	-2664.731	223.535	1.549287	3.945813
7428	-2438.55	-2662.098	223.5477	1.354973	4.049599
7434	-2441.369	-2664.88	223.5113	1.391405	4.049599
7440	-2447.616	-2671.517	223.901	1.391405	3.82642
7446	-2445.631	-2669.463	223.832	1.460411	3.82642
7452	-2444.379	-2669.153	224.7744	1.485493	3.26303
7458	-2465.743	-2689.36	223.6161	1.273059	4.057335
7464	-2452.616	-2676.79	224.174	1.721328	3.477102
7470	-2458.096	-2683.345	225.2484	1.663437	2.873507
7476	-2448.201	-2672.849	224.6482	1.64597	3.242761
7482	-2442.026	-2666.423	224.3963	1.415359	3.525859
7488	-2450.162	-2674.824	224.6619	1.51816	3.310121
7494	-2440.507	-2664.491	223.9838	1.426981	3.758257
7500	-2443.569	-2666.828	223.2593	1.433541	4.169053
7506	-2435.422	-2658.681	223.2593	1.433541	4.169053
7512	-2462.861	-2687.269	224.4081	1.367058	3.547133
7518	-2452.435	-2677.25	224.8148	1.339497	3.325303
7524	-2444.338	-2669.016	224.6778	1.602755	3.250845
7530	-2434.641	-2659.504	224.8625	1.648524	3.11409
7536	-2438.084	-2663.61	225.5264	1.690835	2.687314
7542	-2443.253	-2666.825	223.5715	1.581504	3.906455
7548	-2442.429	-2665.915	223.4865	1.701084	3.886644
7554	-2445.541	-2667.079	221.5389	1.182102	5.272402
7560	-2432.922	-2654.37	221.4479	1.457609	5.170382
7566	-2438.152	-2661.145	222.9928	1.414254	4.331018
7572	-2447.398	-2670.097	222.6991	1.181328	4.627442
7578	-2452.021	-2675.559	223.5372	1.401172	4.029255
7584	-2452.19	-2676.781	224.5907	1.480087	3.374347
7590	-2440.684	-2664.126	223.4429	1.437516	4.062331
7596	-2444.918	-2669.929	225.0103	1.496617	3.11656
7602	-2453.687	-2679.381	225.6943	1.821547	2.502308
7608	-2437.986	-2663.258	225.2716	1.456799	2.984088
7614	-2445.005	-2669.659	224.6547	1.596845	3.267945
7620	-2436.407	-2660.956	224.5491	1.312964	3.496471
7626	-2440.325	-2663.996	223.671	1.471921	3.912273
7632	-2441.094	-2664.763	223.6688	1.511216	3.890974
7638	-2436.762	-2659.988	223.2265	1.174854	4.334263
7644	-2439.168	-2663.098	223.9308	1.326502	3.846602
7650	-2426.91	-2650.304	223.3934	1.298624	4.169533
7656	-2427.838	-2653.188	225.3493	1.555089	2.877982
7662	-2428.361	-2653.021	224.6595	1.708579	3.199033
7668	-2426.265	-2650.314	224.0495	1.465916	3.697788
7674	-2433.676	-2657.829	224.1527	1.362781	3.697788
7680	-2455.146	-2680.071	224.9246	1.573915	3.121582
7686	-2442.055	-2666.994	224.9385	1.559986	3.121582
7692	-2457.163	-2680.953	223.7903	1.469142	3.845359
7698	-2463.313	-2687.196	223.8829	1.348204	3.861658
7704	-2447.898	-2671.888	223.9901	1.466241	3.731918
7710	-2451.64	-2676.162	224.5225	1.481348	3.413614
7716	-2463.837	-2689.378	225.5412	1.592016	2.738811
7722	-2445.329	-2670.052	224.7231	1.643464	3.19994
7728	-2443.291	-2667.015	223.7236	1.36471	3.943524
7734	-2438.527	-2659.994	221.4673	1.225706	5.287869
7740	-2445.572	-2670.157	224.5851	1.571284	3.324021
7746	-2433.208	-2657.769	224.5607	1.383587	3.448447
7752	-2443.042	-2668.004	224.9618	1.601279	3.083048
7758	-2449.676	-2674.807	225.1313	1.636725	2.960261
7764	-2464.526	-2689.336	224.8098	1.536203	3.212096
7770	-2454.26	-2678.354	224.0934	1.598524	3.595505
7776	-2440.217	-2664.247	224.0307	1.323993	3.790547
7782	-2439.204	-2662.496	223.2918	1.310069	4.220724
7788	-2447.104	-2670.706	223.6024	1.192176	4.111206
7794	-2436.036	-2656.564	220.5278	1.16822	5.835613
7800	-2441.201	-2662.767	221.5663	1.228125	5.2318
7806	-2449.288	-2673.142	223.854	1.61962	3.721946
7812	-2439.463	-2664.276	224.8136	1.602611	3.17048
7818	-2439.426	-2664.048	224.6219	1.659676	3.25023
7824	-2434.165	-2657.06	222.8951	1.529207	4.321268
7830	-2433.508	-2656.83	223.3212	1.346354	4.183441
7836	-2437.92	-2661.501	223.5812	1.407674	4.000411
7842	-2441.233	-2664.555	223.3226	1.666267	4.000411
7848	-2434.842	-2658.201	223.3592	1.469212	4.091952
7854	-2451.571	-2671.953	220.3822	1.330219	5.826656
7860	-2447.74	-2670.686	222.9456	1.262244	4.443449
7866	-2445.483	-2668.875	223.3928	1.301242	4.168387
7872	-2452.773	-2676.149	223.376	1.488953	4.071108
7878	-2453.541	-2678.153	224.6115	1.430151	3.391448
7884	-2453.361	-2678.075	224.7136	1.427431	3.333086
7890	-2455.994	-2680.828	224.8337	1.597907	3.161332
7896	-2435.551	-2659.045	223.4939	1.332187	4.093256
7902	-2432.15	-2654.88	222.7295	1.133932	4.636975
7908	-2453.018	-2675.675	222.6576	1.232765	4.621847
7914	-2456.9	-2680.383	223.4826	1.326837	4.102761
7920	-2459.386	-2683.619	224.2324	1.404615	3.62738
7926	-2448.183	-2671.045	222.8615	1.447262	4.38652
7932	-2456.211	-2680.209	223.9985	1.571205	3.666394
7938	-2451.394	-2672.183	220.7891	1.144441	5.705625
7944	-2456.184	-2679.99	223.8059	1.354938	3.901965
7950	-2447.739	-2671.831	224.0915	1.323147	3.756005
7956	-2453.104	-2675.527	222.4227	1.220945	4.759929
7962	-2458.858	-2681.75	222.8916	1.330907	4.435166
7968	-2459.205	-2682.247	223.0426	1.32836	4.351439
7974	-2446.141	-2668.052	221.9106	1.421443	4.933657
7980	-2449.141	-2672.588	223.4471	1.481395	4.034885
7986	-2454.061	-2676.304	222.2426	1.280688	4.827135
7992	-2443.721	-2667.858	224.1363	1.399734	3.685886
7998	-2443.77	-2668.301	224.5314	1.38299	3.465934
8004	-2449.784	-2673.191	223.4077	1.325479	4.146124
8010	-2453.959	-2676.291	222.3317	1.335481	4.746774
8016	-2449.347	-2673.173	223.8254	1.315939	3.913125
8022	-2456.192	-2681.035	224.843	1.619436	3.143053
8028	-2462.035	-2688.49	226.4548	1.655562	2.122874
8034	-2453.798	-2680.15	226.3517	1.731119	2.140849
8040	-2460.757	-2685.844	225.0871	1.314026	3.179447
8046	-2463.897	-2689.49	225.5934	1.587444	2.709623
8052	-2449.86	-2674.787	224.927	1.498162	3.165146
8058	-2456.866	-2681.248	224.3819	1.359361	3.566862
8064	-2447.313	-2672.444	225.1308	1.3492	3.132589
8070	-2456.144	-2678.254	222.1094	1.337054	4.869981
8076	-2448.819	-2673.425	224.6061	1.313463	3.462949
8082	-2441.365	-2665.171	223.8058	1.276811	3.946785
8088	-2442.292	-2667.413	225.1208	1.458525	3.073398
8094	-2441.144	-2664.936	223.7929	1.313032	3.933412
8100	-2438.672	-2662.672	224.0002	1.433689	3.744928
8106	-2443.377	-2667.959	224.5827	1.385264	3.434606
8112	-2444.633	-2669.48	224.8478	1.513581	3.203006
8118	-2433.33	-2658.204	224.8736	1.487742	3.203006
8124	-2453.085	-2679.023	225.9386	1.618556	2.476463
8130	-2445.751	-2671.958	226.2074	1.618556	2.306526
8136	-2443.161	-2669.107	225.9459	1.693304	2.424935
8142	-2447.204	-2673.073	225.8695	1.597236	2.532968
8148	-2440.488	-2666.353	225.8655	1.556361	2.560899
8154	-2452.884	-2678.109	225.2249	1.656597	2.891842
8160	-2453.797	-2679.141	225.3449	1.576055	2.868004
8166	-2435.005	-2658.904	223.8994	1.598579	3.707889
8172	-2441.689	-2665.151	223.4618	1.360987	4.095155
8178	-2454.991	-2677.895	222.9042	1.397304	4.390661
8184	-2451.048	-2674.026	222.9785	1.415463	4.338444
8190	-2455.455	-2680.127	224.6725	1.533084	3.29508
8196	-2478.348	-2702.885	224.5378	1.667792	3.29508
8202	-2447.483	-2673.072	225.5888	1.572656	2.721527
8208	-2439.971	-2665.754	225.7826	1.62344	2.570716
8214	-2442.433	-2667.707	225.2744	1.448202	2.987608
8220	-2430.774	-2656.061	225.2875	1.435105	2.987608
8226	-2454.261	-2679.878	225.6165	1.435105	2.788644
8232	-2438.424	-2663.307	224.8833	1.485808	3.198399
8238	-2434.439	-2659.668	225.2294	1.769803	2.820502
8244	-2441.139	-2666.619	225.48	1.445413	2.865278
8250	-2431.862	-2656.471	224.6089	1.38161	3.421415
8256	-2436.123	-2659.062	222.9392	1.265735	4.445087
8262	-2438.216	-2661.283	223.0664	1.138571	4.445087
8268	-2446.746	-2671.528	224.7826	1.432782	3.289291
8274	-2444.204	-2669.431	225.2268	1.551941	2.953855
8280	-2448.913	-2672.927	224.0136	1.551941	3.668808
8286	-2448.05	-2672.128	224.0776	1.487976	3.668808
8292	-2477.252	-2699.61	222.3589	1.343643	4.727005
8298	-2464.305	-2687.696	223.3914	1.38177	4.123422
8304	-2444.048	-2668.743	224.6951	1.466675	3.32086
8310	-2443.917	-2667.509	223.5925	1.233639	4.093258
8316	-2436.885	-2658.457	221.5726	1.097332	5.300613
8322	-2446.088	-2670.81	224.7216	1.471503	3.302409
8328	-2442.451	-2667.646	225.1946	1.631373	2.925379
8334	-2440.581	-2664.573	223.9911	1.631373	3.635816
8340	-2435.703	-2659.762	224.0589	1.39574	3.732903
8346	-2450.298	-2671.817	221.519	1.486369	5.115034
8352	-2449.885	-2671.398	221.5121	1.088236	5.33898
8358	-2445.755	-2669.385	223.6299	1.181113	4.101856
8364	-2452.584	-2676.027	223.4433	1.122351	4.241245
8370	-2447.513	-2669.682	222.1691	1.189357	4.918981
8376	-2455.762	-2680.022	224.2595	1.356989	3.639304
8382	-2448.079	-2670.828	222.7491	1.347095	4.506306
