Iteration	Posterior	Likelihood	Prior	rate_log_sd	tree_length
0	-4765.508	-4990.945	225.4365	3.705553	1.398186
6	-6943.771	-7170.212	226.4406	2.517329	0.08396038
12	-8642.698	-8872.423	229.7251	0.05764935	0.7965009
18	-8928.556	-9158.373	229.8163	0.08219609	0.5803732
24	-5468.164	-5694.608	226.4435	1.157938	2.448721
30	-9453.118	-9682.805	229.687	0.1639187	0.3470175
36	-8301.758	-8531.302	229.5441	0.1639187	0.888511
42	-6649.044	-6877.274	228.2305	0.6976488	1.559858
48	-6368.717	-6595.96	227.243	0.6976488	2.232984
54	-6284.906	-6513.505	228.5992	0.6976488	1.274496
60	-8697.793	-8927.586	229.7937	0.1145155	0.4694925
66	-11885.71	-12113.23	227.5199	0.396439	0.02640635
72	-7081.473	-7309.217	227.7445	1.770518	0.1762785
78	-6797.268	-7025.742	228.4735	0.7699381	1.317962
84	-5663.89	-5891.593	227.7026	1.225663	1.55981
90	-6276.811	-6505.076	228.2645	1.064134	1.248178
96	-6687.397	-6915.545	228.1483	0.5289879	1.739954
102	-7460.681	-7689.877	229.1956	0.6133689	0.7598838
108	-7105.64	-7334.666	229.0257	0.7832627	0.7598838
114	-5117.758	-5344.983	227.2247	2.391188	0.9873625
120	-5133.041	-5360.425	227.3839	2.391188	0.8066935
126	-7509.475	-7738.841	229.3657	0.01451252	1.204634
132	-5619.007	-5846.115	227.1078	0.9884185	2.132062
138	-7141.96	-7370.77	228.8105	0.3241313	1.404002
144	-7596.81	-7826.12	229.3102	0.4322957	0.8479627
150	-6489.339	-6717.803	228.4642	0.6586536	1.41311
156	-8884.529	-9114.208	229.6784	0.2304027	0.4743117
162	-6606.802	-6835.253	228.4507	1.458123	0.4743117
168	-9329.509	-9559.09	229.5812	0.2510025	0.3277048
174	-5503.71	-5731.473	227.7634	2.106193	0.6562964
180	-6698.305	-6926.975	228.6698	0.3513847	1.490672
186	-6704.553	-6933.139	228.5859	0.3513847	1.553146
192	-7520.353	-7749.566	229.2123	0.3513847	1.038835
198	-5789.809	-6017.862	228.0526	1.497317	1.052075
204	-8411.581	-8640.808	229.2267	0.6801096	0.4601016
210	-6638.878	-6867.363	228.4848	1.26703	0.8364357
216	-5281.328	-5508.256	226.9281	2.073343	1.50546
222	-8784.132	-9013.539	229.4071	0.5002513	0.4632671
228	-5011.926	-5238.59	226.664	2.023944	1.732439
234	-5180.229	-5407.704	227.475	1.889436	1.218025
240	-4839.904	-5065.735	225.8317	4.057806	0.405104
246	-9065.751	-9295.422	229.6702	0.155064	0.3212907
252	-4914.812	-5141.688	226.876	2.120332	1.509322
258	-4894.557	-5120.482	225.9253	3.071045	1.509322
264	-5066.996	-5294.086	227.0904	1.905894	1.509322
270	-9457.017	-9685.424	228.4072	0.8763785	0.1266426
276	-9232.014	-9460.973	228.9598	0.5425957	0.1728847
282	-6717.482	-6944.326	226.8439	0.01553059	2.90519
288	-5915.257	-6143.47	228.2132	1.31743	1.070291
294	-5858.483	-6086.521	228.0386	1.436476	1.121441
300	-4934.284	-5160.896	226.6125	2.862566	1.121441
306	-7637.224	-7866.434	229.2097	0.2653562	1.121441
312	-8820.794	-9050.435	229.6406	0.2685298	0.4772786
318	-7214.241	-7443.128	228.8868	1.017112	0.5580453
324	-6609.089	-6837.581	228.492	1.017112	1.090318
330	-5882.819	-6110.666	227.8467	1.662404	1.090318
336	-9134.448	-9364.264	229.8165	0.09281324	0.5212151
342	-5084.952	-5311.317	226.3654	2.07569	1.902752
348	-4838.15	-5062.334	224.1844	3.100907	2.645383
354	-4961.535	-5187.65	226.1154	1.860388	2.210337
360	-6564.57	-6791.995	227.4253	0.3850796	2.316516
366	-6190.114	-6418.491	228.3774	1.49793	0.6438232
372	-4961.456	-5187.082	225.6263	1.758236	2.584075
378	-7947.891	-8177.127	229.2364	0.6527562	0.6096337
384	-8161.873	-8391.19	229.3177	0.004865352	1.253225
390	-8159.594	-8388.473	228.8796	0.9247487	0.3038499
396	-7822.181	-8051.054	228.8728	0.9315537	0.3038499
402	-8639.115	-8868.308	229.1933	0.6322552	0.3215505
408	-6423.498	-6652.121	228.6225	1.284516	0.5407319
414	-6006.239	-6234.339	228.1005	1.806534	0.4617766
420	-8223.983	-8453.709	229.7261	0.01391271	0.8509135
426	-9486.644	-9715.824	229.1803	0.3524312	0.1811999
432	-6412.985	-6641.065	228.08	0.5239258	1.791135
438	-6178.506	-6406.427	227.9204	0.6834545	1.791135
444	-10682.09	-10911.01	228.9182	0.257115	0.1099034
450	-8443.202	-8671.56	228.3585	1.152513	0.1751931
456	-6543.364	-6771.869	228.5058	0.8473924	1.227533
462	-6415.527	-6644.032	228.5058	0.8473924	1.227533
468	-6379.811	-6607.516	227.7045	1.923306	0.2118892
474	-7000.357	-7228.698	228.3409	0.07825243	1.91762
480	-7156.474	-7384.791	228.3172	1.452836	0.2798082
486	-5974.107	-6201.694	227.5866	0.963856	1.828058
492	-8920.504	-9149.395	228.8905	0.6228305	0.1758161
498	-6408.41	-6636.879	228.4691	0.6228305	1.436957
504	-5863.528	-6091.904	228.3765	1.501165	0.6385371
510	-7310.823	-7539.627	228.8034	1.078165	0.3897679
516	-7946.423	-8175.745	229.3216	0.5313774	0.6886062
522	-8514.673	-8744.25	229.5774	0.3050462	0.6271539
528	-8526.311	-8755.888	229.5774	0.3050462	0.6271539
534	-8787.298	-9017.045	229.7465	0.1359669	0.6271539
540	-6666.457	-6894.996	228.5388	0.8310325	1.213469
546	-7848.984	-8078.05	229.0656	0.8310325	0.4223447
552	-4856.284	-5082.435	226.1509	3.729136	0.6330404
558	-6415.85	-6643.635	227.7849	0.4716223	2.026577
564	-9336.251	-9565.751	229.4997	0.3187246	0.3152654
570	-8716.59	-8946.242	229.6517	0.2584545	0.4977908
576	-5585.981	-5812.751	226.7706	2.76384	0.1816824
582	-9474.097	-9703.606	229.5089	0.2790481	0.2917389
588	-4930.337	-5156.01	225.6729	3.077912	1.68805
594	-6499.551	-6728.017	228.4652	0.9694394	1.157413
600	-5771.83	-6000.002	228.1726	1.262061	1.157413
606	-8206.896	-8436.523	229.6272	0.06793845	0.9031107
612	-8285.977	-8515.661	229.6838	0.01136177	0.9031107
618	-7624.348	-7853.606	229.2578	0.5256816	0.7954942
624	-5175.018	-5402.381	227.3632	2.546846	0.5075683
630	-4835.507	-5061.258	225.7514	4.158663	0.5075683
636	-6841.931	-7070.641	228.7103	0.5563269	1.299198
642	-7836.114	-8065.453	229.3384	0.5563269	0.5931233
648	-5001.976	-5229.195	227.2183	2.653633	0.6512925
654	-8236.531	-8466.209	229.6779	0.2135447	0.6031231
660	-7529.641	-7758.374	228.733	0.04178884	1.670943
666	-7649.229	-7878.188	228.9596	0.1113451	1.452969
672	-10142.35	-10371.31	228.9656	0.3742764	0.1366857
678	-6382.539	-6611.283	228.7439	1.075107	0.7448044
684	-8008.524	-8238.182	229.6582	0.1281862	0.7916218
690	-7046.084	-7274.853	228.7684	1.140556	0.4762127
696	-8203.255	-8432.917	229.6623	0.1364573	0.7744398
702	-5749.879	-5978.102	228.2233	1.370749	1.009177
708	-5257.91	-5485.18	227.27	2.631051	0.4355106
714	-6397.925	-6626.389	228.4639	1.09321	1.04516
720	-5261.082	-5488.825	227.7437	1.667809	1.177638
726	-5542.333	-5767.946	225.6136	0.8533355	3.140319
732	-6127.913	-6356.375	228.4629	1.183318	0.9560409
738	-5635.628	-5863.579	227.9512	1.641704	1.010355
744	-6743.114	-6972.041	228.9269	0.9093183	0.7176369
750	-6289.555	-6518.326	228.7707	1.065511	0.7176369
756	-8550.392	-8780.231	229.8394	0.07070488	0.5063546
762	-6552.312	-6781.036	228.7235	1.05324	0.8045619
768	-6035.529	-6263.271	227.742	2.066038	0.3067223
774	-8998.852	-9226.231	227.3787	1.364638	0.06525297
780	-6155.626	-6382.235	226.6083	0.25227	2.904518
786	-5680.808	-5909.202	228.3936	1.480596	0.6463828
792	-7813.319	-8042.19	228.8712	0.9542646	0.3214154
798	-6536.745	-6765.421	228.6761	0.9698582	0.9563554
804	-7131.405	-7360.337	228.9328	0.9698582	0.5637852
810	-7558.491	-7787.596	229.1041	0.7985891	0.5637852
816	-5770.68	-5996.774	226.0948	0.6452784	2.977086
822	-6776.872	-7005.391	228.5187	0.6586295	1.370604
828	-5400.539	-5627.911	227.372	2.525214	0.4237708
834	-6609.119	-6836.025	226.9066	0.1821648	2.765952
840	-8887.974	-9117.692	229.7186	0.1821648	0.4345985
846	-7564.868	-7793.962	229.0941	0.7730415	0.6614063
852	-6519.608	-6747.684	228.0759	1.761347	0.3325166
858	-9559.752	-9789.333	229.5816	0.1762401	0.272268
864	-6077.098	-6305.361	228.2632	1.6185	0.628867
870	-9421.56	-9649.232	227.672	1.355684	0.09136934
876	-7371.857	-7600.382	228.5255	1.359772	0.396572
882	-6558.306	-6786.854	228.5485	1.361632	0.4952683
888	-7916.585	-8146.14	229.5547	0.07361458	0.9746795
894	-4808.853	-5034.664	225.8115	3.935125	0.8428294
900	-6195.348	-6421.248	225.8997	0.3148461	3.289814
906	-6094.763	-6320.588	225.8251	0.3893993	3.289814
912	-6254.536	-6480.361	225.8251	0.3893993	3.289814
918	-7973.138	-8202.596	229.458	0.3893993	0.6985582
924	-10071.82	-10300.95	229.1217	0.300918	0.1535928
930	-9447.454	-9676.273	228.8184	0.6501394	0.1642803
936	-8879.223	-9108.912	229.6888	0.08924562	0.8027849
942	-7840.751	-8069.941	229.1901	0.5879122	0.8027849
948	-8841.543	-9070.654	229.1104	0.743713	0.350786
954	-7646.93	-7876.034	229.1042	0.743713	0.6977634
960	-7848.03	-8077.207	229.1773	0.6712736	0.6965994
966	-6610.952	-6839.034	228.0823	0.5344103	1.78221
972	-4934.188	-5161.211	227.0225	2.706392	0.8642594
978	-6506.786	-6735.201	228.415	1.492587	0.464978
984	-6546.699	-6774.184	227.4844	2.093725	0.194877
990	-8492.063	-8721.897	229.8344	0.07575814	0.5033138
996	-4941.866	-5168.664	226.7978	3.030928	0.7298006
