Iteration	Posterior	Likelihood	Prior	rate_log_sd	tree_length
0	-6443.593	-6671.998	228.4051	0.4722405	1.59707
6	-5058.776	-5286.346	227.5698	2.134916	0.8922878
12	-8246.316	-8476.124	229.8079	0.04257125	0.6931707
18	-7972.061	-8201.693	229.6316	0.2188503	0.6931707
24	-5244.752	-5472.616	227.8637	2.032083	0.5895989
30	-8003.818	-8233.317	229.4989	0.3665608	0.6646382
36	-10255.34	-10484.65	229.3174	0.2062934	0.1786535
42	-8963.217	-9192.553	229.336	0.4819944	0.3149232
48	-7486.874	-7716.208	229.3339	0.4819944	0.749638
54	-6127.024	-6355.566	228.5421	1.226831	0.8147602
60	-10393.13	-10622.32	229.1837	0.1109262	0.128523
66	-11687.3	-11914.35	227.0509	0.7167645	0.02258553
72	-9445.67	-9675.264	229.5936	0.1888021	0.2879053
78	-4851.143	-5076.066	224.9223	4.987621	0.4896779
84	-6192.722	-6421.135	228.4123	1.406918	0.7444882
90	-7314.07	-7543.229	229.1588	0.3322228	1.106894
96	-5837.01	-6065.05	228.0402	1.227196	1.298577
102	-5847.236	-6073.978	226.7413	0.5203755	2.65997
108	-4813.034	-5040.072	227.0384	2.777971	0.7487995
114	-5266.026	-5493.814	227.7872	1.451722	1.321621
120	-6076.583	-6304.724	228.1402	0.8950674	1.480022
126	-6413.957	-6639.13	225.1725	0.08787186	3.844803
132	-7802.13	-8031.051	228.9211	0.9628957	0.3942605
138	-6408.847	-6636.273	227.4263	0.6074917	2.172729
144	-5905.784	-6133.774	227.9907	1.485835	1.120095
150	-5501.245	-5728.978	227.7337	2.158439	0.600946
156	-8394.44	-8624.111	229.6701	0.167397	0.7156117
162	-5049.789	-5276.847	227.0583	1.855001	1.570764
168	-6633.443	-6860.289	226.8461	0.2068188	2.787834
174	-7783.494	-8012.761	229.2669	0.1589422	1.165124
180	-7563.176	-7792.243	229.0668	0.25978	1.249862
186	-5694.757	-5922.884	228.1264	1.200203	1.249862
192	-5790.235	-6018.361	228.1264	1.200203	1.249862
198	-8672.949	-8902.576	229.6267	0.2618484	0.6112753
204	-11022.13	-11250.7	228.5762	0.4438214	0.09051184
210	-10381.51	-10610.61	229.1059	0.3245138	0.1553348
216	-4862.724	-5089.962	227.2375	2.303032	1.061011
222	-5407.593	-5635.352	227.7585	2.150836	0.521072
228	-5181.845	-5409.525	227.6799	2.150836	0.7265804
234	-4841.997	-5068.289	226.2912	3.163259	1.139844
240	-7844.324	-8073.361	229.0365	0.8366867	0.3760898
246	-4693.15	-4918.989	225.8386	2.239827	2.143684
252	-5959.772	-6188.12	228.3479	0.8598288	1.346553
258	-5630.819	-5855.212	224.3931	0.4780466	4.067627
264	-5444.799	-5670.612	225.8133	0.4608199	3.254635
270	-7335.433	-7564.765	229.3318	0.4730748	0.7657215
276	-7332.465	-7561.97	229.5048	0.3090891	0.7526446
282	-7423.238	-7652.408	229.1706	0.2747547	1.148013
288	-5260.487	-5488.112	227.6243	1.821024	1.148013
294	-7398.362	-7627.706	229.3444	0.5085063	0.6887344
300	-4794.302	-5021.715	227.4129	2.242933	0.9459274
306	-9220.586	-9450.395	229.8091	0.04200466	0.3473251
312	-6390.382	-6618.704	228.3223	0.5370995	1.610107
318	-7906.55	-8136.18	229.6301	0.1368721	0.8172309
324	-6665.471	-6894.353	228.8823	0.5476209	1.161619
330	-5568.144	-5796.134	227.9897	1.893441	0.6253407
336	-8616.035	-8845.856	229.8207	0.0885868	0.4790583
342	-5313.163	-5540.024	226.8608	1.210392	2.1484
348	-5327.292	-5554.153	226.8608	1.210392	2.1484
354	-4933.84	-5160.768	226.9284	2.32699	1.308358
360	-4916.194	-5142.782	226.5882	2.667186	1.308358
366	-5618.893	-5845.429	226.5353	0.8469874	2.585478
372	-6648.399	-6876.542	228.1423	0.5907471	1.700614
378	-8372.493	-8602.145	229.6511	0.2582874	0.4805045
384	-4760.904	-4987.306	226.4019	3.508285	0.50248
390	-6099.082	-6327.046	227.9635	0.5692149	1.840245
396	-5269.946	-5497.848	227.9022	1.839982	0.8483284
402	-6954.165	-7183.056	228.8909	0.2030254	1.435421
408	-5326.57	-5554.241	227.6711	2.238719	0.5133326
414	-7851.628	-8081.075	229.4465	0.2202648	0.9342553
420	-7850.142	-8079.661	229.5199	0.2202648	0.8507242
426	-4796.181	-5020.54	224.3591	4.939919	1.272712
432	-6949.625	-7178.363	228.7374	0.5616261	1.272712
438	-6240.1	-6467.062	226.9621	0.1811051	2.732687
444	-6598.669	-6827.172	228.5036	1.406584	0.500087
450	-6958.974	-7187.405	228.4309	1.406584	0.3327906
456	-6964.143	-7192.505	228.3625	1.406584	0.2792277
462	-8847.826	-9075.647	227.8211	1.277724	0.09976678
468	-7108.553	-7337.63	229.0773	0.7930742	0.6545045
474	-8460.871	-8690.685	229.8144	0.09170197	0.4561599
480	-7638.594	-7868.2	229.6055	0.2218174	0.7319948
486	-6571.686	-6800.537	228.8511	0.379794	1.328043
492	-7262.709	-7491.896	229.1866	0.379794	1.036222
498	-6758.262	-6986.51	228.2483	0.2701536	1.850027
504	-6807.03	-7035.926	228.8962	0.6464114	1.058966
510	-4671.391	-4898.004	226.6127	3.23871	0.3475812
516	-5554.144	-5781.986	227.8414	1.031777	1.600065
522	-8059.619	-8289.165	229.5458	0.2664445	0.7550063
528	-7555.066	-7784.374	229.3085	0.5461236	0.6856788
534	-5067.993	-5295.749	227.756	1.885023	0.9615207
540	-9281.679	-9510.947	229.2679	0.3240899	0.1993801
546	-6681.865	-6910.533	228.668	0.3053295	1.526464
552	-4913.192	-5138.299	225.1068	4.197096	0.1301378
558	-7338.432	-7567.442	229.0094	0.2951073	1.268209
564	-5890.694	-6118.821	228.1261	1.227571	1.227127
570	-6834.889	-7063.716	228.827	1.080329	0.5382169
576	-7175.48	-7404.542	229.0615	0.8479669	0.4821504
582	-7571.69	-7800.829	229.139	0.7409258	0.3869455
588	-4733.575	-4959.554	225.9794	2.139055	2.117575
594	-4930.1	-5157.945	227.8452	1.930346	0.8061128
600	-7717.481	-7947.136	229.6549	0.1206833	0.8061128
606	-7527.685	-7756.962	229.2765	0.4990613	0.8061128
612	-6304.283	-6532.989	228.706	1.069513	0.8061128
618	-6725.428	-6954.253	228.8246	1.069513	0.5949089
624	-10895.98	-11124.64	228.6565	0.3542142	0.08949173
630	-5817.982	-6045.95	227.9678	0.9600938	1.560088
636	-8149.398	-8378.709	229.3105	0.5978073	0.4704113
642	-9733.418	-9963.086	229.6689	0.1485405	0.3144023
648	-7707.574	-7936.977	229.4024	0.147668	1.051963
654	-10436.21	-10665.27	229.0633	0.1287965	0.1123008
660	-7098.843	-7327.862	229.0193	0.8861175	0.5503511
666	-6010.442	-6238.331	227.8884	1.232814	1.414429
672	-6531.185	-6759.304	228.1195	1.680963	0.3008929
678	-8257.716	-8487.599	229.883	0.0189813	0.5665775
684	-7963.697	-8193.277	229.58	0.01327488	1.009928
690	-7447.745	-7676.936	229.191	0.1073474	1.273281
696	-7760.438	-7990.149	229.7114	0.1603269	0.6517434
702	-7649.922	-7879.406	229.4841	0.3947326	0.6358478
708	-6464.454	-6693.245	228.7911	1.111483	0.5640599
714	-5872.439	-6100.662	228.2229	1.265702	1.109149
720	-7079.857	-7308.493	228.6359	1.265702	0.4374302
726	-7897.69	-8126.897	229.2065	0.4489002	0.9464221
732	-5281.188	-5508.599	227.4107	1.599952	1.498583
738	-7904.283	-8133.618	229.3346	0.556037	0.6052765
744	-6583.666	-6812.171	228.5049	1.034767	1.061781
750	-7381.39	-7610.251	228.8603	1.034767	0.5920594
756	-7313.403	-7541.822	228.4187	1.443476	0.3607389
762	-11564.44	-11792.93	228.4815	0.2767815	0.06638616
768	-6603.845	-6832.495	228.6499	1.253174	0.5620604
774	-8519.123	-8748.689	229.5668	0.3359363	0.4415386
780	-7609.899	-7839.334	229.4343	0.440353	0.6452654
786	-5020.452	-5247.807	227.3554	2.421335	0.8046009
792	-6709.72	-6938.772	229.0523	0.7633623	0.7499731
798	-7104.651	-7333.853	229.2023	0.6133557	0.7499731
804	-8067.018	-8296.625	229.6062	0.2426195	0.6961378
810	-8458.769	-8688.504	229.7353	0.138724	0.6467028
816	-8468.926	-8698.694	229.7673	0.1067249	0.6467028
822	-7483.544	-7712.337	228.7924	0.1112275	1.577847
828	-5459.469	-5686.911	227.4412	2.448271	0.4050838
834	-8071.022	-8300.241	229.2189	0.6705483	0.4050838
840	-7619.331	-7848.519	229.1878	0.7182416	0.4562183
846	-5509.431	-5735.867	226.4351	0.8314111	2.656974
852	-5639.428	-5867.666	228.2378	1.649499	0.6147461
858	-8437.301	-8667.082	229.7811	0.1061879	0.6147461
864	-8245.747	-8474.213	228.4659	1.032113	0.1717291
870	-8681.55	-8910.587	229.0371	0.7275722	0.2764738
876	-8274.253	-8503.278	229.0246	0.7377802	0.2750637
882	-4952.404	-5176.273	223.8696	2.909293	2.953768
888	-4930.622	-5157.208	226.5854	2.839979	1.165575
894	-6420.136	-6648.096	227.9598	0.7903163	1.6885
900	-7243.321	-7471.907	228.5855	0.1452682	1.702261
906	-7017.285	-7245.994	228.7099	0.554653	1.300862
912	-6657.792	-6883.873	226.0812	0.01117398	3.361695
918	-8186.896	-8416.203	229.3068	0.132989	1.152935
924	-7754.491	-7983.291	228.7996	0.2034618	1.504284
930	-5596.232	-5823.857	227.6258	2.241078	0.6619199
936	-8762.587	-8992.36	229.7732	0.09363627	0.6619199
942	-8386.082	-8615.476	229.3945	0.515475	0.5086396
948	-6420.553	-6647.93	227.3769	0.839635	2.05306
954	-7109.18	-7337.92	228.7406	1.058704	0.7737891
960	-8564.72	-8794.083	229.3632	0.5091661	0.650381
966	-9875.577	-10104.91	229.337	0.3978087	0.2592164
972	-8083.949	-8312.837	228.8883	0.05159097	1.551225
978	-5178.318	-5404.234	225.9152	3.944638	0.3577311
984	-10321.9	-10551.36	229.4653	0.1880516	0.2216611
990	-7407.034	-7635.916	228.8816	0.06921824	1.543153
996	-8361.281	-8590.528	229.2472	0.6512507	0.4274919
